2026-04-21 15:20:56,276 | INFO | experiment=cnn_transformer_v2c | device=cuda | amp=True
2026-04-21 15:20:56,285 | INFO | use_cache=True | cache_root=/home/sanggyu1008/project/01_ENSO/01_data/05_cache/shared_dataset
2026-04-21 15:20:56,285 | INFO | cache_namespace=10vars | cache_namespace_source=explicit | cache_mode=on_demand | cache_version=1 | cache_dtype=float32 | cache_dir=/home/sanggyu1008/project/01_ENSO/01_data/05_cache/shared_dataset/10vars | data_signature=3bac236ffc2a6095c98e207b5a28c3a6faf07c9c
2026-04-21 15:20:56,285 | INFO | train pairs=14 | val pairs=2 | test pairs=1
2026-04-21 15:20:56,285 | INFO | train samples=36878 | val samples=1478 | test samples=517
2026-04-21 15:20:56,285 | INFO | input_vars=['tos', 'ohc300', 'mlotst', 'sos', 'uos', 'vos', 'uas', 'uasmax', 'vas', 'psl']
2026-04-21 15:20:56,285 | INFO | target_var=nino34
2026-04-21 15:20:56,285 | INFO | input_normalization enabled=True | eps=1e-06
2026-04-21 15:20:56,285 | INFO | train pair preview_count=5/14
2026-04-21 15:20:56,285 | INFO | train pair[1/14] file=input_ACCESS-CM2_historical_ssp370_r1i1p1f1.nc -> target_ACCESS-CM2_historical_ssp370_r1i1p1f1.nc
2026-04-21 15:20:56,285 | INFO | train pair[2/14] file=input_ACCESS-ESM1-5_historical_ssp370_r1i1p1f1.nc -> target_ACCESS-ESM1-5_historical_ssp370_r1i1p1f1.nc
2026-04-21 15:20:56,285 | INFO | train pair[3/14] file=input_ACCESS-ESM1-5_historical_ssp370_r2i1p1f1.nc -> target_ACCESS-ESM1-5_historical_ssp370_r2i1p1f1.nc
2026-04-21 15:20:56,285 | INFO | train pair[4/14] file=input_ACCESS-ESM1-5_historical_ssp370_r3i1p1f1.nc -> target_ACCESS-ESM1-5_historical_ssp370_r3i1p1f1.nc
2026-04-21 15:20:56,285 | INFO | train pair[5/14] file=input_CMCC-ESM2_historical_ssp370_r1i1p1f1.nc -> target_CMCC-ESM2_historical_ssp370_r1i1p1f1.nc
2026-04-21 15:20:56,286 | INFO | train excluded inputs=none
2026-04-21 15:20:56,286 | INFO | validation pair files=['validation_dataset_soda_20crv2_187101_197812.nc -> validation_target_soda_20crv2_187101_197812.nc', 'validation_dataset_oras5_era5_195801_197812.nc -> validation_target_oras5_era5_195801_197812.nc']
2026-04-21 15:20:56,356 | INFO | validation pair[1/2] name=soda_20crv2_1871_1978 | input=/home/sanggyu1008/project/01_ENSO/01_data/03_input/validation_dataset_soda_20crv2_187101_197812.nc | target=/home/sanggyu1008/project/01_ENSO/01_data/04_target/validation_target_soda_20crv2_187101_197812.nc
2026-04-21 15:20:56,356 | INFO | validation pair[1/2] file=validation_dataset_soda_20crv2_187101_197812.nc -> validation_target_soda_20crv2_187101_197812.nc | time_range=1871-01-01T00:00:00.000000000..1978-12-01T00:00:00.000000000 | init_range=1871-12-01T00:00:00.000000000..1976-12-01T00:00:00.000000000 | n_time=1296 | input_vars=['tos', 'ohc300', 'mlotst', 'sos', 'uos', 'vos', 'uas', 'uasmax', 'vas', 'psl'] | target_var=nino34 | valid_anchors=1261
2026-04-21 15:20:56,369 | INFO | validation pair[2/2] name=oras5_era5_1958_1978 | input=/home/sanggyu1008/project/01_ENSO/01_data/03_input/validation_dataset_oras5_era5_195801_197812.nc | target=/home/sanggyu1008/project/01_ENSO/01_data/04_target/validation_target_oras5_era5_195801_197812.nc
2026-04-21 15:20:56,369 | INFO | validation pair[2/2] file=validation_dataset_oras5_era5_195801_197812.nc -> validation_target_oras5_era5_195801_197812.nc | time_range=1958-01-01T00:00:00.000000000..1978-12-01T00:00:00.000000000 | init_range=1958-12-01T00:00:00.000000000..1976-12-01T00:00:00.000000000 | n_time=252 | input_vars=['tos', 'ohc300', 'mlotst', 'sos', 'uos', 'vos', 'uas', 'uasmax', 'vas', 'psl'] | target_var=nino34 | valid_anchors=217
2026-04-21 15:20:56,369 | INFO | test pair files=['test_dataset_godas_era5_198001_202512.nc -> test_target_nino34_ersstv5_198001_202512.nc']
2026-04-21 15:20:56,399 | INFO | test pair[1/1] name=godas_era5_input__ersstv5_nino34_target | input=/home/sanggyu1008/project/01_ENSO/01_data/03_input/test_dataset_godas_era5_198001_202512.nc | target=/home/sanggyu1008/project/01_ENSO/01_data/04_target/test_target_nino34_ersstv5_198001_202512.nc
2026-04-21 15:20:56,399 | INFO | test pair[1/1] file=test_dataset_godas_era5_198001_202512.nc -> test_target_nino34_ersstv5_198001_202512.nc | time_range=1980-01-01T00:00:00.000000000..2025-12-01T00:00:00.000000000 | init_range=1980-12-01T00:00:00.000000000..2023-12-01T00:00:00.000000000 | n_time=552 | input_vars=['tos', 'ohc300', 'mlotst', 'sos', 'uos', 'vos', 'uas', 'uasmax', 'vas', 'psl'] | target_var=nino34 | valid_anchors=517
2026-04-21 15:20:56,399 | INFO | run_test_each_epoch=False | run_final_test_after_training=False
2026-04-21 15:20:56,399 | INFO | best_metric=val_loss | best_metric_mode=min
2026-04-21 15:20:56,399 | INFO | input_norm_stats mean_shape=(10,) | std_shape=(10,)
2026-04-21 15:20:59,758 | INFO | model=cnn_transformer_v2c | trainable_params=685400
2026-04-21 15:21:08,354 | INFO | optimizer=AdamW | base_lr=2.000e-04 | warmup_epochs=0 | warmup_start_factor=0.100
2026-04-21 15:21:08,354 | INFO | train_loss=MSELoss | use_lead_loss_weights=False
2026-04-21 16:17:19,062 | INFO | epoch=001 | lr=2.000e-04 | train_loss=0.740290 | val_loss=0.648482 | val_corr=0.3236
2026-04-21 17:09:10,096 | INFO | epoch=002 | lr=2.000e-04 | train_loss=0.617733 | val_loss=0.642330 | val_corr=0.3564
2026-04-21 18:00:54,769 | INFO | epoch=003 | lr=2.000e-04 | train_loss=0.577729 | val_loss=0.780002 | val_corr=0.3377
2026-04-21 18:52:46,190 | INFO | epoch=004 | lr=2.000e-04 | train_loss=0.549341 | val_loss=0.712139 | val_corr=0.3498
2026-04-21 19:45:52,895 | INFO | epoch=005 | lr=2.000e-04 | train_loss=0.526732 | val_loss=0.726742 | val_corr=0.3473
2026-04-21 20:37:37,582 | INFO | epoch=006 | lr=2.000e-04 | train_loss=0.506610 | val_loss=0.713529 | val_corr=0.3489
2026-04-21 21:29:27,696 | INFO | epoch=007 | lr=1.000e-04 | train_loss=0.466665 | val_loss=0.739803 | val_corr=0.3416
2026-04-21 22:21:54,669 | INFO | epoch=008 | lr=1.000e-04 | train_loss=0.449621 | val_loss=0.727075 | val_corr=0.3371
2026-04-21 23:13:28,682 | INFO | epoch=009 | lr=1.000e-04 | train_loss=0.433948 | val_loss=0.689219 | val_corr=0.3556
2026-04-22 00:05:23,702 | INFO | epoch=010 | lr=1.000e-04 | train_loss=0.420504 | val_loss=0.710749 | val_corr=0.3450
2026-04-22 00:05:23,702 | INFO | early_stopping epoch=10 | best_epoch=2 | best_metric=val_loss | best_metric_mode=min | best_metric_value=0.642330
2026-04-22 00:05:24,014 | INFO | training_finished | best_epoch=2 | best_metric=val_loss | best_metric_mode=min | best_metric_value=0.642330
