2026-04-03 10:26:48,382 | INFO | experiment=cnn_transformer_baseline_v3d | device=cuda | amp=True
2026-04-03 10:26:48,382 | INFO | use_cache=True | cache_root=/home/sanggyu1008/project/01_ENSO/01_data/05_cache/cnn_transformer_baseline_v2
2026-04-03 10:26:48,382 | INFO | train pairs=17 | val pairs=1 | test pairs=1
2026-04-03 10:26:48,382 | INFO | train samples=16949 | val samples=913 | test samples=517
2026-04-03 10:26:48,383 | INFO | input_vars=['tos', 'ohc300', 'mlotst', 'sos', 'uos', 'vos', 'uas', 'uasmax', 'vas', 'psl']
2026-04-03 10:26:48,383 | INFO | target_var=nino34
2026-04-03 10:26:48,383 | INFO | input_normalization enabled=True | eps=1e-06
2026-04-03 10:26:48,383 | INFO | run_test_each_epoch=False | run_final_test_after_training=False
2026-04-03 10:26:48,383 | INFO | input_norm_stats mean_shape=(10,) | std_shape=(10,)
2026-04-03 10:26:49,869 | INFO | model=cnn_transformer_baseline | trainable_params=4376792
2026-04-03 10:26:53,243 | INFO | optimizer=AdamW | base_lr=3.000e-05 | warmup_epochs=0 | warmup_start_factor=0.100
2026-04-03 10:37:20,591 | INFO | epoch=001 | lr=3.000e-05 | train_loss=0.792159 | val_loss=0.700920 | val_corr=0.3310
2026-04-03 10:47:39,489 | INFO | epoch=002 | lr=3.000e-05 | train_loss=0.635477 | val_loss=0.696390 | val_corr=0.3329
2026-04-03 10:57:57,411 | INFO | epoch=003 | lr=3.000e-05 | train_loss=0.556888 | val_loss=0.833598 | val_corr=0.3151
2026-04-03 11:08:14,348 | INFO | epoch=004 | lr=3.000e-05 | train_loss=0.477854 | val_loss=0.981453 | val_corr=0.3189
2026-04-03 11:18:31,930 | INFO | epoch=005 | lr=3.000e-05 | train_loss=0.406810 | val_loss=1.263119 | val_corr=0.3298
2026-04-03 11:28:56,785 | INFO | epoch=006 | lr=3.000e-05 | train_loss=0.348122 | val_loss=1.011677 | val_corr=0.2867
2026-04-03 11:39:21,334 | INFO | epoch=007 | lr=1.500e-05 | train_loss=0.288125 | val_loss=1.095740 | val_corr=0.2885
2026-04-03 11:49:46,762 | INFO | epoch=008 | lr=1.500e-05 | train_loss=0.265488 | val_loss=1.088188 | val_corr=0.2816
2026-04-03 12:00:12,481 | INFO | epoch=009 | lr=1.500e-05 | train_loss=0.246656 | val_loss=1.067517 | val_corr=0.2797
2026-04-03 12:10:37,918 | INFO | epoch=010 | lr=1.500e-05 | train_loss=0.231420 | val_loss=1.114404 | val_corr=0.2777
2026-04-03 12:10:37,919 | INFO | early_stopping epoch=10 | best_epoch=2 | best_val_loss=0.696390
2026-04-03 12:10:37,920 | INFO | training_finished | best_epoch=2 | best_val_loss=0.696390
