2026-04-22 00:12:20,320 | INFO | experiment=cnn_transformer_v2g | device=cuda | amp=True
2026-04-22 00:12:20,320 | INFO | use_cache=True | cache_root=/home/sanggyu1008/project/01_ENSO/01_data/05_cache/shared_dataset
2026-04-22 00:12:20,320 | INFO | cache_namespace=10vars | cache_namespace_source=explicit | cache_mode=on_demand | cache_version=1 | cache_dtype=float32 | cache_dir=/home/sanggyu1008/project/01_ENSO/01_data/05_cache/shared_dataset/10vars | data_signature=3bac236ffc2a6095c98e207b5a28c3a6faf07c9c
2026-04-22 00:12:20,321 | INFO | train pairs=14 | val pairs=2 | test pairs=1
2026-04-22 00:12:20,321 | INFO | train samples=36878 | val samples=1478 | test samples=517
2026-04-22 00:12:20,321 | INFO | input_vars=['tos', 'ohc300', 'mlotst', 'sos', 'uos', 'vos', 'uas', 'uasmax', 'vas', 'psl']
2026-04-22 00:12:20,321 | INFO | target_var=nino34
2026-04-22 00:12:20,321 | INFO | input_normalization enabled=True | eps=1e-06
2026-04-22 00:12:20,321 | INFO | train pair preview_count=5/14
2026-04-22 00:12:20,321 | INFO | train pair[1/14] file=input_ACCESS-CM2_historical_ssp370_r1i1p1f1.nc -> target_ACCESS-CM2_historical_ssp370_r1i1p1f1.nc
2026-04-22 00:12:20,321 | INFO | train pair[2/14] file=input_ACCESS-ESM1-5_historical_ssp370_r1i1p1f1.nc -> target_ACCESS-ESM1-5_historical_ssp370_r1i1p1f1.nc
2026-04-22 00:12:20,321 | INFO | train pair[3/14] file=input_ACCESS-ESM1-5_historical_ssp370_r2i1p1f1.nc -> target_ACCESS-ESM1-5_historical_ssp370_r2i1p1f1.nc
2026-04-22 00:12:20,321 | INFO | train pair[4/14] file=input_ACCESS-ESM1-5_historical_ssp370_r3i1p1f1.nc -> target_ACCESS-ESM1-5_historical_ssp370_r3i1p1f1.nc
2026-04-22 00:12:20,321 | INFO | train pair[5/14] file=input_CMCC-ESM2_historical_ssp370_r1i1p1f1.nc -> target_CMCC-ESM2_historical_ssp370_r1i1p1f1.nc
2026-04-22 00:12:20,321 | INFO | train excluded inputs=none
2026-04-22 00:12:20,321 | INFO | validation pair files=['validation_dataset_soda_20crv2_187101_197812.nc -> validation_target_soda_20crv2_187101_197812.nc', 'validation_dataset_oras5_era5_195801_197812.nc -> validation_target_oras5_era5_195801_197812.nc']
2026-04-22 00:12:20,391 | INFO | validation pair[1/2] name=soda_20crv2_1871_1978 | input=/home/sanggyu1008/project/01_ENSO/01_data/03_input/validation_dataset_soda_20crv2_187101_197812.nc | target=/home/sanggyu1008/project/01_ENSO/01_data/04_target/validation_target_soda_20crv2_187101_197812.nc
2026-04-22 00:12:20,391 | INFO | validation pair[1/2] file=validation_dataset_soda_20crv2_187101_197812.nc -> validation_target_soda_20crv2_187101_197812.nc | time_range=1871-01-01T00:00:00.000000000..1978-12-01T00:00:00.000000000 | init_range=1871-12-01T00:00:00.000000000..1976-12-01T00:00:00.000000000 | n_time=1296 | input_vars=['tos', 'ohc300', 'mlotst', 'sos', 'uos', 'vos', 'uas', 'uasmax', 'vas', 'psl'] | target_var=nino34 | valid_anchors=1261
2026-04-22 00:12:20,404 | INFO | validation pair[2/2] name=oras5_era5_1958_1978 | input=/home/sanggyu1008/project/01_ENSO/01_data/03_input/validation_dataset_oras5_era5_195801_197812.nc | target=/home/sanggyu1008/project/01_ENSO/01_data/04_target/validation_target_oras5_era5_195801_197812.nc
2026-04-22 00:12:20,404 | INFO | validation pair[2/2] file=validation_dataset_oras5_era5_195801_197812.nc -> validation_target_oras5_era5_195801_197812.nc | time_range=1958-01-01T00:00:00.000000000..1978-12-01T00:00:00.000000000 | init_range=1958-12-01T00:00:00.000000000..1976-12-01T00:00:00.000000000 | n_time=252 | input_vars=['tos', 'ohc300', 'mlotst', 'sos', 'uos', 'vos', 'uas', 'uasmax', 'vas', 'psl'] | target_var=nino34 | valid_anchors=217
2026-04-22 00:12:20,404 | INFO | test pair files=['test_dataset_godas_era5_198001_202512.nc -> test_target_nino34_ersstv5_198001_202512.nc']
2026-04-22 00:12:20,433 | INFO | test pair[1/1] name=godas_era5_input__ersstv5_nino34_target | input=/home/sanggyu1008/project/01_ENSO/01_data/03_input/test_dataset_godas_era5_198001_202512.nc | target=/home/sanggyu1008/project/01_ENSO/01_data/04_target/test_target_nino34_ersstv5_198001_202512.nc
2026-04-22 00:12:20,433 | INFO | test pair[1/1] file=test_dataset_godas_era5_198001_202512.nc -> test_target_nino34_ersstv5_198001_202512.nc | time_range=1980-01-01T00:00:00.000000000..2025-12-01T00:00:00.000000000 | init_range=1980-12-01T00:00:00.000000000..2023-12-01T00:00:00.000000000 | n_time=552 | input_vars=['tos', 'ohc300', 'mlotst', 'sos', 'uos', 'vos', 'uas', 'uasmax', 'vas', 'psl'] | target_var=nino34 | valid_anchors=517
2026-04-22 00:12:20,433 | INFO | run_test_each_epoch=False | run_final_test_after_training=False
2026-04-22 00:12:20,433 | INFO | best_metric=val_loss | best_metric_mode=min
2026-04-22 00:12:20,433 | INFO | input_norm_stats mean_shape=(10,) | std_shape=(10,)
2026-04-22 00:12:22,454 | INFO | model=cnn_transformer_v2g | trainable_params=749121
2026-04-22 00:12:29,571 | INFO | optimizer=AdamW | base_lr=2.000e-04 | warmup_epochs=0 | warmup_start_factor=0.100
2026-04-22 00:12:29,572 | INFO | train_loss=MSELoss | use_lead_loss_weights=False
2026-04-22 01:04:12,552 | INFO | epoch=001 | lr=2.000e-04 | train_loss=0.736471 | val_loss=0.604372 | val_corr=0.3800
2026-04-22 01:55:29,039 | INFO | epoch=002 | lr=2.000e-04 | train_loss=0.607460 | val_loss=0.729485 | val_corr=0.3919
2026-04-22 02:46:43,715 | INFO | epoch=003 | lr=2.000e-04 | train_loss=0.576111 | val_loss=0.665389 | val_corr=0.4165
2026-04-22 03:37:59,025 | INFO | epoch=004 | lr=2.000e-04 | train_loss=0.550802 | val_loss=0.708860 | val_corr=0.4054
2026-04-22 04:29:13,997 | INFO | epoch=005 | lr=2.000e-04 | train_loss=0.530713 | val_loss=0.647583 | val_corr=0.4015
2026-04-22 05:20:29,178 | INFO | epoch=006 | lr=1.000e-04 | train_loss=0.490543 | val_loss=0.692255 | val_corr=0.4082
2026-04-22 06:11:44,753 | INFO | epoch=007 | lr=1.000e-04 | train_loss=0.468245 | val_loss=0.731231 | val_corr=0.4061
2026-04-22 07:03:00,472 | INFO | epoch=008 | lr=1.000e-04 | train_loss=0.446134 | val_loss=0.732717 | val_corr=0.3825
2026-04-22 07:54:15,551 | INFO | epoch=009 | lr=1.000e-04 | train_loss=0.425399 | val_loss=0.755654 | val_corr=0.3771
2026-04-22 07:54:15,552 | INFO | early_stopping epoch=9 | best_epoch=1 | best_metric=val_loss | best_metric_mode=min | best_metric_value=0.604372
2026-04-22 07:54:15,594 | INFO | training_finished | best_epoch=1 | best_metric=val_loss | best_metric_mode=min | best_metric_value=0.604372
