2026-04-08 16:18:15,095 | INFO | experiment=cnn_transformer_baseline_v5a | device=cuda | amp=True
2026-04-08 16:18:15,095 | INFO | use_cache=True | cache_root=/home/sanggyu1008/project/01_ENSO/01_data/05_cache/cnn_transformer_baseline
2026-04-08 16:18:15,096 | INFO | cache_namespace=multival_rerun_v1 | cache_mode=on_demand | cache_version=1 | cache_dtype=float32 | cache_dir=/home/sanggyu1008/project/01_ENSO/01_data/05_cache/cnn_transformer_baseline/multival_rerun_v1
2026-04-08 16:18:15,096 | INFO | train pairs=14 | val pairs=2 | test pairs=1
2026-04-08 16:18:15,096 | INFO | train samples=36878 | val samples=1478 | test samples=517
2026-04-08 16:18:15,096 | INFO | input_vars=['tos', 'ohc300', 'mlotst', 'sos', 'uos', 'vos', 'uas', 'uasmax', 'vas', 'psl']
2026-04-08 16:18:15,096 | INFO | target_var=nino34
2026-04-08 16:18:15,096 | INFO | input_normalization enabled=True | eps=1e-06
2026-04-08 16:18:15,096 | INFO | train pair preview_count=5/14
2026-04-08 16:18:15,097 | INFO | train pair[1/14] file=input_ACCESS-CM2_historical_ssp370_r1i1p1f1.nc -> target_ACCESS-CM2_historical_ssp370_r1i1p1f1.nc
2026-04-08 16:18:15,097 | INFO | train pair[2/14] file=input_ACCESS-ESM1-5_historical_ssp370_r1i1p1f1.nc -> target_ACCESS-ESM1-5_historical_ssp370_r1i1p1f1.nc
2026-04-08 16:18:15,097 | INFO | train pair[3/14] file=input_ACCESS-ESM1-5_historical_ssp370_r2i1p1f1.nc -> target_ACCESS-ESM1-5_historical_ssp370_r2i1p1f1.nc
2026-04-08 16:18:15,097 | INFO | train pair[4/14] file=input_ACCESS-ESM1-5_historical_ssp370_r3i1p1f1.nc -> target_ACCESS-ESM1-5_historical_ssp370_r3i1p1f1.nc
2026-04-08 16:18:15,097 | INFO | train pair[5/14] file=input_CMCC-ESM2_historical_ssp370_r1i1p1f1.nc -> target_CMCC-ESM2_historical_ssp370_r1i1p1f1.nc
2026-04-08 16:18:15,097 | INFO | train excluded inputs=none
2026-04-08 16:18:15,097 | INFO | validation pair files=['validation_dataset_soda_20crv2_187101_197812.nc -> validation_target_soda_20crv2_187101_197812.nc', 'validation_dataset_oras5_era5_195801_197812.nc -> validation_target_oras5_era5_195801_197812.nc']
2026-04-08 16:18:15,169 | INFO | validation pair[1/2] name=soda_20crv2_1871_1978 | input=/home/sanggyu1008/project/01_ENSO/01_data/03_input/validation_dataset_soda_20crv2_187101_197812.nc | target=/home/sanggyu1008/project/01_ENSO/01_data/04_target/validation_target_soda_20crv2_187101_197812.nc
2026-04-08 16:18:15,169 | INFO | validation pair[1/2] file=validation_dataset_soda_20crv2_187101_197812.nc -> validation_target_soda_20crv2_187101_197812.nc | time_range=1871-01-01T00:00:00.000000000..1978-12-01T00:00:00.000000000 | n_time=1296 | input_vars=['tos', 'ohc300', 'mlotst', 'sos', 'uos', 'vos', 'uas', 'uasmax', 'vas', 'psl'] | target_var=nino34 | valid_anchors=1261
2026-04-08 16:18:15,182 | INFO | validation pair[2/2] name=oras5_era5_1958_1978 | input=/home/sanggyu1008/project/01_ENSO/01_data/03_input/validation_dataset_oras5_era5_195801_197812.nc | target=/home/sanggyu1008/project/01_ENSO/01_data/04_target/validation_target_oras5_era5_195801_197812.nc
2026-04-08 16:18:15,182 | INFO | validation pair[2/2] file=validation_dataset_oras5_era5_195801_197812.nc -> validation_target_oras5_era5_195801_197812.nc | time_range=1958-01-01T00:00:00.000000000..1978-12-01T00:00:00.000000000 | n_time=252 | input_vars=['tos', 'ohc300', 'mlotst', 'sos', 'uos', 'vos', 'uas', 'uasmax', 'vas', 'psl'] | target_var=nino34 | valid_anchors=217
2026-04-08 16:18:15,182 | INFO | test pair files=['test_dataset_godas_era5_198001_202512.nc -> test_target_nino34_ersstv5_198001_202512.nc']
2026-04-08 16:18:15,212 | INFO | test pair[1/1] name=godas_era5_input__ersstv5_nino34_target | input=/home/sanggyu1008/project/01_ENSO/01_data/03_input/test_dataset_godas_era5_198001_202512.nc | target=/home/sanggyu1008/project/01_ENSO/01_data/04_target/test_target_nino34_ersstv5_198001_202512.nc
2026-04-08 16:18:15,212 | INFO | test pair[1/1] file=test_dataset_godas_era5_198001_202512.nc -> test_target_nino34_ersstv5_198001_202512.nc | time_range=1980-01-01T00:00:00.000000000..2025-12-01T00:00:00.000000000 | n_time=552 | input_vars=['tos', 'ohc300', 'mlotst', 'sos', 'uos', 'vos', 'uas', 'uasmax', 'vas', 'psl'] | target_var=nino34 | valid_anchors=517
2026-04-08 16:18:15,212 | INFO | run_test_each_epoch=False | run_final_test_after_training=False
2026-04-08 16:18:15,212 | INFO | best_metric=val_loss | best_metric_mode=min
2026-04-08 16:18:15,212 | INFO | input_norm_stats mean_shape=(10,) | std_shape=(10,)
2026-04-08 16:18:17,132 | INFO | model=cnn_transformer_baseline | trainable_params=4449473
2026-04-08 16:18:20,348 | INFO | optimizer=AdamW | base_lr=3.000e-05 | warmup_epochs=0 | warmup_start_factor=0.100
2026-04-08 16:41:55,106 | INFO | epoch=001 | lr=3.000e-05 | train_loss=0.807373 | val_loss=0.785940 | val_corr=0.3616
2026-04-08 17:04:59,340 | INFO | epoch=002 | lr=3.000e-05 | train_loss=0.598427 | val_loss=0.744834 | val_corr=0.3904
2026-04-08 17:28:02,367 | INFO | epoch=003 | lr=3.000e-05 | train_loss=0.530215 | val_loss=0.793224 | val_corr=0.3820
2026-04-08 17:51:28,473 | INFO | epoch=004 | lr=3.000e-05 | train_loss=0.475478 | val_loss=0.765833 | val_corr=0.3824
2026-04-08 18:14:57,657 | INFO | epoch=005 | lr=3.000e-05 | train_loss=0.419023 | val_loss=1.025249 | val_corr=0.3895
2026-04-08 18:37:49,630 | INFO | epoch=006 | lr=3.000e-05 | train_loss=0.369244 | val_loss=0.840382 | val_corr=0.3899
2026-04-08 19:00:40,324 | INFO | epoch=007 | lr=1.500e-05 | train_loss=0.309760 | val_loss=0.966813 | val_corr=0.3921
2026-04-08 19:23:16,914 | INFO | epoch=008 | lr=1.500e-05 | train_loss=0.284446 | val_loss=1.062017 | val_corr=0.3846
2026-04-08 19:45:53,800 | INFO | epoch=009 | lr=1.500e-05 | train_loss=0.262813 | val_loss=1.010697 | val_corr=0.3699
2026-04-08 20:08:44,112 | INFO | epoch=010 | lr=1.500e-05 | train_loss=0.244441 | val_loss=1.114258 | val_corr=0.3811
2026-04-08 20:08:44,113 | INFO | early_stopping epoch=10 | best_epoch=2 | best_metric=val_loss | best_metric_mode=min | best_metric_value=0.744834
2026-04-08 20:08:44,131 | INFO | training_finished | best_epoch=2 | best_metric=val_loss | best_metric_mode=min | best_metric_value=0.744834
