2026-04-02 15:53:57,301 | INFO | experiment=cnn_transformer_baseline_v1 | device=cuda | amp=True
2026-04-02 15:53:57,301 | INFO | use_cache=False | cache_root=/home/sanggyu1008/project/01_ENSO/01_data/05_cache/baseline
2026-04-02 15:53:57,302 | INFO | train pairs=17 | val pairs=1 | test pairs=1
2026-04-02 15:53:57,302 | INFO | train samples=16949 | val samples=913 | test samples=517
2026-04-02 15:53:57,302 | INFO | input_vars=['tos', 'ohc300', 'mlotst', 'sos', 'uos', 'vos', 'uas', 'uasmax', 'vas', 'psl']
2026-04-02 15:53:57,302 | INFO | target_var=nino34
2026-04-02 15:53:57,302 | INFO | input_normalization enabled=True | eps=1e-06
2026-04-02 15:53:57,302 | INFO | run_test_each_epoch=False | run_final_test_after_training=False
2026-04-02 15:53:57,302 | INFO | input_norm_stats mean_shape=(10,) | std_shape=(10,)
2026-04-02 15:53:58,732 | INFO | model=cnn_transformer_baseline | trainable_params=4311256
2026-04-02 15:53:59,373 | INFO | optimizer=AdamW | base_lr=1.000e-04 | warmup_epochs=0 | warmup_start_factor=0.100
2026-04-02 16:52:14,655 | INFO | experiment=cnn_transformer_baseline_v1 | device=cuda | amp=True
2026-04-02 16:52:14,655 | INFO | use_cache=True | cache_root=/home/sanggyu1008/project/01_ENSO/01_data/05_cache/cnn_transformer_baseline_v1
2026-04-02 16:52:14,655 | INFO | train pairs=17 | val pairs=1 | test pairs=1
2026-04-02 16:52:14,655 | INFO | train samples=16949 | val samples=913 | test samples=517
2026-04-02 16:52:14,655 | INFO | input_vars=['tos', 'ohc300', 'mlotst', 'sos', 'uos', 'vos', 'uas', 'uasmax', 'vas', 'psl']
2026-04-02 16:52:14,656 | INFO | target_var=nino34
2026-04-02 16:52:14,656 | INFO | input_normalization enabled=True | eps=1e-06
2026-04-02 16:52:14,656 | INFO | run_test_each_epoch=False | run_final_test_after_training=False
2026-04-02 16:52:14,656 | INFO | input_norm_stats mean_shape=(10,) | std_shape=(10,)
2026-04-02 16:52:16,174 | INFO | model=cnn_transformer_baseline | trainable_params=4311256
2026-04-02 16:52:16,689 | INFO | optimizer=AdamW | base_lr=1.000e-04 | warmup_epochs=0 | warmup_start_factor=0.100
2026-04-02 18:01:40,676 | INFO | epoch=001 | lr=1.000e-04 | train_loss=0.772429 | val_loss=0.885875 | val_corr=0.2475
2026-04-02 18:10:18,050 | INFO | experiment=cnn_transformer_baseline_v1 | device=cuda | amp=True
2026-04-02 18:10:18,050 | INFO | use_cache=True | cache_root=/home/sanggyu1008/project/01_ENSO/01_data/05_cache/cnn_transformer_baseline_v1
2026-04-02 18:10:18,050 | INFO | train pairs=17 | val pairs=1 | test pairs=1
2026-04-02 18:10:18,050 | INFO | train samples=16949 | val samples=913 | test samples=517
2026-04-02 18:10:18,050 | INFO | input_vars=['tos', 'ohc300', 'mlotst', 'sos', 'uos', 'vos', 'uas', 'uasmax', 'vas', 'psl']
2026-04-02 18:10:18,050 | INFO | target_var=nino34
2026-04-02 18:10:18,050 | INFO | input_normalization enabled=True | eps=1e-06
2026-04-02 18:10:18,050 | INFO | run_test_each_epoch=False | run_final_test_after_training=False
2026-04-02 18:10:18,050 | INFO | input_norm_stats mean_shape=(10,) | std_shape=(10,)
2026-04-02 18:10:20,224 | INFO | model=cnn_transformer_baseline | trainable_params=4311256
2026-04-02 18:10:23,847 | INFO | optimizer=AdamW | base_lr=1.000e-04 | warmup_epochs=0 | warmup_start_factor=0.100
2026-04-02 18:21:13,855 | INFO | epoch=001 | lr=1.000e-04 | train_loss=0.772429 | val_loss=0.885875 | val_corr=0.2475
2026-04-02 18:31:45,385 | INFO | epoch=002 | lr=1.000e-04 | train_loss=0.606024 | val_loss=1.048542 | val_corr=0.2630
2026-04-02 18:42:05,731 | INFO | epoch=003 | lr=1.000e-04 | train_loss=0.476048 | val_loss=0.904461 | val_corr=0.3045
2026-04-02 18:52:25,839 | INFO | epoch=004 | lr=1.000e-04 | train_loss=0.363778 | val_loss=0.914154 | val_corr=0.2892
2026-04-02 19:02:45,009 | INFO | epoch=005 | lr=1.000e-04 | train_loss=0.286742 | val_loss=1.071109 | val_corr=0.2755
2026-04-02 19:13:03,669 | INFO | epoch=006 | lr=5.000e-05 | train_loss=0.210650 | val_loss=0.953747 | val_corr=0.2910
2026-04-02 19:23:22,639 | INFO | epoch=007 | lr=5.000e-05 | train_loss=0.184466 | val_loss=0.899740 | val_corr=0.2944
2026-04-02 19:33:40,735 | INFO | epoch=008 | lr=5.000e-05 | train_loss=0.166920 | val_loss=0.933822 | val_corr=0.3038
2026-04-02 19:43:58,830 | INFO | epoch=009 | lr=5.000e-05 | train_loss=0.152751 | val_loss=0.888308 | val_corr=0.2990
2026-04-02 19:43:58,835 | INFO | early_stopping epoch=9 | best_epoch=1 | best_val_loss=0.885875
2026-04-02 19:43:59,280 | INFO | training_finished | best_epoch=1 | best_val_loss=0.885875
