2026-04-02 20:51:05,052 | INFO | experiment=cnn_transformer_baseline_v3b | device=cuda | amp=True
2026-04-02 20:51:05,052 | INFO | use_cache=True | cache_root=/home/sanggyu1008/project/01_ENSO/01_data/05_cache/cnn_transformer_baseline_v2
2026-04-02 20:51:05,052 | INFO | train pairs=17 | val pairs=1 | test pairs=1
2026-04-02 20:51:05,052 | INFO | train samples=16949 | val samples=913 | test samples=517
2026-04-02 20:51:05,052 | INFO | input_vars=['tos', 'ohc300', 'mlotst', 'sos', 'uos', 'vos', 'uas', 'uasmax', 'vas', 'psl']
2026-04-02 20:51:05,053 | INFO | target_var=nino34
2026-04-02 20:51:05,053 | INFO | input_normalization enabled=True | eps=1e-06
2026-04-02 20:51:05,053 | INFO | run_test_each_epoch=False | run_final_test_after_training=False
2026-04-02 20:51:05,053 | INFO | input_norm_stats mean_shape=(10,) | std_shape=(10,)
2026-04-02 20:51:06,607 | INFO | model=cnn_transformer_baseline | trainable_params=4376792
2026-04-02 20:51:07,241 | INFO | optimizer=AdamW | base_lr=1.000e-04 | warmup_epochs=0 | warmup_start_factor=0.100
2026-04-02 20:56:23,489 | INFO | experiment=cnn_transformer_baseline_v3b | device=cuda | amp=True
2026-04-02 20:56:23,489 | INFO | use_cache=True | cache_root=/home/sanggyu1008/project/01_ENSO/01_data/05_cache/cnn_transformer_baseline_v2
2026-04-02 20:56:23,490 | INFO | train pairs=17 | val pairs=1 | test pairs=1
2026-04-02 20:56:23,490 | INFO | train samples=16949 | val samples=913 | test samples=517
2026-04-02 20:56:23,490 | INFO | input_vars=['tos', 'ohc300', 'mlotst', 'sos', 'uos', 'vos', 'uas', 'uasmax', 'vas', 'psl']
2026-04-02 20:56:23,490 | INFO | target_var=nino34
2026-04-02 20:56:23,490 | INFO | input_normalization enabled=True | eps=1e-06
2026-04-02 20:56:23,490 | INFO | run_test_each_epoch=False | run_final_test_after_training=False
2026-04-02 20:56:23,490 | INFO | input_norm_stats mean_shape=(10,) | std_shape=(10,)
2026-04-02 20:56:25,078 | INFO | model=cnn_transformer_baseline | trainable_params=4376792
2026-04-02 20:56:25,575 | INFO | optimizer=AdamW | base_lr=1.000e-04 | warmup_epochs=0 | warmup_start_factor=0.100
2026-04-02 21:06:49,767 | INFO | epoch=001 | lr=1.000e-04 | train_loss=0.740649 | val_loss=0.692139 | val_corr=0.3393
2026-04-02 21:17:08,380 | INFO | epoch=002 | lr=1.000e-04 | train_loss=0.595020 | val_loss=0.743149 | val_corr=0.3139
2026-04-02 21:27:26,697 | INFO | epoch=003 | lr=1.000e-04 | train_loss=0.475805 | val_loss=0.906651 | val_corr=0.3146
2026-04-02 21:37:45,143 | INFO | epoch=004 | lr=1.000e-04 | train_loss=0.368295 | val_loss=1.109267 | val_corr=0.3239
2026-04-02 21:48:03,389 | INFO | epoch=005 | lr=1.000e-04 | train_loss=0.289977 | val_loss=1.293825 | val_corr=0.3181
2026-04-02 21:58:21,807 | INFO | epoch=006 | lr=5.000e-05 | train_loss=0.215932 | val_loss=1.093217 | val_corr=0.3117
2026-04-02 22:08:40,356 | INFO | epoch=007 | lr=5.000e-05 | train_loss=0.189613 | val_loss=1.038571 | val_corr=0.3197
2026-04-02 22:18:58,737 | INFO | epoch=008 | lr=5.000e-05 | train_loss=0.172773 | val_loss=1.025814 | val_corr=0.3096
2026-04-02 22:29:17,140 | INFO | epoch=009 | lr=5.000e-05 | train_loss=0.159447 | val_loss=1.057178 | val_corr=0.3082
2026-04-02 22:29:17,140 | INFO | early_stopping epoch=9 | best_epoch=1 | best_val_loss=0.692139
2026-04-02 22:29:17,141 | INFO | training_finished | best_epoch=1 | best_val_loss=0.692139
