2026-04-05 10:19:44,324 | INFO | experiment=cnn_transformer_baseline_v3h | device=cuda | amp=True
2026-04-05 10:19:44,325 | INFO | use_cache=True | cache_root=/home/sanggyu1008/project/01_ENSO/01_data/05_cache/cnn_transformer_baseline_v2
2026-04-05 10:19:44,325 | INFO | train pairs=17 | val pairs=1 | test pairs=1
2026-04-05 10:19:44,325 | INFO | train samples=16949 | val samples=913 | test samples=517
2026-04-05 10:19:44,325 | INFO | input_vars=['tos', 'ohc300', 'mlotst', 'sos', 'uos', 'vos', 'uas', 'uasmax', 'vas', 'psl']
2026-04-05 10:19:44,325 | INFO | target_var=nino34
2026-04-05 10:19:44,325 | INFO | input_normalization enabled=True | eps=1e-06
2026-04-05 10:19:44,325 | INFO | run_test_each_epoch=False | run_final_test_after_training=False
2026-04-05 10:19:44,325 | INFO | input_norm_stats mean_shape=(10,) | std_shape=(10,)
2026-04-05 10:19:45,834 | INFO | model=cnn_transformer_baseline | trainable_params=4376792
2026-04-05 10:19:48,195 | INFO | optimizer=AdamW | base_lr=2.000e-05 | warmup_epochs=0 | warmup_start_factor=0.100
2026-04-05 10:30:09,293 | INFO | epoch=001 | lr=2.000e-05 | train_loss=0.836015 | val_loss=0.685493 | val_corr=0.3334
2026-04-05 10:40:25,613 | INFO | epoch=002 | lr=2.000e-05 | train_loss=0.670145 | val_loss=0.699443 | val_corr=0.3358
2026-04-05 10:50:41,774 | INFO | epoch=003 | lr=2.000e-05 | train_loss=0.604575 | val_loss=0.772949 | val_corr=0.3365
2026-04-05 11:00:57,925 | INFO | epoch=004 | lr=2.000e-05 | train_loss=0.544783 | val_loss=0.875215 | val_corr=0.3351
2026-04-05 11:11:14,145 | INFO | epoch=005 | lr=2.000e-05 | train_loss=0.484805 | val_loss=0.968016 | val_corr=0.3365
2026-04-05 11:21:30,215 | INFO | epoch=006 | lr=1.000e-05 | train_loss=0.423488 | val_loss=0.923955 | val_corr=0.3238
2026-04-05 11:31:46,176 | INFO | epoch=007 | lr=1.000e-05 | train_loss=0.395679 | val_loss=1.050232 | val_corr=0.3152
2026-04-05 11:42:02,331 | INFO | epoch=008 | lr=1.000e-05 | train_loss=0.370284 | val_loss=0.916349 | val_corr=0.3016
2026-04-05 11:52:33,029 | INFO | epoch=009 | lr=1.000e-05 | train_loss=0.348246 | val_loss=0.990289 | val_corr=0.2939
2026-04-05 11:52:33,029 | INFO | early_stopping epoch=9 | best_epoch=1 | best_val_loss=0.685493
2026-04-05 11:52:33,031 | INFO | training_finished | best_epoch=1 | best_val_loss=0.685493
