2026-04-08 16:18:15,998 | INFO | experiment=cnn_transformer_baseline_v5b | device=cuda | amp=True
2026-04-08 16:18:15,998 | INFO | use_cache=True | cache_root=/home/sanggyu1008/project/01_ENSO/01_data/05_cache/cnn_transformer_baseline
2026-04-08 16:18:15,998 | INFO | cache_namespace=multival_rerun_v1 | cache_mode=on_demand | cache_version=1 | cache_dtype=float32 | cache_dir=/home/sanggyu1008/project/01_ENSO/01_data/05_cache/cnn_transformer_baseline/multival_rerun_v1
2026-04-08 16:18:15,998 | INFO | train pairs=14 | val pairs=2 | test pairs=1
2026-04-08 16:18:15,998 | INFO | train samples=36878 | val samples=1478 | test samples=517
2026-04-08 16:18:15,998 | INFO | input_vars=['tos', 'ohc300', 'mlotst', 'sos', 'uos', 'vos', 'uas', 'uasmax', 'vas', 'psl']
2026-04-08 16:18:15,998 | INFO | target_var=nino34
2026-04-08 16:18:15,998 | INFO | input_normalization enabled=True | eps=1e-06
2026-04-08 16:18:15,998 | INFO | train pair preview_count=5/14
2026-04-08 16:18:15,999 | INFO | train pair[1/14] file=input_ACCESS-CM2_historical_ssp370_r1i1p1f1.nc -> target_ACCESS-CM2_historical_ssp370_r1i1p1f1.nc
2026-04-08 16:18:15,999 | INFO | train pair[2/14] file=input_ACCESS-ESM1-5_historical_ssp370_r1i1p1f1.nc -> target_ACCESS-ESM1-5_historical_ssp370_r1i1p1f1.nc
2026-04-08 16:18:15,999 | INFO | train pair[3/14] file=input_ACCESS-ESM1-5_historical_ssp370_r2i1p1f1.nc -> target_ACCESS-ESM1-5_historical_ssp370_r2i1p1f1.nc
2026-04-08 16:18:15,999 | INFO | train pair[4/14] file=input_ACCESS-ESM1-5_historical_ssp370_r3i1p1f1.nc -> target_ACCESS-ESM1-5_historical_ssp370_r3i1p1f1.nc
2026-04-08 16:18:15,999 | INFO | train pair[5/14] file=input_CMCC-ESM2_historical_ssp370_r1i1p1f1.nc -> target_CMCC-ESM2_historical_ssp370_r1i1p1f1.nc
2026-04-08 16:18:15,999 | INFO | train excluded inputs=none
2026-04-08 16:18:15,999 | INFO | validation pair files=['validation_dataset_soda_20crv2_187101_197812.nc -> validation_target_soda_20crv2_187101_197812.nc', 'validation_dataset_oras5_era5_195801_197812.nc -> validation_target_oras5_era5_195801_197812.nc']
2026-04-08 16:18:16,068 | INFO | validation pair[1/2] name=soda_20crv2_1871_1978 | input=/home/sanggyu1008/project/01_ENSO/01_data/03_input/validation_dataset_soda_20crv2_187101_197812.nc | target=/home/sanggyu1008/project/01_ENSO/01_data/04_target/validation_target_soda_20crv2_187101_197812.nc
2026-04-08 16:18:16,068 | INFO | validation pair[1/2] file=validation_dataset_soda_20crv2_187101_197812.nc -> validation_target_soda_20crv2_187101_197812.nc | time_range=1871-01-01T00:00:00.000000000..1978-12-01T00:00:00.000000000 | n_time=1296 | input_vars=['tos', 'ohc300', 'mlotst', 'sos', 'uos', 'vos', 'uas', 'uasmax', 'vas', 'psl'] | target_var=nino34 | valid_anchors=1261
2026-04-08 16:18:16,082 | INFO | validation pair[2/2] name=oras5_era5_1958_1978 | input=/home/sanggyu1008/project/01_ENSO/01_data/03_input/validation_dataset_oras5_era5_195801_197812.nc | target=/home/sanggyu1008/project/01_ENSO/01_data/04_target/validation_target_oras5_era5_195801_197812.nc
2026-04-08 16:18:16,082 | INFO | validation pair[2/2] file=validation_dataset_oras5_era5_195801_197812.nc -> validation_target_oras5_era5_195801_197812.nc | time_range=1958-01-01T00:00:00.000000000..1978-12-01T00:00:00.000000000 | n_time=252 | input_vars=['tos', 'ohc300', 'mlotst', 'sos', 'uos', 'vos', 'uas', 'uasmax', 'vas', 'psl'] | target_var=nino34 | valid_anchors=217
2026-04-08 16:18:16,082 | INFO | test pair files=['test_dataset_godas_era5_198001_202512.nc -> test_target_nino34_ersstv5_198001_202512.nc']
2026-04-08 16:18:16,111 | INFO | test pair[1/1] name=godas_era5_input__ersstv5_nino34_target | input=/home/sanggyu1008/project/01_ENSO/01_data/03_input/test_dataset_godas_era5_198001_202512.nc | target=/home/sanggyu1008/project/01_ENSO/01_data/04_target/test_target_nino34_ersstv5_198001_202512.nc
2026-04-08 16:18:16,111 | INFO | test pair[1/1] file=test_dataset_godas_era5_198001_202512.nc -> test_target_nino34_ersstv5_198001_202512.nc | time_range=1980-01-01T00:00:00.000000000..2025-12-01T00:00:00.000000000 | n_time=552 | input_vars=['tos', 'ohc300', 'mlotst', 'sos', 'uos', 'vos', 'uas', 'uasmax', 'vas', 'psl'] | target_var=nino34 | valid_anchors=517
2026-04-08 16:18:16,111 | INFO | run_test_each_epoch=False | run_final_test_after_training=False
2026-04-08 16:18:16,111 | INFO | best_metric=val_loss | best_metric_mode=min
2026-04-08 16:18:16,111 | INFO | input_norm_stats mean_shape=(10,) | std_shape=(10,)
2026-04-08 16:18:18,039 | INFO | model=cnn_transformer_baseline | trainable_params=4709080
2026-04-08 16:18:20,348 | INFO | optimizer=AdamW | base_lr=3.000e-05 | warmup_epochs=0 | warmup_start_factor=0.100
2026-04-08 16:41:55,104 | INFO | epoch=001 | lr=3.000e-05 | train_loss=0.640364 | val_loss=0.745380 | val_corr=0.3719
2026-04-08 17:04:59,340 | INFO | epoch=002 | lr=3.000e-05 | train_loss=0.537950 | val_loss=0.779042 | val_corr=0.3639
2026-04-08 17:28:02,425 | INFO | epoch=003 | lr=3.000e-05 | train_loss=0.481951 | val_loss=0.911254 | val_corr=0.3685
2026-04-08 17:51:28,475 | INFO | epoch=004 | lr=3.000e-05 | train_loss=0.417814 | val_loss=0.899866 | val_corr=0.3560
2026-04-08 18:14:57,655 | INFO | epoch=005 | lr=3.000e-05 | train_loss=0.355967 | val_loss=0.831873 | val_corr=0.3568
2026-04-08 18:37:49,630 | INFO | epoch=006 | lr=1.500e-05 | train_loss=0.292970 | val_loss=1.046220 | val_corr=0.3615
2026-04-08 19:00:40,325 | INFO | epoch=007 | lr=1.500e-05 | train_loss=0.267093 | val_loss=0.996321 | val_corr=0.3637
2026-04-08 19:23:17,673 | INFO | epoch=008 | lr=1.500e-05 | train_loss=0.244667 | val_loss=0.978711 | val_corr=0.3637
2026-04-08 19:45:53,856 | INFO | epoch=009 | lr=1.500e-05 | train_loss=0.227324 | val_loss=1.054588 | val_corr=0.3614
2026-04-08 19:45:53,856 | INFO | early_stopping epoch=9 | best_epoch=1 | best_metric=val_loss | best_metric_mode=min | best_metric_value=0.745380
2026-04-08 19:45:53,975 | INFO | training_finished | best_epoch=1 | best_metric=val_loss | best_metric_mode=min | best_metric_value=0.745380
