2026-04-22 13:55:31,140 | INFO | experiment=cnn_transformer_v3a | device=cuda | amp=True
2026-04-22 13:55:31,141 | INFO | use_cache=True | cache_root=/home/sanggyu1008/project/01_ENSO/01_data/05_cache/shared_dataset
2026-04-22 13:55:31,141 | INFO | cache_namespace=10vars | cache_namespace_source=explicit | cache_mode=on_demand | cache_version=1 | cache_dtype=float32 | cache_dir=/home/sanggyu1008/project/01_ENSO/01_data/05_cache/shared_dataset/10vars | data_signature=3bac236ffc2a6095c98e207b5a28c3a6faf07c9c
2026-04-22 13:55:31,141 | INFO | train pairs=14 | val pairs=2 | test pairs=1
2026-04-22 13:55:31,141 | INFO | train samples=36878 | val samples=1478 | test samples=517
2026-04-22 13:55:31,141 | INFO | input_vars=['tos', 'ohc300', 'mlotst', 'sos', 'uos', 'vos', 'uas', 'uasmax', 'vas', 'psl']
2026-04-22 13:55:31,141 | INFO | target_var=nino34
2026-04-22 13:55:31,141 | INFO | input_normalization enabled=True | eps=1e-06
2026-04-22 13:55:31,141 | INFO | train pair preview_count=5/14
2026-04-22 13:55:31,141 | INFO | train pair[1/14] file=input_ACCESS-CM2_historical_ssp370_r1i1p1f1.nc -> target_ACCESS-CM2_historical_ssp370_r1i1p1f1.nc
2026-04-22 13:55:31,141 | INFO | train pair[2/14] file=input_ACCESS-ESM1-5_historical_ssp370_r1i1p1f1.nc -> target_ACCESS-ESM1-5_historical_ssp370_r1i1p1f1.nc
2026-04-22 13:55:31,141 | INFO | train pair[3/14] file=input_ACCESS-ESM1-5_historical_ssp370_r2i1p1f1.nc -> target_ACCESS-ESM1-5_historical_ssp370_r2i1p1f1.nc
2026-04-22 13:55:31,142 | INFO | train pair[4/14] file=input_ACCESS-ESM1-5_historical_ssp370_r3i1p1f1.nc -> target_ACCESS-ESM1-5_historical_ssp370_r3i1p1f1.nc
2026-04-22 13:55:31,142 | INFO | train pair[5/14] file=input_CMCC-ESM2_historical_ssp370_r1i1p1f1.nc -> target_CMCC-ESM2_historical_ssp370_r1i1p1f1.nc
2026-04-22 13:55:31,142 | INFO | train excluded inputs=none
2026-04-22 13:55:31,142 | INFO | validation pair files=['validation_dataset_soda_20crv2_187101_197812.nc -> validation_target_soda_20crv2_187101_197812.nc', 'validation_dataset_oras5_era5_195801_197812.nc -> validation_target_oras5_era5_195801_197812.nc']
2026-04-22 13:55:31,210 | INFO | validation pair[1/2] name=soda_20crv2_1871_1978 | input=/home/sanggyu1008/project/01_ENSO/01_data/03_input/validation_dataset_soda_20crv2_187101_197812.nc | target=/home/sanggyu1008/project/01_ENSO/01_data/04_target/validation_target_soda_20crv2_187101_197812.nc
2026-04-22 13:55:31,210 | INFO | validation pair[1/2] file=validation_dataset_soda_20crv2_187101_197812.nc -> validation_target_soda_20crv2_187101_197812.nc | time_range=1871-01-01T00:00:00.000000000..1978-12-01T00:00:00.000000000 | init_range=1871-12-01T00:00:00.000000000..1976-12-01T00:00:00.000000000 | n_time=1296 | input_vars=['tos', 'ohc300', 'mlotst', 'sos', 'uos', 'vos', 'uas', 'uasmax', 'vas', 'psl'] | target_var=nino34 | valid_anchors=1261
2026-04-22 13:55:31,223 | INFO | validation pair[2/2] name=oras5_era5_1958_1978 | input=/home/sanggyu1008/project/01_ENSO/01_data/03_input/validation_dataset_oras5_era5_195801_197812.nc | target=/home/sanggyu1008/project/01_ENSO/01_data/04_target/validation_target_oras5_era5_195801_197812.nc
2026-04-22 13:55:31,223 | INFO | validation pair[2/2] file=validation_dataset_oras5_era5_195801_197812.nc -> validation_target_oras5_era5_195801_197812.nc | time_range=1958-01-01T00:00:00.000000000..1978-12-01T00:00:00.000000000 | init_range=1958-12-01T00:00:00.000000000..1976-12-01T00:00:00.000000000 | n_time=252 | input_vars=['tos', 'ohc300', 'mlotst', 'sos', 'uos', 'vos', 'uas', 'uasmax', 'vas', 'psl'] | target_var=nino34 | valid_anchors=217
2026-04-22 13:55:31,224 | INFO | test pair files=['test_dataset_godas_era5_198001_202512.nc -> test_target_nino34_ersstv5_198001_202512.nc']
2026-04-22 13:55:31,251 | INFO | test pair[1/1] name=godas_era5_input__ersstv5_nino34_target | input=/home/sanggyu1008/project/01_ENSO/01_data/03_input/test_dataset_godas_era5_198001_202512.nc | target=/home/sanggyu1008/project/01_ENSO/01_data/04_target/test_target_nino34_ersstv5_198001_202512.nc
2026-04-22 13:55:31,251 | INFO | test pair[1/1] file=test_dataset_godas_era5_198001_202512.nc -> test_target_nino34_ersstv5_198001_202512.nc | time_range=1980-01-01T00:00:00.000000000..2025-12-01T00:00:00.000000000 | init_range=1980-12-01T00:00:00.000000000..2023-12-01T00:00:00.000000000 | n_time=552 | input_vars=['tos', 'ohc300', 'mlotst', 'sos', 'uos', 'vos', 'uas', 'uasmax', 'vas', 'psl'] | target_var=nino34 | valid_anchors=517
2026-04-22 13:55:31,251 | INFO | run_test_each_epoch=False | run_final_test_after_training=False
2026-04-22 13:55:31,251 | INFO | best_metric=val_loss | best_metric_mode=min
2026-04-22 13:55:31,251 | INFO | input_norm_stats mean_shape=(10,) | std_shape=(10,)
2026-04-22 13:55:35,939 | INFO | model=cnn_transformer_v3a | trainable_params=768440
2026-04-22 13:55:45,703 | INFO | optimizer=AdamW | base_lr=2.000e-04 | warmup_epochs=0 | warmup_start_factor=0.100
2026-04-22 13:55:45,703 | INFO | train_loss=MSELoss | use_lead_loss_weights=False
2026-04-22 14:47:37,771 | INFO | epoch=001 | lr=2.000e-04 | train_loss=0.759627 | val_loss=0.654150 | val_corr=0.3456
2026-04-22 15:39:19,371 | INFO | epoch=002 | lr=2.000e-04 | train_loss=0.614427 | val_loss=0.740725 | val_corr=0.3447
2026-04-22 16:30:54,231 | INFO | epoch=003 | lr=2.000e-04 | train_loss=0.577739 | val_loss=0.723056 | val_corr=0.3637
2026-04-22 17:22:32,653 | INFO | epoch=004 | lr=2.000e-04 | train_loss=0.549716 | val_loss=0.684126 | val_corr=0.3776
2026-04-22 18:14:11,706 | INFO | epoch=005 | lr=2.000e-04 | train_loss=0.525002 | val_loss=0.702557 | val_corr=0.3751
2026-04-22 19:05:56,061 | INFO | epoch=006 | lr=1.000e-04 | train_loss=0.485267 | val_loss=0.651511 | val_corr=0.3908
2026-04-22 19:57:37,108 | INFO | epoch=007 | lr=1.000e-04 | train_loss=0.465371 | val_loss=0.664602 | val_corr=0.3936
2026-04-22 20:49:14,126 | INFO | epoch=008 | lr=1.000e-04 | train_loss=0.446942 | val_loss=0.681001 | val_corr=0.3714
2026-04-22 21:40:50,589 | INFO | epoch=009 | lr=1.000e-04 | train_loss=0.428760 | val_loss=0.674454 | val_corr=0.3764
2026-04-22 22:32:25,659 | INFO | epoch=010 | lr=1.000e-04 | train_loss=0.412104 | val_loss=0.693426 | val_corr=0.3883
2026-04-22 23:23:59,580 | INFO | epoch=011 | lr=5.000e-05 | train_loss=0.383212 | val_loss=0.704702 | val_corr=0.3822
2026-04-23 00:15:34,167 | INFO | epoch=012 | lr=5.000e-05 | train_loss=0.372557 | val_loss=0.701729 | val_corr=0.3771
2026-04-23 01:07:09,405 | INFO | epoch=013 | lr=5.000e-05 | train_loss=0.361402 | val_loss=0.705941 | val_corr=0.3708
2026-04-23 01:58:48,533 | INFO | epoch=014 | lr=5.000e-05 | train_loss=0.351984 | val_loss=0.722338 | val_corr=0.3728
2026-04-23 01:58:48,533 | INFO | early_stopping epoch=14 | best_epoch=6 | best_metric=val_loss | best_metric_mode=min | best_metric_value=0.651511
2026-04-23 01:58:48,548 | INFO | training_finished | best_epoch=6 | best_metric=val_loss | best_metric_mode=min | best_metric_value=0.651511
2026-04-23 02:00:19,113 | INFO | experiment=cnn_transformer_v3a | device=cuda | amp=True
2026-04-23 02:00:19,114 | INFO | use_cache=True | cache_root=/home/sanggyu1008/project/01_ENSO/01_data/05_cache/shared_dataset
2026-04-23 02:00:19,114 | INFO | cache_namespace=10vars | cache_namespace_source=explicit | cache_mode=on_demand | cache_version=1 | cache_dtype=float32 | cache_dir=/home/sanggyu1008/project/01_ENSO/01_data/05_cache/shared_dataset/10vars | data_signature=3bac236ffc2a6095c98e207b5a28c3a6faf07c9c
2026-04-23 02:00:19,114 | INFO | train pairs=14 | val pairs=2 | test pairs=1
2026-04-23 02:00:19,114 | INFO | train samples=36878 | val samples=1478 | test samples=517
2026-04-23 02:00:19,114 | INFO | input_vars=['tos', 'ohc300', 'mlotst', 'sos', 'uos', 'vos', 'uas', 'uasmax', 'vas', 'psl']
2026-04-23 02:00:19,114 | INFO | target_var=nino34
2026-04-23 02:00:19,114 | INFO | input_normalization enabled=True | eps=1e-06
2026-04-23 02:00:19,114 | INFO | train pair preview_count=5/14
2026-04-23 02:00:19,114 | INFO | train pair[1/14] file=input_ACCESS-CM2_historical_ssp370_r1i1p1f1.nc -> target_ACCESS-CM2_historical_ssp370_r1i1p1f1.nc
2026-04-23 02:00:19,114 | INFO | train pair[2/14] file=input_ACCESS-ESM1-5_historical_ssp370_r1i1p1f1.nc -> target_ACCESS-ESM1-5_historical_ssp370_r1i1p1f1.nc
2026-04-23 02:00:19,114 | INFO | train pair[3/14] file=input_ACCESS-ESM1-5_historical_ssp370_r2i1p1f1.nc -> target_ACCESS-ESM1-5_historical_ssp370_r2i1p1f1.nc
2026-04-23 02:00:19,114 | INFO | train pair[4/14] file=input_ACCESS-ESM1-5_historical_ssp370_r3i1p1f1.nc -> target_ACCESS-ESM1-5_historical_ssp370_r3i1p1f1.nc
2026-04-23 02:00:19,114 | INFO | train pair[5/14] file=input_CMCC-ESM2_historical_ssp370_r1i1p1f1.nc -> target_CMCC-ESM2_historical_ssp370_r1i1p1f1.nc
2026-04-23 02:00:19,114 | INFO | train excluded inputs=none
2026-04-23 02:00:19,114 | INFO | validation pair files=['validation_dataset_soda_20crv2_187101_197812.nc -> validation_target_soda_20crv2_187101_197812.nc', 'validation_dataset_oras5_era5_195801_197812.nc -> validation_target_oras5_era5_195801_197812.nc']
2026-04-23 02:00:19,184 | INFO | validation pair[1/2] name=soda_20crv2_1871_1978 | input=/home/sanggyu1008/project/01_ENSO/01_data/03_input/validation_dataset_soda_20crv2_187101_197812.nc | target=/home/sanggyu1008/project/01_ENSO/01_data/04_target/validation_target_soda_20crv2_187101_197812.nc
2026-04-23 02:00:19,184 | INFO | validation pair[1/2] file=validation_dataset_soda_20crv2_187101_197812.nc -> validation_target_soda_20crv2_187101_197812.nc | time_range=1871-01-01T00:00:00.000000000..1978-12-01T00:00:00.000000000 | init_range=1871-12-01T00:00:00.000000000..1976-12-01T00:00:00.000000000 | n_time=1296 | input_vars=['tos', 'ohc300', 'mlotst', 'sos', 'uos', 'vos', 'uas', 'uasmax', 'vas', 'psl'] | target_var=nino34 | valid_anchors=1261
2026-04-23 02:00:19,197 | INFO | validation pair[2/2] name=oras5_era5_1958_1978 | input=/home/sanggyu1008/project/01_ENSO/01_data/03_input/validation_dataset_oras5_era5_195801_197812.nc | target=/home/sanggyu1008/project/01_ENSO/01_data/04_target/validation_target_oras5_era5_195801_197812.nc
2026-04-23 02:00:19,197 | INFO | validation pair[2/2] file=validation_dataset_oras5_era5_195801_197812.nc -> validation_target_oras5_era5_195801_197812.nc | time_range=1958-01-01T00:00:00.000000000..1978-12-01T00:00:00.000000000 | init_range=1958-12-01T00:00:00.000000000..1976-12-01T00:00:00.000000000 | n_time=252 | input_vars=['tos', 'ohc300', 'mlotst', 'sos', 'uos', 'vos', 'uas', 'uasmax', 'vas', 'psl'] | target_var=nino34 | valid_anchors=217
2026-04-23 02:00:19,197 | INFO | test pair files=['test_dataset_godas_era5_198001_202512.nc -> test_target_nino34_ersstv5_198001_202512.nc']
2026-04-23 02:00:19,226 | INFO | test pair[1/1] name=godas_era5_input__ersstv5_nino34_target | input=/home/sanggyu1008/project/01_ENSO/01_data/03_input/test_dataset_godas_era5_198001_202512.nc | target=/home/sanggyu1008/project/01_ENSO/01_data/04_target/test_target_nino34_ersstv5_198001_202512.nc
2026-04-23 02:00:19,226 | INFO | test pair[1/1] file=test_dataset_godas_era5_198001_202512.nc -> test_target_nino34_ersstv5_198001_202512.nc | time_range=1980-01-01T00:00:00.000000000..2025-12-01T00:00:00.000000000 | init_range=1980-12-01T00:00:00.000000000..2023-12-01T00:00:00.000000000 | n_time=552 | input_vars=['tos', 'ohc300', 'mlotst', 'sos', 'uos', 'vos', 'uas', 'uasmax', 'vas', 'psl'] | target_var=nino34 | valid_anchors=517
2026-04-23 02:00:19,226 | INFO | run_test_each_epoch=False | run_final_test_after_training=False
2026-04-23 02:00:19,226 | INFO | best_metric=val_loss | best_metric_mode=min
2026-04-23 02:00:19,226 | INFO | input_norm_stats mean_shape=(10,) | std_shape=(10,)
2026-04-23 02:00:59,238 | INFO | model=cnn_transformer_v3a | trainable_params=768440
2026-04-23 02:01:12,595 | INFO | optimizer=AdamW | base_lr=2.000e-04 | warmup_epochs=0 | warmup_start_factor=0.100
2026-04-23 02:01:12,595 | INFO | train_loss=MSELoss | use_lead_loss_weights=False
2026-04-23 02:54:02,996 | INFO | epoch=001 | lr=2.000e-04 | train_loss=0.759627 | val_loss=0.654150 | val_corr=0.3456
2026-04-23 03:45:40,056 | INFO | epoch=002 | lr=2.000e-04 | train_loss=0.614427 | val_loss=0.740725 | val_corr=0.3447
2026-04-23 04:37:17,183 | INFO | epoch=003 | lr=2.000e-04 | train_loss=0.577739 | val_loss=0.723056 | val_corr=0.3637
2026-04-23 05:28:51,813 | INFO | epoch=004 | lr=2.000e-04 | train_loss=0.549716 | val_loss=0.684126 | val_corr=0.3776
2026-04-23 06:20:25,392 | INFO | epoch=005 | lr=2.000e-04 | train_loss=0.525002 | val_loss=0.702557 | val_corr=0.3751
2026-04-23 07:11:59,246 | INFO | epoch=006 | lr=1.000e-04 | train_loss=0.485267 | val_loss=0.651511 | val_corr=0.3908
2026-04-23 08:03:33,999 | INFO | epoch=007 | lr=1.000e-04 | train_loss=0.465371 | val_loss=0.664602 | val_corr=0.3936
2026-04-23 08:55:08,429 | INFO | epoch=008 | lr=1.000e-04 | train_loss=0.446942 | val_loss=0.681001 | val_corr=0.3714
2026-04-23 09:46:48,031 | INFO | epoch=009 | lr=1.000e-04 | train_loss=0.428760 | val_loss=0.674454 | val_corr=0.3764
2026-04-23 10:38:21,202 | INFO | epoch=010 | lr=1.000e-04 | train_loss=0.412104 | val_loss=0.693426 | val_corr=0.3883
