2026-04-23 11:12:18,071 | INFO | experiment=cnn_transformer_v4a | device=cuda | amp=True
2026-04-23 11:12:18,071 | INFO | use_cache=True | cache_root=/home/sanggyu1008/project/01_ENSO/01_data/05_cache/shared_dataset
2026-04-23 11:12:18,071 | INFO | cache_namespace=10vars | cache_namespace_source=explicit | cache_mode=on_demand | cache_version=1 | cache_dtype=float32 | cache_dir=/home/sanggyu1008/project/01_ENSO/01_data/05_cache/shared_dataset/10vars | data_signature=3bac236ffc2a6095c98e207b5a28c3a6faf07c9c
2026-04-23 11:12:18,071 | INFO | train pairs=14 | val pairs=2 | test pairs=1
2026-04-23 11:12:18,071 | INFO | train samples=36878 | val samples=1478 | test samples=517
2026-04-23 11:12:18,071 | INFO | input_vars=['tos', 'ohc300', 'mlotst', 'sos', 'uos', 'vos', 'uas', 'uasmax', 'vas', 'psl']
2026-04-23 11:12:18,071 | INFO | target_var=nino34
2026-04-23 11:12:18,071 | INFO | input_normalization enabled=True | eps=1e-06
2026-04-23 11:12:18,071 | INFO | train pair preview_count=5/14
2026-04-23 11:12:18,072 | INFO | train pair[1/14] file=input_ACCESS-CM2_historical_ssp370_r1i1p1f1.nc -> target_ACCESS-CM2_historical_ssp370_r1i1p1f1.nc
2026-04-23 11:12:18,072 | INFO | train pair[2/14] file=input_ACCESS-ESM1-5_historical_ssp370_r1i1p1f1.nc -> target_ACCESS-ESM1-5_historical_ssp370_r1i1p1f1.nc
2026-04-23 11:12:18,072 | INFO | train pair[3/14] file=input_ACCESS-ESM1-5_historical_ssp370_r2i1p1f1.nc -> target_ACCESS-ESM1-5_historical_ssp370_r2i1p1f1.nc
2026-04-23 11:12:18,072 | INFO | train pair[4/14] file=input_ACCESS-ESM1-5_historical_ssp370_r3i1p1f1.nc -> target_ACCESS-ESM1-5_historical_ssp370_r3i1p1f1.nc
2026-04-23 11:12:18,072 | INFO | train pair[5/14] file=input_CMCC-ESM2_historical_ssp370_r1i1p1f1.nc -> target_CMCC-ESM2_historical_ssp370_r1i1p1f1.nc
2026-04-23 11:12:18,072 | INFO | train excluded inputs=none
2026-04-23 11:12:18,072 | INFO | validation pair files=['validation_dataset_soda_20crv2_187101_197812.nc -> validation_target_soda_20crv2_187101_197812.nc', 'validation_dataset_oras5_era5_195801_197812.nc -> validation_target_oras5_era5_195801_197812.nc']
2026-04-23 11:12:18,144 | INFO | validation pair[1/2] name=soda_20crv2_1871_1978 | input=/home/sanggyu1008/project/01_ENSO/01_data/03_input/validation_dataset_soda_20crv2_187101_197812.nc | target=/home/sanggyu1008/project/01_ENSO/01_data/04_target/validation_target_soda_20crv2_187101_197812.nc
2026-04-23 11:12:18,144 | INFO | validation pair[1/2] file=validation_dataset_soda_20crv2_187101_197812.nc -> validation_target_soda_20crv2_187101_197812.nc | time_range=1871-01-01T00:00:00.000000000..1978-12-01T00:00:00.000000000 | init_range=1871-12-01T00:00:00.000000000..1976-12-01T00:00:00.000000000 | n_time=1296 | input_vars=['tos', 'ohc300', 'mlotst', 'sos', 'uos', 'vos', 'uas', 'uasmax', 'vas', 'psl'] | target_var=nino34 | valid_anchors=1261
2026-04-23 11:12:18,158 | INFO | validation pair[2/2] name=oras5_era5_1958_1978 | input=/home/sanggyu1008/project/01_ENSO/01_data/03_input/validation_dataset_oras5_era5_195801_197812.nc | target=/home/sanggyu1008/project/01_ENSO/01_data/04_target/validation_target_oras5_era5_195801_197812.nc
2026-04-23 11:12:18,158 | INFO | validation pair[2/2] file=validation_dataset_oras5_era5_195801_197812.nc -> validation_target_oras5_era5_195801_197812.nc | time_range=1958-01-01T00:00:00.000000000..1978-12-01T00:00:00.000000000 | init_range=1958-12-01T00:00:00.000000000..1976-12-01T00:00:00.000000000 | n_time=252 | input_vars=['tos', 'ohc300', 'mlotst', 'sos', 'uos', 'vos', 'uas', 'uasmax', 'vas', 'psl'] | target_var=nino34 | valid_anchors=217
2026-04-23 11:12:18,158 | INFO | test pair files=['test_dataset_godas_era5_198001_202512.nc -> test_target_nino34_ersstv5_198001_202512.nc']
2026-04-23 11:12:18,188 | INFO | test pair[1/1] name=godas_era5_input__ersstv5_nino34_target | input=/home/sanggyu1008/project/01_ENSO/01_data/03_input/test_dataset_godas_era5_198001_202512.nc | target=/home/sanggyu1008/project/01_ENSO/01_data/04_target/test_target_nino34_ersstv5_198001_202512.nc
2026-04-23 11:12:18,188 | INFO | test pair[1/1] file=test_dataset_godas_era5_198001_202512.nc -> test_target_nino34_ersstv5_198001_202512.nc | time_range=1980-01-01T00:00:00.000000000..2025-12-01T00:00:00.000000000 | init_range=1980-12-01T00:00:00.000000000..2023-12-01T00:00:00.000000000 | n_time=552 | input_vars=['tos', 'ohc300', 'mlotst', 'sos', 'uos', 'vos', 'uas', 'uasmax', 'vas', 'psl'] | target_var=nino34 | valid_anchors=517
2026-04-23 11:12:18,188 | INFO | run_test_each_epoch=False | run_final_test_after_training=False
2026-04-23 11:12:18,188 | INFO | best_metric=val_loss | best_metric_mode=min
2026-04-23 11:12:18,188 | INFO | input_norm_stats mean_shape=(10,) | std_shape=(10,)
2026-04-23 11:12:20,095 | INFO | model=cnn_transformer_v4a | trainable_params=693464
2026-04-23 11:12:23,827 | INFO | optimizer=AdamW | base_lr=2.000e-04 | warmup_epochs=0 | warmup_start_factor=0.100
2026-04-23 11:12:23,827 | INFO | train_loss=MSELoss | use_lead_loss_weights=False
2026-04-23 12:04:48,136 | INFO | epoch=001 | lr=2.000e-04 | train_loss=0.751317 | val_loss=0.642606 | val_corr=0.3390
2026-04-23 12:56:19,372 | INFO | epoch=002 | lr=2.000e-04 | train_loss=0.629019 | val_loss=0.661353 | val_corr=0.3689
2026-04-23 13:47:58,420 | INFO | epoch=003 | lr=2.000e-04 | train_loss=0.571001 | val_loss=0.655966 | val_corr=0.3926
2026-04-23 14:39:14,734 | INFO | epoch=004 | lr=2.000e-04 | train_loss=0.538223 | val_loss=0.596802 | val_corr=0.4160
2026-04-23 15:30:31,329 | INFO | epoch=005 | lr=2.000e-04 | train_loss=0.508051 | val_loss=0.597907 | val_corr=0.4298
2026-04-23 16:30:34,556 | INFO | epoch=006 | lr=2.000e-04 | train_loss=0.473715 | val_loss=0.592271 | val_corr=0.4372
2026-04-23 17:26:34,467 | INFO | epoch=007 | lr=2.000e-04 | train_loss=0.437430 | val_loss=0.635368 | val_corr=0.4228
2026-04-23 18:17:57,985 | INFO | epoch=008 | lr=2.000e-04 | train_loss=0.401646 | val_loss=0.647128 | val_corr=0.4129
2026-04-23 19:09:14,605 | INFO | epoch=009 | lr=2.000e-04 | train_loss=0.368549 | val_loss=0.736517 | val_corr=0.4118
2026-04-23 20:00:33,490 | INFO | epoch=010 | lr=2.000e-04 | train_loss=0.338116 | val_loss=0.734192 | val_corr=0.3766
2026-04-23 20:51:51,799 | INFO | epoch=011 | lr=1.000e-04 | train_loss=0.283605 | val_loss=0.699026 | val_corr=0.3911
2026-04-23 21:43:08,889 | INFO | epoch=012 | lr=1.000e-04 | train_loss=0.262503 | val_loss=0.704985 | val_corr=0.3995
2026-04-23 22:34:25,200 | INFO | epoch=013 | lr=1.000e-04 | train_loss=0.245776 | val_loss=0.736702 | val_corr=0.4136
2026-04-23 23:25:42,410 | INFO | epoch=014 | lr=1.000e-04 | train_loss=0.230951 | val_loss=0.805026 | val_corr=0.3715
2026-04-23 23:25:42,426 | INFO | early_stopping epoch=14 | best_epoch=6 | best_metric=val_loss | best_metric_mode=min | best_metric_value=0.592271
2026-04-23 23:25:42,467 | INFO | training_finished | best_epoch=6 | best_metric=val_loss | best_metric_mode=min | best_metric_value=0.592271
