2026-04-21 14:59:17,780 | INFO | experiment=cnn_transformer_v2a | device=cuda | amp=True
2026-04-21 14:59:17,780 | INFO | use_cache=True | cache_root=/home/sanggyu1008/project/01_ENSO/01_data/05_cache/shared_dataset
2026-04-21 14:59:17,780 | INFO | cache_namespace=10vars | cache_namespace_source=explicit | cache_mode=on_demand | cache_version=1 | cache_dtype=float32 | cache_dir=/home/sanggyu1008/project/01_ENSO/01_data/05_cache/shared_dataset/10vars | data_signature=3bac236ffc2a6095c98e207b5a28c3a6faf07c9c
2026-04-21 14:59:17,780 | INFO | train pairs=14 | val pairs=2 | test pairs=1
2026-04-21 14:59:17,780 | INFO | train samples=36878 | val samples=1478 | test samples=517
2026-04-21 14:59:17,780 | INFO | input_vars=['tos', 'ohc300', 'mlotst', 'sos', 'uos', 'vos', 'uas', 'uasmax', 'vas', 'psl']
2026-04-21 14:59:17,780 | INFO | target_var=nino34
2026-04-21 14:59:17,781 | INFO | input_normalization enabled=True | eps=1e-06
2026-04-21 14:59:17,781 | INFO | train pair preview_count=5/14
2026-04-21 14:59:17,781 | INFO | train pair[1/14] file=input_ACCESS-CM2_historical_ssp370_r1i1p1f1.nc -> target_ACCESS-CM2_historical_ssp370_r1i1p1f1.nc
2026-04-21 14:59:17,781 | INFO | train pair[2/14] file=input_ACCESS-ESM1-5_historical_ssp370_r1i1p1f1.nc -> target_ACCESS-ESM1-5_historical_ssp370_r1i1p1f1.nc
2026-04-21 14:59:17,781 | INFO | train pair[3/14] file=input_ACCESS-ESM1-5_historical_ssp370_r2i1p1f1.nc -> target_ACCESS-ESM1-5_historical_ssp370_r2i1p1f1.nc
2026-04-21 14:59:17,781 | INFO | train pair[4/14] file=input_ACCESS-ESM1-5_historical_ssp370_r3i1p1f1.nc -> target_ACCESS-ESM1-5_historical_ssp370_r3i1p1f1.nc
2026-04-21 14:59:17,781 | INFO | train pair[5/14] file=input_CMCC-ESM2_historical_ssp370_r1i1p1f1.nc -> target_CMCC-ESM2_historical_ssp370_r1i1p1f1.nc
2026-04-21 14:59:17,781 | INFO | train excluded inputs=none
2026-04-21 14:59:17,781 | INFO | validation pair files=['validation_dataset_soda_20crv2_187101_197812.nc -> validation_target_soda_20crv2_187101_197812.nc', 'validation_dataset_oras5_era5_195801_197812.nc -> validation_target_oras5_era5_195801_197812.nc']
2026-04-21 14:59:17,849 | INFO | validation pair[1/2] name=soda_20crv2_1871_1978 | input=/home/sanggyu1008/project/01_ENSO/01_data/03_input/validation_dataset_soda_20crv2_187101_197812.nc | target=/home/sanggyu1008/project/01_ENSO/01_data/04_target/validation_target_soda_20crv2_187101_197812.nc
2026-04-21 14:59:17,849 | INFO | validation pair[1/2] file=validation_dataset_soda_20crv2_187101_197812.nc -> validation_target_soda_20crv2_187101_197812.nc | time_range=1871-01-01T00:00:00.000000000..1978-12-01T00:00:00.000000000 | init_range=1871-12-01T00:00:00.000000000..1976-12-01T00:00:00.000000000 | n_time=1296 | input_vars=['tos', 'ohc300', 'mlotst', 'sos', 'uos', 'vos', 'uas', 'uasmax', 'vas', 'psl'] | target_var=nino34 | valid_anchors=1261
2026-04-21 14:59:17,862 | INFO | validation pair[2/2] name=oras5_era5_1958_1978 | input=/home/sanggyu1008/project/01_ENSO/01_data/03_input/validation_dataset_oras5_era5_195801_197812.nc | target=/home/sanggyu1008/project/01_ENSO/01_data/04_target/validation_target_oras5_era5_195801_197812.nc
2026-04-21 14:59:17,862 | INFO | validation pair[2/2] file=validation_dataset_oras5_era5_195801_197812.nc -> validation_target_oras5_era5_195801_197812.nc | time_range=1958-01-01T00:00:00.000000000..1978-12-01T00:00:00.000000000 | init_range=1958-12-01T00:00:00.000000000..1976-12-01T00:00:00.000000000 | n_time=252 | input_vars=['tos', 'ohc300', 'mlotst', 'sos', 'uos', 'vos', 'uas', 'uasmax', 'vas', 'psl'] | target_var=nino34 | valid_anchors=217
2026-04-21 14:59:17,862 | INFO | test pair files=['test_dataset_godas_era5_198001_202512.nc -> test_target_nino34_ersstv5_198001_202512.nc']
2026-04-21 14:59:17,890 | INFO | test pair[1/1] name=godas_era5_input__ersstv5_nino34_target | input=/home/sanggyu1008/project/01_ENSO/01_data/03_input/test_dataset_godas_era5_198001_202512.nc | target=/home/sanggyu1008/project/01_ENSO/01_data/04_target/test_target_nino34_ersstv5_198001_202512.nc
2026-04-21 14:59:17,891 | INFO | test pair[1/1] file=test_dataset_godas_era5_198001_202512.nc -> test_target_nino34_ersstv5_198001_202512.nc | time_range=1980-01-01T00:00:00.000000000..2025-12-01T00:00:00.000000000 | init_range=1980-12-01T00:00:00.000000000..2023-12-01T00:00:00.000000000 | n_time=552 | input_vars=['tos', 'ohc300', 'mlotst', 'sos', 'uos', 'vos', 'uas', 'uasmax', 'vas', 'psl'] | target_var=nino34 | valid_anchors=517
2026-04-21 14:59:17,891 | INFO | run_test_each_epoch=False | run_final_test_after_training=False
2026-04-21 14:59:17,891 | INFO | best_metric=val_loss | best_metric_mode=min
2026-04-21 14:59:17,891 | INFO | input_norm_stats mean_shape=(10,) | std_shape=(10,)
2026-04-21 14:59:19,715 | INFO | model=cnn_transformer_v2a | trainable_params=693464
2026-04-21 14:59:20,260 | INFO | optimizer=AdamW | base_lr=2.000e-04 | warmup_epochs=0 | warmup_start_factor=0.100
2026-04-21 14:59:20,260 | INFO | train_loss=MSELoss | use_lead_loss_weights=False
2026-04-21 15:58:54,337 | INFO | epoch=001 | lr=2.000e-04 | train_loss=0.746795 | val_loss=0.718590 | val_corr=0.3671
2026-04-21 16:51:46,298 | INFO | epoch=002 | lr=2.000e-04 | train_loss=0.616401 | val_loss=0.720368 | val_corr=0.4025
2026-04-21 17:44:18,848 | INFO | epoch=003 | lr=2.000e-04 | train_loss=0.567914 | val_loss=0.683762 | val_corr=0.4142
2026-04-21 18:37:03,153 | INFO | epoch=004 | lr=2.000e-04 | train_loss=0.537622 | val_loss=0.665890 | val_corr=0.4258
2026-04-21 19:30:58,765 | INFO | epoch=005 | lr=2.000e-04 | train_loss=0.518014 | val_loss=0.612228 | val_corr=0.4384
2026-04-21 20:23:50,625 | INFO | epoch=006 | lr=2.000e-04 | train_loss=0.490987 | val_loss=0.662307 | val_corr=0.4296
2026-04-21 21:16:31,589 | INFO | epoch=007 | lr=2.000e-04 | train_loss=0.467292 | val_loss=0.737557 | val_corr=0.4363
2026-04-21 22:09:16,367 | INFO | epoch=008 | lr=2.000e-04 | train_loss=0.444104 | val_loss=0.660323 | val_corr=0.4153
2026-04-21 23:02:14,797 | INFO | epoch=009 | lr=2.000e-04 | train_loss=0.420930 | val_loss=0.690933 | val_corr=0.4312
2026-04-21 23:54:51,918 | INFO | epoch=010 | lr=1.000e-04 | train_loss=0.375801 | val_loss=0.797616 | val_corr=0.4191
2026-04-22 00:46:45,603 | INFO | epoch=011 | lr=1.000e-04 | train_loss=0.356685 | val_loss=0.712361 | val_corr=0.4287
2026-04-22 01:38:41,863 | INFO | epoch=012 | lr=1.000e-04 | train_loss=0.342628 | val_loss=0.722194 | val_corr=0.4365
2026-04-22 02:30:28,673 | INFO | epoch=013 | lr=1.000e-04 | train_loss=0.331641 | val_loss=0.748056 | val_corr=0.4338
2026-04-22 02:30:28,722 | INFO | early_stopping epoch=13 | best_epoch=5 | best_metric=val_loss | best_metric_mode=min | best_metric_value=0.612228
2026-04-22 02:30:28,789 | INFO | training_finished | best_epoch=5 | best_metric=val_loss | best_metric_mode=min | best_metric_value=0.612228
