2026-04-02 23:00:43,951 | INFO | experiment=cnn_transformer_baseline_v3c | device=cuda | amp=True
2026-04-02 23:00:43,951 | INFO | use_cache=True | cache_root=/home/sanggyu1008/project/01_ENSO/01_data/05_cache/cnn_transformer_baseline_v2
2026-04-02 23:00:43,951 | INFO | train pairs=17 | val pairs=1 | test pairs=1
2026-04-02 23:00:43,951 | INFO | train samples=16949 | val samples=913 | test samples=517
2026-04-02 23:00:43,951 | INFO | input_vars=['tos', 'ohc300', 'mlotst', 'sos', 'uos', 'vos', 'uas', 'uasmax', 'vas', 'psl']
2026-04-02 23:00:43,952 | INFO | target_var=nino34
2026-04-02 23:00:43,952 | INFO | input_normalization enabled=True | eps=1e-06
2026-04-02 23:00:43,952 | INFO | run_test_each_epoch=False | run_final_test_after_training=False
2026-04-02 23:00:43,952 | INFO | input_norm_stats mean_shape=(10,) | std_shape=(10,)
2026-04-02 23:00:45,460 | INFO | model=cnn_transformer_baseline | trainable_params=4376792
2026-04-02 23:00:46,053 | INFO | optimizer=AdamW | base_lr=5.000e-05 | warmup_epochs=0 | warmup_start_factor=0.100
2026-04-02 23:11:10,509 | INFO | epoch=001 | lr=5.000e-05 | train_loss=0.760416 | val_loss=0.718368 | val_corr=0.3348
2026-04-02 23:21:30,004 | INFO | epoch=002 | lr=5.000e-05 | train_loss=0.610399 | val_loss=0.722734 | val_corr=0.3260
2026-04-02 23:31:51,116 | INFO | epoch=003 | lr=5.000e-05 | train_loss=0.510217 | val_loss=0.889622 | val_corr=0.3218
2026-04-02 23:42:12,310 | INFO | epoch=004 | lr=5.000e-05 | train_loss=0.410079 | val_loss=1.166813 | val_corr=0.3124
2026-04-02 23:52:31,498 | INFO | epoch=005 | lr=5.000e-05 | train_loss=0.333834 | val_loss=1.049445 | val_corr=0.2984
2026-04-03 00:02:51,081 | INFO | epoch=006 | lr=2.500e-05 | train_loss=0.260513 | val_loss=1.060171 | val_corr=0.2820
2026-04-03 00:13:23,890 | INFO | epoch=007 | lr=2.500e-05 | train_loss=0.233074 | val_loss=1.068146 | val_corr=0.2941
2026-04-03 00:23:44,151 | INFO | epoch=008 | lr=2.500e-05 | train_loss=0.213758 | val_loss=1.051911 | val_corr=0.2981
2026-04-03 00:34:04,640 | INFO | epoch=009 | lr=2.500e-05 | train_loss=0.198141 | val_loss=1.108394 | val_corr=0.2996
2026-04-03 00:34:04,640 | INFO | early_stopping epoch=9 | best_epoch=1 | best_val_loss=0.718368
2026-04-03 00:34:04,689 | INFO | training_finished | best_epoch=1 | best_val_loss=0.718368
