2026-04-22 00:16:06,827 | INFO | experiment=cnn_transformer_v2e | device=cuda | amp=True
2026-04-22 00:16:06,828 | INFO | use_cache=True | cache_root=/home/sanggyu1008/project/01_ENSO/01_data/05_cache/shared_dataset
2026-04-22 00:16:06,828 | INFO | cache_namespace=10vars | cache_namespace_source=explicit | cache_mode=on_demand | cache_version=1 | cache_dtype=float32 | cache_dir=/home/sanggyu1008/project/01_ENSO/01_data/05_cache/shared_dataset/10vars | data_signature=3bac236ffc2a6095c98e207b5a28c3a6faf07c9c
2026-04-22 00:16:06,828 | INFO | train pairs=14 | val pairs=2 | test pairs=1
2026-04-22 00:16:06,828 | INFO | train samples=36878 | val samples=1478 | test samples=517
2026-04-22 00:16:06,828 | INFO | input_vars=['tos', 'ohc300', 'mlotst', 'sos', 'uos', 'vos', 'uas', 'uasmax', 'vas', 'psl']
2026-04-22 00:16:06,828 | INFO | target_var=nino34
2026-04-22 00:16:06,828 | INFO | input_normalization enabled=True | eps=1e-06
2026-04-22 00:16:06,828 | INFO | train pair preview_count=5/14
2026-04-22 00:16:06,828 | INFO | train pair[1/14] file=input_ACCESS-CM2_historical_ssp370_r1i1p1f1.nc -> target_ACCESS-CM2_historical_ssp370_r1i1p1f1.nc
2026-04-22 00:16:06,828 | INFO | train pair[2/14] file=input_ACCESS-ESM1-5_historical_ssp370_r1i1p1f1.nc -> target_ACCESS-ESM1-5_historical_ssp370_r1i1p1f1.nc
2026-04-22 00:16:06,828 | INFO | train pair[3/14] file=input_ACCESS-ESM1-5_historical_ssp370_r2i1p1f1.nc -> target_ACCESS-ESM1-5_historical_ssp370_r2i1p1f1.nc
2026-04-22 00:16:06,828 | INFO | train pair[4/14] file=input_ACCESS-ESM1-5_historical_ssp370_r3i1p1f1.nc -> target_ACCESS-ESM1-5_historical_ssp370_r3i1p1f1.nc
2026-04-22 00:16:06,828 | INFO | train pair[5/14] file=input_CMCC-ESM2_historical_ssp370_r1i1p1f1.nc -> target_CMCC-ESM2_historical_ssp370_r1i1p1f1.nc
2026-04-22 00:16:06,828 | INFO | train excluded inputs=none
2026-04-22 00:16:06,828 | INFO | validation pair files=['validation_dataset_soda_20crv2_187101_197812.nc -> validation_target_soda_20crv2_187101_197812.nc', 'validation_dataset_oras5_era5_195801_197812.nc -> validation_target_oras5_era5_195801_197812.nc']
2026-04-22 00:16:06,898 | INFO | validation pair[1/2] name=soda_20crv2_1871_1978 | input=/home/sanggyu1008/project/01_ENSO/01_data/03_input/validation_dataset_soda_20crv2_187101_197812.nc | target=/home/sanggyu1008/project/01_ENSO/01_data/04_target/validation_target_soda_20crv2_187101_197812.nc
2026-04-22 00:16:06,898 | INFO | validation pair[1/2] file=validation_dataset_soda_20crv2_187101_197812.nc -> validation_target_soda_20crv2_187101_197812.nc | time_range=1871-01-01T00:00:00.000000000..1978-12-01T00:00:00.000000000 | init_range=1871-12-01T00:00:00.000000000..1976-12-01T00:00:00.000000000 | n_time=1296 | input_vars=['tos', 'ohc300', 'mlotst', 'sos', 'uos', 'vos', 'uas', 'uasmax', 'vas', 'psl'] | target_var=nino34 | valid_anchors=1261
2026-04-22 00:16:06,911 | INFO | validation pair[2/2] name=oras5_era5_1958_1978 | input=/home/sanggyu1008/project/01_ENSO/01_data/03_input/validation_dataset_oras5_era5_195801_197812.nc | target=/home/sanggyu1008/project/01_ENSO/01_data/04_target/validation_target_oras5_era5_195801_197812.nc
2026-04-22 00:16:06,911 | INFO | validation pair[2/2] file=validation_dataset_oras5_era5_195801_197812.nc -> validation_target_oras5_era5_195801_197812.nc | time_range=1958-01-01T00:00:00.000000000..1978-12-01T00:00:00.000000000 | init_range=1958-12-01T00:00:00.000000000..1976-12-01T00:00:00.000000000 | n_time=252 | input_vars=['tos', 'ohc300', 'mlotst', 'sos', 'uos', 'vos', 'uas', 'uasmax', 'vas', 'psl'] | target_var=nino34 | valid_anchors=217
2026-04-22 00:16:06,911 | INFO | test pair files=['test_dataset_godas_era5_198001_202512.nc -> test_target_nino34_ersstv5_198001_202512.nc']
2026-04-22 00:16:06,940 | INFO | test pair[1/1] name=godas_era5_input__ersstv5_nino34_target | input=/home/sanggyu1008/project/01_ENSO/01_data/03_input/test_dataset_godas_era5_198001_202512.nc | target=/home/sanggyu1008/project/01_ENSO/01_data/04_target/test_target_nino34_ersstv5_198001_202512.nc
2026-04-22 00:16:06,940 | INFO | test pair[1/1] file=test_dataset_godas_era5_198001_202512.nc -> test_target_nino34_ersstv5_198001_202512.nc | time_range=1980-01-01T00:00:00.000000000..2025-12-01T00:00:00.000000000 | init_range=1980-12-01T00:00:00.000000000..2023-12-01T00:00:00.000000000 | n_time=552 | input_vars=['tos', 'ohc300', 'mlotst', 'sos', 'uos', 'vos', 'uas', 'uasmax', 'vas', 'psl'] | target_var=nino34 | valid_anchors=517
2026-04-22 00:16:06,940 | INFO | run_test_each_epoch=False | run_final_test_after_training=False
2026-04-22 00:16:06,940 | INFO | best_metric=val_loss | best_metric_mode=min
2026-04-22 00:16:06,940 | INFO | input_norm_stats mean_shape=(10,) | std_shape=(10,)
2026-04-22 00:16:09,258 | INFO | model=cnn_transformer_v2e | trainable_params=696129
2026-04-22 00:16:09,864 | INFO | optimizer=AdamW | base_lr=2.000e-04 | warmup_epochs=0 | warmup_start_factor=0.100
2026-04-22 00:16:09,864 | INFO | train_loss=MSELoss | use_lead_loss_weights=False
2026-04-22 01:08:00,009 | INFO | epoch=001 | lr=2.000e-04 | train_loss=0.857955 | val_loss=0.748469 | val_corr=0.3060
2026-04-22 01:59:51,841 | INFO | epoch=002 | lr=2.000e-04 | train_loss=0.636814 | val_loss=0.702480 | val_corr=0.3724
2026-04-22 02:51:42,737 | INFO | epoch=003 | lr=2.000e-04 | train_loss=0.576355 | val_loss=0.703759 | val_corr=0.3825
2026-04-22 03:43:33,891 | INFO | epoch=004 | lr=2.000e-04 | train_loss=0.547760 | val_loss=0.756887 | val_corr=0.3915
2026-04-22 04:35:23,947 | INFO | epoch=005 | lr=2.000e-04 | train_loss=0.522809 | val_loss=0.736537 | val_corr=0.3857
2026-04-22 05:27:14,461 | INFO | epoch=006 | lr=2.000e-04 | train_loss=0.495865 | val_loss=0.701760 | val_corr=0.3874
2026-04-22 06:19:06,310 | INFO | epoch=007 | lr=2.000e-04 | train_loss=0.469088 | val_loss=0.784455 | val_corr=0.3754
2026-04-22 07:10:56,458 | INFO | epoch=008 | lr=2.000e-04 | train_loss=0.442498 | val_loss=0.998792 | val_corr=0.3764
2026-04-22 08:02:45,938 | INFO | epoch=009 | lr=2.000e-04 | train_loss=0.417255 | val_loss=0.880852 | val_corr=0.3653
2026-04-22 08:54:23,740 | INFO | epoch=010 | lr=2.000e-04 | train_loss=0.390787 | val_loss=0.970883 | val_corr=0.3725
2026-04-22 09:47:09,566 | INFO | epoch=011 | lr=1.000e-04 | train_loss=0.347172 | val_loss=0.939260 | val_corr=0.3628
2026-04-22 10:39:20,927 | INFO | epoch=012 | lr=1.000e-04 | train_loss=0.327849 | val_loss=0.873907 | val_corr=0.3680
2026-04-22 11:35:46,978 | INFO | epoch=013 | lr=1.000e-04 | train_loss=0.314137 | val_loss=0.924744 | val_corr=0.3534
2026-04-22 12:27:31,523 | INFO | epoch=014 | lr=1.000e-04 | train_loss=0.300412 | val_loss=0.912263 | val_corr=0.3581
2026-04-22 12:27:31,524 | INFO | early_stopping epoch=14 | best_epoch=6 | best_metric=val_loss | best_metric_mode=min | best_metric_value=0.701760
2026-04-22 12:27:31,532 | INFO | training_finished | best_epoch=6 | best_metric=val_loss | best_metric_mode=min | best_metric_value=0.701760
