2026-04-21 23:20:28,458 | INFO | experiment=cnn_transformer_v2f | device=cuda | amp=True
2026-04-21 23:20:28,458 | INFO | use_cache=True | cache_root=/home/sanggyu1008/project/01_ENSO/01_data/05_cache/shared_dataset
2026-04-21 23:20:28,458 | INFO | cache_namespace=10vars | cache_namespace_source=explicit | cache_mode=on_demand | cache_version=1 | cache_dtype=float32 | cache_dir=/home/sanggyu1008/project/01_ENSO/01_data/05_cache/shared_dataset/10vars | data_signature=3bac236ffc2a6095c98e207b5a28c3a6faf07c9c
2026-04-21 23:20:28,458 | INFO | train pairs=14 | val pairs=2 | test pairs=1
2026-04-21 23:20:28,458 | INFO | train samples=36878 | val samples=1478 | test samples=517
2026-04-21 23:20:28,458 | INFO | input_vars=['tos', 'ohc300', 'mlotst', 'sos', 'uos', 'vos', 'uas', 'uasmax', 'vas', 'psl']
2026-04-21 23:20:28,459 | INFO | target_var=nino34
2026-04-21 23:20:28,459 | INFO | input_normalization enabled=True | eps=1e-06
2026-04-21 23:20:28,459 | INFO | train pair preview_count=5/14
2026-04-21 23:20:28,459 | INFO | train pair[1/14] file=input_ACCESS-CM2_historical_ssp370_r1i1p1f1.nc -> target_ACCESS-CM2_historical_ssp370_r1i1p1f1.nc
2026-04-21 23:20:28,459 | INFO | train pair[2/14] file=input_ACCESS-ESM1-5_historical_ssp370_r1i1p1f1.nc -> target_ACCESS-ESM1-5_historical_ssp370_r1i1p1f1.nc
2026-04-21 23:20:28,459 | INFO | train pair[3/14] file=input_ACCESS-ESM1-5_historical_ssp370_r2i1p1f1.nc -> target_ACCESS-ESM1-5_historical_ssp370_r2i1p1f1.nc
2026-04-21 23:20:28,459 | INFO | train pair[4/14] file=input_ACCESS-ESM1-5_historical_ssp370_r3i1p1f1.nc -> target_ACCESS-ESM1-5_historical_ssp370_r3i1p1f1.nc
2026-04-21 23:20:28,459 | INFO | train pair[5/14] file=input_CMCC-ESM2_historical_ssp370_r1i1p1f1.nc -> target_CMCC-ESM2_historical_ssp370_r1i1p1f1.nc
2026-04-21 23:20:28,459 | INFO | train excluded inputs=none
2026-04-21 23:20:28,459 | INFO | validation pair files=['validation_dataset_soda_20crv2_187101_197812.nc -> validation_target_soda_20crv2_187101_197812.nc', 'validation_dataset_oras5_era5_195801_197812.nc -> validation_target_oras5_era5_195801_197812.nc']
2026-04-21 23:20:28,527 | INFO | validation pair[1/2] name=soda_20crv2_1871_1978 | input=/home/sanggyu1008/project/01_ENSO/01_data/03_input/validation_dataset_soda_20crv2_187101_197812.nc | target=/home/sanggyu1008/project/01_ENSO/01_data/04_target/validation_target_soda_20crv2_187101_197812.nc
2026-04-21 23:20:28,527 | INFO | validation pair[1/2] file=validation_dataset_soda_20crv2_187101_197812.nc -> validation_target_soda_20crv2_187101_197812.nc | time_range=1871-01-01T00:00:00.000000000..1978-12-01T00:00:00.000000000 | init_range=1871-12-01T00:00:00.000000000..1976-12-01T00:00:00.000000000 | n_time=1296 | input_vars=['tos', 'ohc300', 'mlotst', 'sos', 'uos', 'vos', 'uas', 'uasmax', 'vas', 'psl'] | target_var=nino34 | valid_anchors=1261
2026-04-21 23:20:28,540 | INFO | validation pair[2/2] name=oras5_era5_1958_1978 | input=/home/sanggyu1008/project/01_ENSO/01_data/03_input/validation_dataset_oras5_era5_195801_197812.nc | target=/home/sanggyu1008/project/01_ENSO/01_data/04_target/validation_target_oras5_era5_195801_197812.nc
2026-04-21 23:20:28,540 | INFO | validation pair[2/2] file=validation_dataset_oras5_era5_195801_197812.nc -> validation_target_oras5_era5_195801_197812.nc | time_range=1958-01-01T00:00:00.000000000..1978-12-01T00:00:00.000000000 | init_range=1958-12-01T00:00:00.000000000..1976-12-01T00:00:00.000000000 | n_time=252 | input_vars=['tos', 'ohc300', 'mlotst', 'sos', 'uos', 'vos', 'uas', 'uasmax', 'vas', 'psl'] | target_var=nino34 | valid_anchors=217
2026-04-21 23:20:28,540 | INFO | test pair files=['test_dataset_godas_era5_198001_202512.nc -> test_target_nino34_ersstv5_198001_202512.nc']
2026-04-21 23:20:28,568 | INFO | test pair[1/1] name=godas_era5_input__ersstv5_nino34_target | input=/home/sanggyu1008/project/01_ENSO/01_data/03_input/test_dataset_godas_era5_198001_202512.nc | target=/home/sanggyu1008/project/01_ENSO/01_data/04_target/test_target_nino34_ersstv5_198001_202512.nc
2026-04-21 23:20:28,568 | INFO | test pair[1/1] file=test_dataset_godas_era5_198001_202512.nc -> test_target_nino34_ersstv5_198001_202512.nc | time_range=1980-01-01T00:00:00.000000000..2025-12-01T00:00:00.000000000 | init_range=1980-12-01T00:00:00.000000000..2023-12-01T00:00:00.000000000 | n_time=552 | input_vars=['tos', 'ohc300', 'mlotst', 'sos', 'uos', 'vos', 'uas', 'uasmax', 'vas', 'psl'] | target_var=nino34 | valid_anchors=517
2026-04-21 23:20:28,568 | INFO | run_test_each_epoch=False | run_final_test_after_training=False
2026-04-21 23:20:28,568 | INFO | best_metric=val_loss | best_metric_mode=min
2026-04-21 23:20:28,568 | INFO | input_norm_stats mean_shape=(10,) | std_shape=(10,)
2026-04-21 23:20:30,608 | INFO | model=cnn_transformer_v2f | trainable_params=747969
2026-04-21 23:20:40,532 | INFO | optimizer=AdamW | base_lr=2.000e-04 | warmup_epochs=0 | warmup_start_factor=0.100
2026-04-21 23:20:40,532 | INFO | train_loss=MSELoss | use_lead_loss_weights=False
2026-04-22 00:12:19,277 | INFO | epoch=001 | lr=2.000e-04 | train_loss=0.770935 | val_loss=0.716733 | val_corr=0.2877
2026-04-22 01:03:43,590 | INFO | epoch=002 | lr=2.000e-04 | train_loss=0.626036 | val_loss=0.692200 | val_corr=0.3195
2026-04-22 01:55:04,791 | INFO | epoch=003 | lr=2.000e-04 | train_loss=0.591469 | val_loss=0.661353 | val_corr=0.3589
2026-04-22 02:46:20,377 | INFO | epoch=004 | lr=2.000e-04 | train_loss=0.565011 | val_loss=0.651010 | val_corr=0.3529
2026-04-22 03:37:37,421 | INFO | epoch=005 | lr=2.000e-04 | train_loss=0.542634 | val_loss=0.644488 | val_corr=0.3724
2026-04-22 04:28:53,987 | INFO | epoch=006 | lr=2.000e-04 | train_loss=0.524436 | val_loss=0.651657 | val_corr=0.3658
2026-04-22 05:20:09,417 | INFO | epoch=007 | lr=2.000e-04 | train_loss=0.503612 | val_loss=0.660906 | val_corr=0.3653
2026-04-22 06:11:25,027 | INFO | epoch=008 | lr=2.000e-04 | train_loss=0.480828 | val_loss=0.706795 | val_corr=0.3587
2026-04-22 07:02:40,605 | INFO | epoch=009 | lr=2.000e-04 | train_loss=0.456019 | val_loss=0.674835 | val_corr=0.3668
2026-04-22 07:53:56,473 | INFO | epoch=010 | lr=1.000e-04 | train_loss=0.410700 | val_loss=0.697707 | val_corr=0.3290
2026-04-22 08:45:03,212 | INFO | epoch=011 | lr=1.000e-04 | train_loss=0.389741 | val_loss=0.698149 | val_corr=0.3327
2026-04-22 09:36:24,805 | INFO | epoch=012 | lr=1.000e-04 | train_loss=0.370981 | val_loss=0.697808 | val_corr=0.3551
2026-04-22 10:28:43,847 | INFO | epoch=013 | lr=1.000e-04 | train_loss=0.352826 | val_loss=0.746214 | val_corr=0.3262
2026-04-22 10:28:43,850 | INFO | early_stopping epoch=13 | best_epoch=5 | best_metric=val_loss | best_metric_mode=min | best_metric_value=0.644488
2026-04-22 10:28:43,891 | INFO | training_finished | best_epoch=5 | best_metric=val_loss | best_metric_mode=min | best_metric_value=0.644488
