2026-04-08 20:09:28,716 | INFO | experiment=cnn_transformer_baseline_v3b_multival_rerun_no_uasmax | device=cuda | amp=True
2026-04-08 20:09:28,739 | INFO | use_cache=True | cache_root=/home/sanggyu1008/project/01_ENSO/01_data/05_cache/cnn_transformer_baseline
2026-04-08 20:09:28,739 | INFO | cache_namespace=multival_rerun_no_uasmax_v1 | cache_mode=on_demand | cache_version=1 | cache_dtype=float32 | cache_dir=/home/sanggyu1008/project/01_ENSO/01_data/05_cache/cnn_transformer_baseline/multival_rerun_no_uasmax_v1
2026-04-08 20:09:28,739 | INFO | train pairs=14 | val pairs=2 | test pairs=1
2026-04-08 20:09:28,739 | INFO | train samples=36878 | val samples=1478 | test samples=517
2026-04-08 20:09:28,739 | INFO | input_vars=['tos', 'ohc300', 'mlotst', 'sos', 'uos', 'vos', 'uas', 'vas', 'psl']
2026-04-08 20:09:28,739 | INFO | target_var=nino34
2026-04-08 20:09:28,739 | INFO | input_normalization enabled=True | eps=1e-06
2026-04-08 20:09:28,739 | INFO | train pair preview_count=5/14
2026-04-08 20:09:28,740 | INFO | train pair[1/14] file=input_ACCESS-CM2_historical_ssp370_r1i1p1f1.nc -> target_ACCESS-CM2_historical_ssp370_r1i1p1f1.nc
2026-04-08 20:09:28,740 | INFO | train pair[2/14] file=input_ACCESS-ESM1-5_historical_ssp370_r1i1p1f1.nc -> target_ACCESS-ESM1-5_historical_ssp370_r1i1p1f1.nc
2026-04-08 20:09:28,740 | INFO | train pair[3/14] file=input_ACCESS-ESM1-5_historical_ssp370_r2i1p1f1.nc -> target_ACCESS-ESM1-5_historical_ssp370_r2i1p1f1.nc
2026-04-08 20:09:28,740 | INFO | train pair[4/14] file=input_ACCESS-ESM1-5_historical_ssp370_r3i1p1f1.nc -> target_ACCESS-ESM1-5_historical_ssp370_r3i1p1f1.nc
2026-04-08 20:09:28,741 | INFO | train pair[5/14] file=input_CMCC-ESM2_historical_ssp370_r1i1p1f1.nc -> target_CMCC-ESM2_historical_ssp370_r1i1p1f1.nc
2026-04-08 20:09:28,741 | INFO | train excluded inputs=none
2026-04-08 20:09:28,742 | INFO | validation pair files=['validation_dataset_soda_20crv2_187101_197812.nc -> validation_target_soda_20crv2_187101_197812.nc', 'validation_dataset_oras5_era5_195801_197812.nc -> validation_target_oras5_era5_195801_197812.nc']
2026-04-08 20:09:28,857 | INFO | validation pair[1/2] name=soda_20crv2_1871_1978 | input=/home/sanggyu1008/project/01_ENSO/01_data/03_input/validation_dataset_soda_20crv2_187101_197812.nc | target=/home/sanggyu1008/project/01_ENSO/01_data/04_target/validation_target_soda_20crv2_187101_197812.nc
2026-04-08 20:09:28,857 | INFO | validation pair[1/2] file=validation_dataset_soda_20crv2_187101_197812.nc -> validation_target_soda_20crv2_187101_197812.nc | time_range=1871-01-01T00:00:00.000000000..1978-12-01T00:00:00.000000000 | n_time=1296 | input_vars=['tos', 'ohc300', 'mlotst', 'sos', 'uos', 'vos', 'uas', 'vas', 'psl'] | target_var=nino34 | valid_anchors=1261
2026-04-08 20:09:28,871 | INFO | validation pair[2/2] name=oras5_era5_1958_1978 | input=/home/sanggyu1008/project/01_ENSO/01_data/03_input/validation_dataset_oras5_era5_195801_197812.nc | target=/home/sanggyu1008/project/01_ENSO/01_data/04_target/validation_target_oras5_era5_195801_197812.nc
2026-04-08 20:09:28,871 | INFO | validation pair[2/2] file=validation_dataset_oras5_era5_195801_197812.nc -> validation_target_oras5_era5_195801_197812.nc | time_range=1958-01-01T00:00:00.000000000..1978-12-01T00:00:00.000000000 | n_time=252 | input_vars=['tos', 'ohc300', 'mlotst', 'sos', 'uos', 'vos', 'uas', 'vas', 'psl'] | target_var=nino34 | valid_anchors=217
2026-04-08 20:09:28,871 | INFO | test pair files=['test_dataset_godas_era5_198001_202512.nc -> test_target_nino34_ersstv5_198001_202512.nc']
2026-04-08 20:09:28,901 | INFO | test pair[1/1] name=godas_era5_input__ersstv5_nino34_target | input=/home/sanggyu1008/project/01_ENSO/01_data/03_input/test_dataset_godas_era5_198001_202512.nc | target=/home/sanggyu1008/project/01_ENSO/01_data/04_target/test_target_nino34_ersstv5_198001_202512.nc
2026-04-08 20:09:28,901 | INFO | test pair[1/1] file=test_dataset_godas_era5_198001_202512.nc -> test_target_nino34_ersstv5_198001_202512.nc | time_range=1980-01-01T00:00:00.000000000..2025-12-01T00:00:00.000000000 | n_time=552 | input_vars=['tos', 'ohc300', 'mlotst', 'sos', 'uos', 'vos', 'uas', 'vas', 'psl'] | target_var=nino34 | valid_anchors=517
2026-04-08 20:09:28,901 | INFO | run_test_each_epoch=False | run_final_test_after_training=False
2026-04-08 20:09:28,901 | INFO | best_metric=val_loss | best_metric_mode=min
2026-04-08 20:09:28,901 | INFO | input_norm_stats mean_shape=(9,) | std_shape=(9,)
2026-04-08 20:09:40,139 | INFO | model=cnn_transformer_baseline | trainable_params=4376504
2026-04-08 20:09:50,081 | INFO | optimizer=AdamW | base_lr=1.000e-04 | warmup_epochs=0 | warmup_start_factor=0.100
2026-04-09 02:19:56,845 | INFO | epoch=001 | lr=1.000e-04 | train_loss=0.617978 | val_loss=0.824237 | val_corr=0.3631
2026-04-09 02:42:19,704 | INFO | epoch=002 | lr=1.000e-04 | train_loss=0.518511 | val_loss=0.866106 | val_corr=0.3726
2026-04-09 03:04:31,848 | INFO | epoch=003 | lr=1.000e-04 | train_loss=0.432014 | val_loss=0.827356 | val_corr=0.3578
2026-04-09 03:26:39,527 | INFO | epoch=004 | lr=1.000e-04 | train_loss=0.345973 | val_loss=0.967062 | val_corr=0.3564
2026-04-09 03:48:47,043 | INFO | epoch=005 | lr=1.000e-04 | train_loss=0.277099 | val_loss=0.926836 | val_corr=0.3634
2026-04-09 04:10:58,686 | INFO | epoch=006 | lr=5.000e-05 | train_loss=0.203157 | val_loss=1.035685 | val_corr=0.3553
2026-04-09 04:33:06,701 | INFO | epoch=007 | lr=5.000e-05 | train_loss=0.175841 | val_loss=1.084585 | val_corr=0.3542
2026-04-09 04:55:14,972 | INFO | epoch=008 | lr=5.000e-05 | train_loss=0.156334 | val_loss=0.979808 | val_corr=0.3568
2026-04-09 05:17:24,882 | INFO | epoch=009 | lr=5.000e-05 | train_loss=0.141873 | val_loss=0.863295 | val_corr=0.3483
2026-04-09 05:17:24,882 | INFO | early_stopping epoch=9 | best_epoch=1 | best_metric=val_loss | best_metric_mode=min | best_metric_value=0.824237
2026-04-09 05:17:24,954 | INFO | training_finished | best_epoch=1 | best_metric=val_loss | best_metric_mode=min | best_metric_value=0.824237
