2026-04-22 13:55:31,142 | INFO | experiment=cnn_transformer_v3d | device=cuda | amp=True
2026-04-22 13:55:31,142 | INFO | use_cache=True | cache_root=/home/sanggyu1008/project/01_ENSO/01_data/05_cache/shared_dataset
2026-04-22 13:55:31,142 | INFO | cache_namespace=10vars | cache_namespace_source=explicit | cache_mode=on_demand | cache_version=1 | cache_dtype=float32 | cache_dir=/home/sanggyu1008/project/01_ENSO/01_data/05_cache/shared_dataset/10vars | data_signature=3bac236ffc2a6095c98e207b5a28c3a6faf07c9c
2026-04-22 13:55:31,142 | INFO | train pairs=14 | val pairs=2 | test pairs=1
2026-04-22 13:55:31,142 | INFO | train samples=36878 | val samples=1478 | test samples=517
2026-04-22 13:55:31,142 | INFO | input_vars=['tos', 'ohc300', 'mlotst', 'sos', 'uos', 'vos', 'uas', 'uasmax', 'vas', 'psl']
2026-04-22 13:55:31,143 | INFO | target_var=nino34
2026-04-22 13:55:31,143 | INFO | input_normalization enabled=True | eps=1e-06
2026-04-22 13:55:31,143 | INFO | train pair preview_count=5/14
2026-04-22 13:55:31,143 | INFO | train pair[1/14] file=input_ACCESS-CM2_historical_ssp370_r1i1p1f1.nc -> target_ACCESS-CM2_historical_ssp370_r1i1p1f1.nc
2026-04-22 13:55:31,143 | INFO | train pair[2/14] file=input_ACCESS-ESM1-5_historical_ssp370_r1i1p1f1.nc -> target_ACCESS-ESM1-5_historical_ssp370_r1i1p1f1.nc
2026-04-22 13:55:31,143 | INFO | train pair[3/14] file=input_ACCESS-ESM1-5_historical_ssp370_r2i1p1f1.nc -> target_ACCESS-ESM1-5_historical_ssp370_r2i1p1f1.nc
2026-04-22 13:55:31,143 | INFO | train pair[4/14] file=input_ACCESS-ESM1-5_historical_ssp370_r3i1p1f1.nc -> target_ACCESS-ESM1-5_historical_ssp370_r3i1p1f1.nc
2026-04-22 13:55:31,143 | INFO | train pair[5/14] file=input_CMCC-ESM2_historical_ssp370_r1i1p1f1.nc -> target_CMCC-ESM2_historical_ssp370_r1i1p1f1.nc
2026-04-22 13:55:31,143 | INFO | train excluded inputs=none
2026-04-22 13:55:31,143 | INFO | validation pair files=['validation_dataset_soda_20crv2_187101_197812.nc -> validation_target_soda_20crv2_187101_197812.nc', 'validation_dataset_oras5_era5_195801_197812.nc -> validation_target_oras5_era5_195801_197812.nc']
2026-04-22 13:55:31,213 | INFO | validation pair[1/2] name=soda_20crv2_1871_1978 | input=/home/sanggyu1008/project/01_ENSO/01_data/03_input/validation_dataset_soda_20crv2_187101_197812.nc | target=/home/sanggyu1008/project/01_ENSO/01_data/04_target/validation_target_soda_20crv2_187101_197812.nc
2026-04-22 13:55:31,213 | INFO | validation pair[1/2] file=validation_dataset_soda_20crv2_187101_197812.nc -> validation_target_soda_20crv2_187101_197812.nc | time_range=1871-01-01T00:00:00.000000000..1978-12-01T00:00:00.000000000 | init_range=1871-12-01T00:00:00.000000000..1976-12-01T00:00:00.000000000 | n_time=1296 | input_vars=['tos', 'ohc300', 'mlotst', 'sos', 'uos', 'vos', 'uas', 'uasmax', 'vas', 'psl'] | target_var=nino34 | valid_anchors=1261
2026-04-22 13:55:31,227 | INFO | validation pair[2/2] name=oras5_era5_1958_1978 | input=/home/sanggyu1008/project/01_ENSO/01_data/03_input/validation_dataset_oras5_era5_195801_197812.nc | target=/home/sanggyu1008/project/01_ENSO/01_data/04_target/validation_target_oras5_era5_195801_197812.nc
2026-04-22 13:55:31,227 | INFO | validation pair[2/2] file=validation_dataset_oras5_era5_195801_197812.nc -> validation_target_oras5_era5_195801_197812.nc | time_range=1958-01-01T00:00:00.000000000..1978-12-01T00:00:00.000000000 | init_range=1958-12-01T00:00:00.000000000..1976-12-01T00:00:00.000000000 | n_time=252 | input_vars=['tos', 'ohc300', 'mlotst', 'sos', 'uos', 'vos', 'uas', 'uasmax', 'vas', 'psl'] | target_var=nino34 | valid_anchors=217
2026-04-22 13:55:31,227 | INFO | test pair files=['test_dataset_godas_era5_198001_202512.nc -> test_target_nino34_ersstv5_198001_202512.nc']
2026-04-22 13:55:31,256 | INFO | test pair[1/1] name=godas_era5_input__ersstv5_nino34_target | input=/home/sanggyu1008/project/01_ENSO/01_data/03_input/test_dataset_godas_era5_198001_202512.nc | target=/home/sanggyu1008/project/01_ENSO/01_data/04_target/test_target_nino34_ersstv5_198001_202512.nc
2026-04-22 13:55:31,256 | INFO | test pair[1/1] file=test_dataset_godas_era5_198001_202512.nc -> test_target_nino34_ersstv5_198001_202512.nc | time_range=1980-01-01T00:00:00.000000000..2025-12-01T00:00:00.000000000 | init_range=1980-12-01T00:00:00.000000000..2023-12-01T00:00:00.000000000 | n_time=552 | input_vars=['tos', 'ohc300', 'mlotst', 'sos', 'uos', 'vos', 'uas', 'uasmax', 'vas', 'psl'] | target_var=nino34 | valid_anchors=517
2026-04-22 13:55:31,256 | INFO | run_test_each_epoch=False | run_final_test_after_training=False
2026-04-22 13:55:31,256 | INFO | best_metric=val_loss | best_metric_mode=min
2026-04-22 13:55:31,256 | INFO | input_norm_stats mean_shape=(10,) | std_shape=(10,)
2026-04-22 13:55:36,241 | INFO | model=cnn_transformer_v3d | trainable_params=693656
2026-04-22 13:55:45,703 | INFO | optimizer=AdamW | base_lr=2.000e-04 | warmup_epochs=0 | warmup_start_factor=0.100
2026-04-22 13:55:45,703 | INFO | train_loss=MSELoss | use_lead_loss_weights=False
2026-04-22 14:47:25,270 | INFO | epoch=001 | lr=2.000e-04 | train_loss=0.717639 | val_loss=0.633322 | val_corr=0.3456
2026-04-22 15:38:41,115 | INFO | epoch=002 | lr=2.000e-04 | train_loss=0.602096 | val_loss=0.678467 | val_corr=0.3758
2026-04-22 16:29:48,426 | INFO | epoch=003 | lr=2.000e-04 | train_loss=0.561050 | val_loss=0.652855 | val_corr=0.4051
2026-04-22 17:21:02,046 | INFO | epoch=004 | lr=2.000e-04 | train_loss=0.533478 | val_loss=0.626278 | val_corr=0.3936
2026-04-22 18:12:19,480 | INFO | epoch=005 | lr=2.000e-04 | train_loss=0.509684 | val_loss=0.651438 | val_corr=0.4003
2026-04-22 19:03:47,318 | INFO | epoch=006 | lr=2.000e-04 | train_loss=0.486161 | val_loss=0.646857 | val_corr=0.3968
2026-04-22 19:54:57,938 | INFO | epoch=007 | lr=2.000e-04 | train_loss=0.460889 | val_loss=0.670900 | val_corr=0.3720
2026-04-22 20:46:08,474 | INFO | epoch=008 | lr=2.000e-04 | train_loss=0.437366 | val_loss=0.651358 | val_corr=0.3690
2026-04-22 21:37:20,776 | INFO | epoch=009 | lr=1.000e-04 | train_loss=0.392926 | val_loss=0.737527 | val_corr=0.3780
2026-04-22 22:28:34,695 | INFO | epoch=010 | lr=1.000e-04 | train_loss=0.371875 | val_loss=0.711964 | val_corr=0.3677
2026-04-22 23:19:58,235 | INFO | epoch=011 | lr=1.000e-04 | train_loss=0.356953 | val_loss=0.732142 | val_corr=0.3518
2026-04-23 00:11:20,043 | INFO | epoch=012 | lr=1.000e-04 | train_loss=0.340494 | val_loss=0.754900 | val_corr=0.3690
2026-04-23 00:11:20,071 | INFO | early_stopping epoch=12 | best_epoch=4 | best_metric=val_loss | best_metric_mode=min | best_metric_value=0.626278
2026-04-23 00:11:20,141 | INFO | training_finished | best_epoch=4 | best_metric=val_loss | best_metric_mode=min | best_metric_value=0.626278
2026-04-23 00:13:20,658 | INFO | experiment=cnn_transformer_v3d | device=cuda | amp=True
2026-04-23 00:13:20,658 | INFO | use_cache=True | cache_root=/home/sanggyu1008/project/01_ENSO/01_data/05_cache/shared_dataset
2026-04-23 00:13:20,658 | INFO | cache_namespace=10vars | cache_namespace_source=explicit | cache_mode=on_demand | cache_version=1 | cache_dtype=float32 | cache_dir=/home/sanggyu1008/project/01_ENSO/01_data/05_cache/shared_dataset/10vars | data_signature=3bac236ffc2a6095c98e207b5a28c3a6faf07c9c
2026-04-23 00:13:20,658 | INFO | train pairs=14 | val pairs=2 | test pairs=1
2026-04-23 00:13:20,658 | INFO | train samples=36878 | val samples=1478 | test samples=517
2026-04-23 00:13:20,658 | INFO | input_vars=['tos', 'ohc300', 'mlotst', 'sos', 'uos', 'vos', 'uas', 'uasmax', 'vas', 'psl']
2026-04-23 00:13:20,658 | INFO | target_var=nino34
2026-04-23 00:13:20,658 | INFO | input_normalization enabled=True | eps=1e-06
2026-04-23 00:13:20,658 | INFO | train pair preview_count=5/14
2026-04-23 00:13:20,659 | INFO | train pair[1/14] file=input_ACCESS-CM2_historical_ssp370_r1i1p1f1.nc -> target_ACCESS-CM2_historical_ssp370_r1i1p1f1.nc
2026-04-23 00:13:20,659 | INFO | train pair[2/14] file=input_ACCESS-ESM1-5_historical_ssp370_r1i1p1f1.nc -> target_ACCESS-ESM1-5_historical_ssp370_r1i1p1f1.nc
2026-04-23 00:13:20,659 | INFO | train pair[3/14] file=input_ACCESS-ESM1-5_historical_ssp370_r2i1p1f1.nc -> target_ACCESS-ESM1-5_historical_ssp370_r2i1p1f1.nc
2026-04-23 00:13:20,659 | INFO | train pair[4/14] file=input_ACCESS-ESM1-5_historical_ssp370_r3i1p1f1.nc -> target_ACCESS-ESM1-5_historical_ssp370_r3i1p1f1.nc
2026-04-23 00:13:20,659 | INFO | train pair[5/14] file=input_CMCC-ESM2_historical_ssp370_r1i1p1f1.nc -> target_CMCC-ESM2_historical_ssp370_r1i1p1f1.nc
2026-04-23 00:13:20,659 | INFO | train excluded inputs=none
2026-04-23 00:13:20,659 | INFO | validation pair files=['validation_dataset_soda_20crv2_187101_197812.nc -> validation_target_soda_20crv2_187101_197812.nc', 'validation_dataset_oras5_era5_195801_197812.nc -> validation_target_oras5_era5_195801_197812.nc']
2026-04-23 00:13:20,728 | INFO | validation pair[1/2] name=soda_20crv2_1871_1978 | input=/home/sanggyu1008/project/01_ENSO/01_data/03_input/validation_dataset_soda_20crv2_187101_197812.nc | target=/home/sanggyu1008/project/01_ENSO/01_data/04_target/validation_target_soda_20crv2_187101_197812.nc
2026-04-23 00:13:20,728 | INFO | validation pair[1/2] file=validation_dataset_soda_20crv2_187101_197812.nc -> validation_target_soda_20crv2_187101_197812.nc | time_range=1871-01-01T00:00:00.000000000..1978-12-01T00:00:00.000000000 | init_range=1871-12-01T00:00:00.000000000..1976-12-01T00:00:00.000000000 | n_time=1296 | input_vars=['tos', 'ohc300', 'mlotst', 'sos', 'uos', 'vos', 'uas', 'uasmax', 'vas', 'psl'] | target_var=nino34 | valid_anchors=1261
2026-04-23 00:13:20,742 | INFO | validation pair[2/2] name=oras5_era5_1958_1978 | input=/home/sanggyu1008/project/01_ENSO/01_data/03_input/validation_dataset_oras5_era5_195801_197812.nc | target=/home/sanggyu1008/project/01_ENSO/01_data/04_target/validation_target_oras5_era5_195801_197812.nc
2026-04-23 00:13:20,742 | INFO | validation pair[2/2] file=validation_dataset_oras5_era5_195801_197812.nc -> validation_target_oras5_era5_195801_197812.nc | time_range=1958-01-01T00:00:00.000000000..1978-12-01T00:00:00.000000000 | init_range=1958-12-01T00:00:00.000000000..1976-12-01T00:00:00.000000000 | n_time=252 | input_vars=['tos', 'ohc300', 'mlotst', 'sos', 'uos', 'vos', 'uas', 'uasmax', 'vas', 'psl'] | target_var=nino34 | valid_anchors=217
2026-04-23 00:13:20,742 | INFO | test pair files=['test_dataset_godas_era5_198001_202512.nc -> test_target_nino34_ersstv5_198001_202512.nc']
2026-04-23 00:13:20,771 | INFO | test pair[1/1] name=godas_era5_input__ersstv5_nino34_target | input=/home/sanggyu1008/project/01_ENSO/01_data/03_input/test_dataset_godas_era5_198001_202512.nc | target=/home/sanggyu1008/project/01_ENSO/01_data/04_target/test_target_nino34_ersstv5_198001_202512.nc
2026-04-23 00:13:20,771 | INFO | test pair[1/1] file=test_dataset_godas_era5_198001_202512.nc -> test_target_nino34_ersstv5_198001_202512.nc | time_range=1980-01-01T00:00:00.000000000..2025-12-01T00:00:00.000000000 | init_range=1980-12-01T00:00:00.000000000..2023-12-01T00:00:00.000000000 | n_time=552 | input_vars=['tos', 'ohc300', 'mlotst', 'sos', 'uos', 'vos', 'uas', 'uasmax', 'vas', 'psl'] | target_var=nino34 | valid_anchors=517
2026-04-23 00:13:20,771 | INFO | run_test_each_epoch=False | run_final_test_after_training=False
2026-04-23 00:13:20,771 | INFO | best_metric=val_loss | best_metric_mode=min
2026-04-23 00:13:20,771 | INFO | input_norm_stats mean_shape=(10,) | std_shape=(10,)
2026-04-23 00:14:11,025 | INFO | model=cnn_transformer_v3d | trainable_params=693656
2026-04-23 00:14:28,932 | INFO | optimizer=AdamW | base_lr=2.000e-04 | warmup_epochs=0 | warmup_start_factor=0.100
2026-04-23 00:14:28,932 | INFO | train_loss=MSELoss | use_lead_loss_weights=False
2026-04-23 01:06:08,149 | INFO | epoch=001 | lr=2.000e-04 | train_loss=0.717639 | val_loss=0.633322 | val_corr=0.3456
2026-04-23 01:57:36,111 | INFO | epoch=002 | lr=2.000e-04 | train_loss=0.602096 | val_loss=0.678467 | val_corr=0.3758
2026-04-23 02:50:18,139 | INFO | epoch=003 | lr=2.000e-04 | train_loss=0.561050 | val_loss=0.652855 | val_corr=0.4051
2026-04-23 03:41:42,022 | INFO | epoch=004 | lr=2.000e-04 | train_loss=0.533478 | val_loss=0.626278 | val_corr=0.3936
2026-04-23 04:32:58,873 | INFO | epoch=005 | lr=2.000e-04 | train_loss=0.509684 | val_loss=0.651438 | val_corr=0.4003
2026-04-23 05:24:11,450 | INFO | epoch=006 | lr=2.000e-04 | train_loss=0.486161 | val_loss=0.646857 | val_corr=0.3968
2026-04-23 06:15:17,412 | INFO | epoch=007 | lr=2.000e-04 | train_loss=0.460889 | val_loss=0.670900 | val_corr=0.3720
2026-04-23 07:06:22,677 | INFO | epoch=008 | lr=2.000e-04 | train_loss=0.437366 | val_loss=0.651358 | val_corr=0.3690
2026-04-23 07:57:26,867 | INFO | epoch=009 | lr=1.000e-04 | train_loss=0.392926 | val_loss=0.737527 | val_corr=0.3780
2026-04-23 08:48:32,029 | INFO | epoch=010 | lr=1.000e-04 | train_loss=0.371875 | val_loss=0.711964 | val_corr=0.3677
2026-04-23 09:39:40,648 | INFO | epoch=011 | lr=1.000e-04 | train_loss=0.356953 | val_loss=0.732142 | val_corr=0.3518
2026-04-23 10:30:57,675 | INFO | epoch=012 | lr=1.000e-04 | train_loss=0.340494 | val_loss=0.754900 | val_corr=0.3690
2026-04-23 10:30:57,744 | INFO | early_stopping epoch=12 | best_epoch=4 | best_metric=val_loss | best_metric_mode=min | best_metric_value=0.626278
2026-04-23 10:30:57,782 | INFO | training_finished | best_epoch=4 | best_metric=val_loss | best_metric_mode=min | best_metric_value=0.626278
