2026-04-12 22:04:17,866 | INFO | experiment=cnn_transformer_v1_nouasmax | device=cuda | amp=True
2026-04-12 22:04:17,866 | INFO | use_cache=True | cache_root=/home/sanggyu1008/project/01_ENSO/01_data/05_cache/shared_dataset
2026-04-12 22:04:17,866 | INFO | cache_namespace=9vars_nouasmax | cache_namespace_source=explicit | cache_mode=on_demand | cache_version=1 | cache_dtype=float32 | cache_dir=/home/sanggyu1008/project/01_ENSO/01_data/05_cache/shared_dataset/9vars_nouasmax | data_signature=fade657714f2e965cfefef5bbbe34297442e6382
2026-04-12 22:04:17,866 | INFO | train pairs=14 | val pairs=2 | test pairs=1
2026-04-12 22:04:17,867 | INFO | train samples=36878 | val samples=1478 | test samples=517
2026-04-12 22:04:17,867 | INFO | input_vars=['tos', 'ohc300', 'mlotst', 'sos', 'uos', 'vos', 'uas', 'vas', 'psl']
2026-04-12 22:04:17,867 | INFO | target_var=nino34
2026-04-12 22:04:17,867 | INFO | input_normalization enabled=True | eps=1e-06
2026-04-12 22:04:17,867 | INFO | train pair preview_count=5/14
2026-04-12 22:04:17,867 | INFO | train pair[1/14] file=input_ACCESS-CM2_historical_ssp370_r1i1p1f1.nc -> target_ACCESS-CM2_historical_ssp370_r1i1p1f1.nc
2026-04-12 22:04:17,867 | INFO | train pair[2/14] file=input_ACCESS-ESM1-5_historical_ssp370_r1i1p1f1.nc -> target_ACCESS-ESM1-5_historical_ssp370_r1i1p1f1.nc
2026-04-12 22:04:17,867 | INFO | train pair[3/14] file=input_ACCESS-ESM1-5_historical_ssp370_r2i1p1f1.nc -> target_ACCESS-ESM1-5_historical_ssp370_r2i1p1f1.nc
2026-04-12 22:04:17,867 | INFO | train pair[4/14] file=input_ACCESS-ESM1-5_historical_ssp370_r3i1p1f1.nc -> target_ACCESS-ESM1-5_historical_ssp370_r3i1p1f1.nc
2026-04-12 22:04:17,867 | INFO | train pair[5/14] file=input_CMCC-ESM2_historical_ssp370_r1i1p1f1.nc -> target_CMCC-ESM2_historical_ssp370_r1i1p1f1.nc
2026-04-12 22:04:17,867 | INFO | train excluded inputs=none
2026-04-12 22:04:17,867 | INFO | validation pair files=['validation_dataset_soda_20crv2_187101_197812.nc -> validation_target_soda_20crv2_187101_197812.nc', 'validation_dataset_oras5_era5_195801_197812.nc -> validation_target_oras5_era5_195801_197812.nc']
2026-04-12 22:04:17,935 | INFO | validation pair[1/2] name=soda_20crv2_1871_1978 | input=/home/sanggyu1008/project/01_ENSO/01_data/03_input/validation_dataset_soda_20crv2_187101_197812.nc | target=/home/sanggyu1008/project/01_ENSO/01_data/04_target/validation_target_soda_20crv2_187101_197812.nc
2026-04-12 22:04:17,935 | INFO | validation pair[1/2] file=validation_dataset_soda_20crv2_187101_197812.nc -> validation_target_soda_20crv2_187101_197812.nc | time_range=1871-01-01T00:00:00.000000000..1978-12-01T00:00:00.000000000 | n_time=1296 | input_vars=['tos', 'ohc300', 'mlotst', 'sos', 'uos', 'vos', 'uas', 'vas', 'psl'] | target_var=nino34 | valid_anchors=1261
2026-04-12 22:04:17,948 | INFO | validation pair[2/2] name=oras5_era5_1958_1978 | input=/home/sanggyu1008/project/01_ENSO/01_data/03_input/validation_dataset_oras5_era5_195801_197812.nc | target=/home/sanggyu1008/project/01_ENSO/01_data/04_target/validation_target_oras5_era5_195801_197812.nc
2026-04-12 22:04:17,949 | INFO | validation pair[2/2] file=validation_dataset_oras5_era5_195801_197812.nc -> validation_target_oras5_era5_195801_197812.nc | time_range=1958-01-01T00:00:00.000000000..1978-12-01T00:00:00.000000000 | n_time=252 | input_vars=['tos', 'ohc300', 'mlotst', 'sos', 'uos', 'vos', 'uas', 'vas', 'psl'] | target_var=nino34 | valid_anchors=217
2026-04-12 22:04:17,949 | INFO | test pair files=['test_dataset_godas_era5_198001_202512.nc -> test_target_nino34_ersstv5_198001_202512.nc']
2026-04-12 22:04:17,977 | INFO | test pair[1/1] name=godas_era5_input__ersstv5_nino34_target | input=/home/sanggyu1008/project/01_ENSO/01_data/03_input/test_dataset_godas_era5_198001_202512.nc | target=/home/sanggyu1008/project/01_ENSO/01_data/04_target/test_target_nino34_ersstv5_198001_202512.nc
2026-04-12 22:04:17,977 | INFO | test pair[1/1] file=test_dataset_godas_era5_198001_202512.nc -> test_target_nino34_ersstv5_198001_202512.nc | time_range=1980-01-01T00:00:00.000000000..2025-12-01T00:00:00.000000000 | n_time=552 | input_vars=['tos', 'ohc300', 'mlotst', 'sos', 'uos', 'vos', 'uas', 'vas', 'psl'] | target_var=nino34 | valid_anchors=517
2026-04-12 22:04:17,977 | INFO | run_test_each_epoch=False | run_final_test_after_training=False
2026-04-12 22:04:17,977 | INFO | best_metric=val_loss | best_metric_mode=min
2026-04-12 22:04:17,977 | INFO | input_norm_stats mean_shape=(9,) | std_shape=(9,)
2026-04-12 22:04:17,977 | INFO | cache_prebuild split=train | samples=36878
2026-04-12 22:05:47,460 | INFO | cache_prebuild split=train | progress=1000/36878 | stats={'enabled': True, 'mode': 'on_demand', 'hits': 0, 'misses': 1000, 'writes': 1000, 'write_skips': 0, 'sample_cache_dir': '/home/sanggyu1008/project/01_ENSO/01_data/05_cache/shared_dataset/9vars_nouasmax/train'}
2026-04-12 22:08:25,860 | INFO | cache_prebuild split=train | progress=2000/36878 | stats={'enabled': True, 'mode': 'on_demand', 'hits': 0, 'misses': 2000, 'writes': 2000, 'write_skips': 0, 'sample_cache_dir': '/home/sanggyu1008/project/01_ENSO/01_data/05_cache/shared_dataset/9vars_nouasmax/train'}
2026-04-12 22:11:10,791 | INFO | cache_prebuild split=train | progress=3000/36878 | stats={'enabled': True, 'mode': 'on_demand', 'hits': 0, 'misses': 3000, 'writes': 3000, 'write_skips': 0, 'sample_cache_dir': '/home/sanggyu1008/project/01_ENSO/01_data/05_cache/shared_dataset/9vars_nouasmax/train'}
2026-04-12 22:12:35,999 | INFO | cache_prebuild split=train | progress=4000/36878 | stats={'enabled': True, 'mode': 'on_demand', 'hits': 0, 'misses': 4000, 'writes': 4000, 'write_skips': 0, 'sample_cache_dir': '/home/sanggyu1008/project/01_ENSO/01_data/05_cache/shared_dataset/9vars_nouasmax/train'}
2026-04-12 22:15:06,328 | INFO | cache_prebuild split=train | progress=5000/36878 | stats={'enabled': True, 'mode': 'on_demand', 'hits': 0, 'misses': 5000, 'writes': 5000, 'write_skips': 0, 'sample_cache_dir': '/home/sanggyu1008/project/01_ENSO/01_data/05_cache/shared_dataset/9vars_nouasmax/train'}
2026-04-12 22:16:57,321 | INFO | cache_prebuild split=train | progress=6000/36878 | stats={'enabled': True, 'mode': 'on_demand', 'hits': 0, 'misses': 6000, 'writes': 6000, 'write_skips': 0, 'sample_cache_dir': '/home/sanggyu1008/project/01_ENSO/01_data/05_cache/shared_dataset/9vars_nouasmax/train'}
2026-04-12 22:18:33,110 | INFO | cache_prebuild split=train | progress=7000/36878 | stats={'enabled': True, 'mode': 'on_demand', 'hits': 0, 'misses': 7000, 'writes': 7000, 'write_skips': 0, 'sample_cache_dir': '/home/sanggyu1008/project/01_ENSO/01_data/05_cache/shared_dataset/9vars_nouasmax/train'}
2026-04-12 22:56:32,155 | INFO | cache_prebuild split=train | progress=8000/36878 | stats={'enabled': True, 'mode': 'on_demand', 'hits': 0, 'misses': 8000, 'writes': 8000, 'write_skips': 0, 'sample_cache_dir': '/home/sanggyu1008/project/01_ENSO/01_data/05_cache/shared_dataset/9vars_nouasmax/train'}
2026-04-12 23:39:23,400 | INFO | cache_prebuild split=train | progress=9000/36878 | stats={'enabled': True, 'mode': 'on_demand', 'hits': 0, 'misses': 9000, 'writes': 9000, 'write_skips': 0, 'sample_cache_dir': '/home/sanggyu1008/project/01_ENSO/01_data/05_cache/shared_dataset/9vars_nouasmax/train'}
2026-04-13 00:22:18,618 | INFO | cache_prebuild split=train | progress=10000/36878 | stats={'enabled': True, 'mode': 'on_demand', 'hits': 0, 'misses': 10000, 'writes': 10000, 'write_skips': 0, 'sample_cache_dir': '/home/sanggyu1008/project/01_ENSO/01_data/05_cache/shared_dataset/9vars_nouasmax/train'}
2026-04-13 01:05:05,988 | INFO | cache_prebuild split=train | progress=11000/36878 | stats={'enabled': True, 'mode': 'on_demand', 'hits': 0, 'misses': 11000, 'writes': 11000, 'write_skips': 0, 'sample_cache_dir': '/home/sanggyu1008/project/01_ENSO/01_data/05_cache/shared_dataset/9vars_nouasmax/train'}
2026-04-13 01:48:28,626 | INFO | cache_prebuild split=train | progress=12000/36878 | stats={'enabled': True, 'mode': 'on_demand', 'hits': 0, 'misses': 12000, 'writes': 12000, 'write_skips': 0, 'sample_cache_dir': '/home/sanggyu1008/project/01_ENSO/01_data/05_cache/shared_dataset/9vars_nouasmax/train'}
2026-04-13 02:32:01,509 | INFO | cache_prebuild split=train | progress=13000/36878 | stats={'enabled': True, 'mode': 'on_demand', 'hits': 0, 'misses': 13000, 'writes': 13000, 'write_skips': 0, 'sample_cache_dir': '/home/sanggyu1008/project/01_ENSO/01_data/05_cache/shared_dataset/9vars_nouasmax/train'}
2026-04-13 03:15:16,620 | INFO | cache_prebuild split=train | progress=14000/36878 | stats={'enabled': True, 'mode': 'on_demand', 'hits': 0, 'misses': 14000, 'writes': 14000, 'write_skips': 0, 'sample_cache_dir': '/home/sanggyu1008/project/01_ENSO/01_data/05_cache/shared_dataset/9vars_nouasmax/train'}
2026-04-13 03:58:39,439 | INFO | cache_prebuild split=train | progress=15000/36878 | stats={'enabled': True, 'mode': 'on_demand', 'hits': 0, 'misses': 15000, 'writes': 15000, 'write_skips': 0, 'sample_cache_dir': '/home/sanggyu1008/project/01_ENSO/01_data/05_cache/shared_dataset/9vars_nouasmax/train'}
2026-04-13 04:42:12,946 | INFO | cache_prebuild split=train | progress=16000/36878 | stats={'enabled': True, 'mode': 'on_demand', 'hits': 0, 'misses': 16000, 'writes': 16000, 'write_skips': 0, 'sample_cache_dir': '/home/sanggyu1008/project/01_ENSO/01_data/05_cache/shared_dataset/9vars_nouasmax/train'}
2026-04-13 05:25:07,810 | INFO | cache_prebuild split=train | progress=17000/36878 | stats={'enabled': True, 'mode': 'on_demand', 'hits': 0, 'misses': 17000, 'writes': 17000, 'write_skips': 0, 'sample_cache_dir': '/home/sanggyu1008/project/01_ENSO/01_data/05_cache/shared_dataset/9vars_nouasmax/train'}
2026-04-13 06:08:06,483 | INFO | cache_prebuild split=train | progress=18000/36878 | stats={'enabled': True, 'mode': 'on_demand', 'hits': 0, 'misses': 18000, 'writes': 18000, 'write_skips': 0, 'sample_cache_dir': '/home/sanggyu1008/project/01_ENSO/01_data/05_cache/shared_dataset/9vars_nouasmax/train'}
2026-04-13 06:51:19,299 | INFO | cache_prebuild split=train | progress=19000/36878 | stats={'enabled': True, 'mode': 'on_demand', 'hits': 0, 'misses': 19000, 'writes': 19000, 'write_skips': 0, 'sample_cache_dir': '/home/sanggyu1008/project/01_ENSO/01_data/05_cache/shared_dataset/9vars_nouasmax/train'}
2026-04-13 07:33:34,789 | INFO | cache_prebuild split=train | progress=20000/36878 | stats={'enabled': True, 'mode': 'on_demand', 'hits': 0, 'misses': 20000, 'writes': 20000, 'write_skips': 0, 'sample_cache_dir': '/home/sanggyu1008/project/01_ENSO/01_data/05_cache/shared_dataset/9vars_nouasmax/train'}
2026-04-13 08:16:16,112 | INFO | cache_prebuild split=train | progress=21000/36878 | stats={'enabled': True, 'mode': 'on_demand', 'hits': 0, 'misses': 21000, 'writes': 21000, 'write_skips': 0, 'sample_cache_dir': '/home/sanggyu1008/project/01_ENSO/01_data/05_cache/shared_dataset/9vars_nouasmax/train'}
2026-04-13 08:59:21,124 | INFO | cache_prebuild split=train | progress=22000/36878 | stats={'enabled': True, 'mode': 'on_demand', 'hits': 0, 'misses': 22000, 'writes': 22000, 'write_skips': 0, 'sample_cache_dir': '/home/sanggyu1008/project/01_ENSO/01_data/05_cache/shared_dataset/9vars_nouasmax/train'}
2026-04-13 09:42:39,809 | INFO | cache_prebuild split=train | progress=23000/36878 | stats={'enabled': True, 'mode': 'on_demand', 'hits': 0, 'misses': 23000, 'writes': 23000, 'write_skips': 0, 'sample_cache_dir': '/home/sanggyu1008/project/01_ENSO/01_data/05_cache/shared_dataset/9vars_nouasmax/train'}
2026-04-13 10:26:23,515 | INFO | cache_prebuild split=train | progress=24000/36878 | stats={'enabled': True, 'mode': 'on_demand', 'hits': 0, 'misses': 24000, 'writes': 24000, 'write_skips': 0, 'sample_cache_dir': '/home/sanggyu1008/project/01_ENSO/01_data/05_cache/shared_dataset/9vars_nouasmax/train'}
2026-04-13 11:08:59,370 | INFO | cache_prebuild split=train | progress=25000/36878 | stats={'enabled': True, 'mode': 'on_demand', 'hits': 0, 'misses': 25000, 'writes': 25000, 'write_skips': 0, 'sample_cache_dir': '/home/sanggyu1008/project/01_ENSO/01_data/05_cache/shared_dataset/9vars_nouasmax/train'}
2026-04-13 11:52:58,072 | INFO | cache_prebuild split=train | progress=26000/36878 | stats={'enabled': True, 'mode': 'on_demand', 'hits': 0, 'misses': 26000, 'writes': 26000, 'write_skips': 0, 'sample_cache_dir': '/home/sanggyu1008/project/01_ENSO/01_data/05_cache/shared_dataset/9vars_nouasmax/train'}
2026-04-13 12:36:02,190 | INFO | cache_prebuild split=train | progress=27000/36878 | stats={'enabled': True, 'mode': 'on_demand', 'hits': 0, 'misses': 27000, 'writes': 27000, 'write_skips': 0, 'sample_cache_dir': '/home/sanggyu1008/project/01_ENSO/01_data/05_cache/shared_dataset/9vars_nouasmax/train'}
2026-04-13 13:18:29,787 | INFO | cache_prebuild split=train | progress=28000/36878 | stats={'enabled': True, 'mode': 'on_demand', 'hits': 0, 'misses': 28000, 'writes': 28000, 'write_skips': 0, 'sample_cache_dir': '/home/sanggyu1008/project/01_ENSO/01_data/05_cache/shared_dataset/9vars_nouasmax/train'}
2026-04-13 14:01:03,441 | INFO | cache_prebuild split=train | progress=29000/36878 | stats={'enabled': True, 'mode': 'on_demand', 'hits': 0, 'misses': 29000, 'writes': 29000, 'write_skips': 0, 'sample_cache_dir': '/home/sanggyu1008/project/01_ENSO/01_data/05_cache/shared_dataset/9vars_nouasmax/train'}
2026-04-13 14:44:03,923 | INFO | cache_prebuild split=train | progress=30000/36878 | stats={'enabled': True, 'mode': 'on_demand', 'hits': 0, 'misses': 30000, 'writes': 30000, 'write_skips': 0, 'sample_cache_dir': '/home/sanggyu1008/project/01_ENSO/01_data/05_cache/shared_dataset/9vars_nouasmax/train'}
2026-04-13 15:26:32,569 | INFO | cache_prebuild split=train | progress=31000/36878 | stats={'enabled': True, 'mode': 'on_demand', 'hits': 0, 'misses': 31000, 'writes': 31000, 'write_skips': 0, 'sample_cache_dir': '/home/sanggyu1008/project/01_ENSO/01_data/05_cache/shared_dataset/9vars_nouasmax/train'}
2026-04-13 16:09:26,423 | INFO | cache_prebuild split=train | progress=32000/36878 | stats={'enabled': True, 'mode': 'on_demand', 'hits': 0, 'misses': 32000, 'writes': 32000, 'write_skips': 0, 'sample_cache_dir': '/home/sanggyu1008/project/01_ENSO/01_data/05_cache/shared_dataset/9vars_nouasmax/train'}
2026-04-13 16:52:15,009 | INFO | cache_prebuild split=train | progress=33000/36878 | stats={'enabled': True, 'mode': 'on_demand', 'hits': 0, 'misses': 33000, 'writes': 33000, 'write_skips': 0, 'sample_cache_dir': '/home/sanggyu1008/project/01_ENSO/01_data/05_cache/shared_dataset/9vars_nouasmax/train'}
2026-04-13 17:36:48,298 | INFO | cache_prebuild split=train | progress=34000/36878 | stats={'enabled': True, 'mode': 'on_demand', 'hits': 0, 'misses': 34000, 'writes': 34000, 'write_skips': 0, 'sample_cache_dir': '/home/sanggyu1008/project/01_ENSO/01_data/05_cache/shared_dataset/9vars_nouasmax/train'}
2026-04-13 18:20:57,926 | INFO | cache_prebuild split=train | progress=35000/36878 | stats={'enabled': True, 'mode': 'on_demand', 'hits': 0, 'misses': 35000, 'writes': 35000, 'write_skips': 0, 'sample_cache_dir': '/home/sanggyu1008/project/01_ENSO/01_data/05_cache/shared_dataset/9vars_nouasmax/train'}
2026-04-13 19:05:41,425 | INFO | cache_prebuild split=train | progress=36000/36878 | stats={'enabled': True, 'mode': 'on_demand', 'hits': 0, 'misses': 36000, 'writes': 36000, 'write_skips': 0, 'sample_cache_dir': '/home/sanggyu1008/project/01_ENSO/01_data/05_cache/shared_dataset/9vars_nouasmax/train'}
2026-04-13 19:44:05,848 | INFO | cache_prebuild split=train | progress=36878/36878 | stats={'enabled': True, 'mode': 'on_demand', 'hits': 0, 'misses': 36878, 'writes': 36878, 'write_skips': 0, 'sample_cache_dir': '/home/sanggyu1008/project/01_ENSO/01_data/05_cache/shared_dataset/9vars_nouasmax/train'}
2026-04-13 19:44:05,850 | INFO | cache_prebuild split=validation | samples=1478
2026-04-13 19:46:18,873 | INFO | cache_prebuild split=validation | progress=1000/1478 | stats={'enabled': True, 'mode': 'on_demand', 'hits': 0, 'misses': 1000, 'writes': 1000, 'write_skips': 0, 'sample_cache_dir': '/home/sanggyu1008/project/01_ENSO/01_data/05_cache/shared_dataset/9vars_nouasmax/validation'}
2026-04-13 19:47:23,168 | INFO | cache_prebuild split=validation | progress=1478/1478 | stats={'enabled': True, 'mode': 'on_demand', 'hits': 0, 'misses': 1478, 'writes': 1478, 'write_skips': 0, 'sample_cache_dir': '/home/sanggyu1008/project/01_ENSO/01_data/05_cache/shared_dataset/9vars_nouasmax/validation'}
2026-04-13 19:47:23,168 | INFO | cache_prebuild split=test | samples=517
2026-04-13 19:48:20,024 | INFO | cache_prebuild split=test | progress=517/517 | stats={'enabled': True, 'mode': 'on_demand', 'hits': 0, 'misses': 517, 'writes': 517, 'write_skips': 0, 'sample_cache_dir': '/home/sanggyu1008/project/01_ENSO/01_data/05_cache/shared_dataset/9vars_nouasmax/test'}
2026-04-13 19:48:20,024 | INFO | cache_prebuild_finished
2026-04-15 09:46:55,306 | INFO | experiment=cnn_transformer_v1_nouasmax | device=cuda | amp=True
2026-04-15 09:46:55,306 | INFO | use_cache=True | cache_root=/home/sanggyu1008/project/01_ENSO/01_data/05_cache/shared_dataset
2026-04-15 09:46:55,306 | INFO | cache_namespace=9vars_nouasmax | cache_namespace_source=explicit | cache_mode=on_demand | cache_version=1 | cache_dtype=float32 | cache_dir=/home/sanggyu1008/project/01_ENSO/01_data/05_cache/shared_dataset/9vars_nouasmax | data_signature=fade657714f2e965cfefef5bbbe34297442e6382
2026-04-15 09:46:55,306 | INFO | train pairs=14 | val pairs=2 | test pairs=1
2026-04-15 09:46:55,306 | INFO | train samples=36878 | val samples=1478 | test samples=517
2026-04-15 09:46:55,306 | INFO | input_vars=['tos', 'ohc300', 'mlotst', 'sos', 'uos', 'vos', 'uas', 'vas', 'psl']
2026-04-15 09:46:55,307 | INFO | target_var=nino34
2026-04-15 09:46:55,307 | INFO | input_normalization enabled=True | eps=1e-06
2026-04-15 09:46:55,307 | INFO | train pair preview_count=5/14
2026-04-15 09:46:55,307 | INFO | train pair[1/14] file=input_ACCESS-CM2_historical_ssp370_r1i1p1f1.nc -> target_ACCESS-CM2_historical_ssp370_r1i1p1f1.nc
2026-04-15 09:46:55,307 | INFO | train pair[2/14] file=input_ACCESS-ESM1-5_historical_ssp370_r1i1p1f1.nc -> target_ACCESS-ESM1-5_historical_ssp370_r1i1p1f1.nc
2026-04-15 09:46:55,307 | INFO | train pair[3/14] file=input_ACCESS-ESM1-5_historical_ssp370_r2i1p1f1.nc -> target_ACCESS-ESM1-5_historical_ssp370_r2i1p1f1.nc
2026-04-15 09:46:55,307 | INFO | train pair[4/14] file=input_ACCESS-ESM1-5_historical_ssp370_r3i1p1f1.nc -> target_ACCESS-ESM1-5_historical_ssp370_r3i1p1f1.nc
2026-04-15 09:46:55,307 | INFO | train pair[5/14] file=input_CMCC-ESM2_historical_ssp370_r1i1p1f1.nc -> target_CMCC-ESM2_historical_ssp370_r1i1p1f1.nc
2026-04-15 09:46:55,307 | INFO | train excluded inputs=none
2026-04-15 09:46:55,307 | INFO | validation pair files=['validation_dataset_soda_20crv2_187101_197812.nc -> validation_target_soda_20crv2_187101_197812.nc', 'validation_dataset_oras5_era5_195801_197812.nc -> validation_target_oras5_era5_195801_197812.nc']
2026-04-15 09:46:55,378 | INFO | validation pair[1/2] name=soda_20crv2_1871_1978 | input=/home/sanggyu1008/project/01_ENSO/01_data/03_input/validation_dataset_soda_20crv2_187101_197812.nc | target=/home/sanggyu1008/project/01_ENSO/01_data/04_target/validation_target_soda_20crv2_187101_197812.nc
2026-04-15 09:46:55,378 | INFO | validation pair[1/2] file=validation_dataset_soda_20crv2_187101_197812.nc -> validation_target_soda_20crv2_187101_197812.nc | time_range=1871-01-01T00:00:00.000000000..1978-12-01T00:00:00.000000000 | n_time=1296 | input_vars=['tos', 'ohc300', 'mlotst', 'sos', 'uos', 'vos', 'uas', 'vas', 'psl'] | target_var=nino34 | valid_anchors=1261
2026-04-15 09:46:55,391 | INFO | validation pair[2/2] name=oras5_era5_1958_1978 | input=/home/sanggyu1008/project/01_ENSO/01_data/03_input/validation_dataset_oras5_era5_195801_197812.nc | target=/home/sanggyu1008/project/01_ENSO/01_data/04_target/validation_target_oras5_era5_195801_197812.nc
2026-04-15 09:46:55,391 | INFO | validation pair[2/2] file=validation_dataset_oras5_era5_195801_197812.nc -> validation_target_oras5_era5_195801_197812.nc | time_range=1958-01-01T00:00:00.000000000..1978-12-01T00:00:00.000000000 | n_time=252 | input_vars=['tos', 'ohc300', 'mlotst', 'sos', 'uos', 'vos', 'uas', 'vas', 'psl'] | target_var=nino34 | valid_anchors=217
2026-04-15 09:46:55,391 | INFO | test pair files=['test_dataset_godas_era5_198001_202512.nc -> test_target_nino34_ersstv5_198001_202512.nc']
2026-04-15 09:46:55,420 | INFO | test pair[1/1] name=godas_era5_input__ersstv5_nino34_target | input=/home/sanggyu1008/project/01_ENSO/01_data/03_input/test_dataset_godas_era5_198001_202512.nc | target=/home/sanggyu1008/project/01_ENSO/01_data/04_target/test_target_nino34_ersstv5_198001_202512.nc
2026-04-15 09:46:55,420 | INFO | test pair[1/1] file=test_dataset_godas_era5_198001_202512.nc -> test_target_nino34_ersstv5_198001_202512.nc | time_range=1980-01-01T00:00:00.000000000..2025-12-01T00:00:00.000000000 | n_time=552 | input_vars=['tos', 'ohc300', 'mlotst', 'sos', 'uos', 'vos', 'uas', 'vas', 'psl'] | target_var=nino34 | valid_anchors=517
2026-04-15 09:46:55,420 | INFO | run_test_each_epoch=False | run_final_test_after_training=False
2026-04-15 09:46:55,420 | INFO | best_metric=val_loss | best_metric_mode=min
2026-04-15 09:46:55,420 | INFO | input_norm_stats mean_shape=(9,) | std_shape=(9,)
2026-04-15 09:46:56,706 | INFO | model=cnn_transformer_v1 | trainable_params=688184
2026-04-15 09:46:57,220 | INFO | optimizer=AdamW | base_lr=2.000e-04 | warmup_epochs=0 | warmup_start_factor=0.100
2026-04-15 09:46:57,220 | INFO | train_loss=LeadWeightedMSELoss | use_lead_loss_weights=True
2026-04-15 10:37:56,903 | INFO | epoch=001 | lr=2.000e-04 | train_loss=0.724704 | val_loss=0.635569 | val_corr=0.2917
2026-04-15 11:38:33,386 | INFO | epoch=002 | lr=2.000e-04 | train_loss=0.620890 | val_loss=0.637225 | val_corr=0.3645
2026-04-15 12:33:11,409 | INFO | epoch=003 | lr=2.000e-04 | train_loss=0.586209 | val_loss=0.668034 | val_corr=0.3657
2026-04-15 13:31:52,579 | INFO | epoch=004 | lr=2.000e-04 | train_loss=0.558968 | val_loss=0.721892 | val_corr=0.3609
2026-04-15 14:23:51,841 | INFO | epoch=005 | lr=2.000e-04 | train_loss=0.536268 | val_loss=0.645206 | val_corr=0.3849
2026-04-15 15:06:32,075 | INFO | experiment=cnn_transformer_v1_nouasmax | device=cuda | amp=True
2026-04-15 15:06:32,075 | INFO | use_cache=True | cache_root=/home/sanggyu1008/project/01_ENSO/01_data/05_cache/shared_dataset
2026-04-15 15:06:32,075 | INFO | cache_namespace=9vars_nouasmax | cache_namespace_source=explicit | cache_mode=on_demand | cache_version=1 | cache_dtype=float32 | cache_dir=/home/sanggyu1008/project/01_ENSO/01_data/05_cache/shared_dataset/9vars_nouasmax | data_signature=fade657714f2e965cfefef5bbbe34297442e6382
2026-04-15 15:06:32,075 | INFO | train pairs=14 | val pairs=2 | test pairs=1
2026-04-15 15:06:32,075 | INFO | train samples=36878 | val samples=1478 | test samples=517
2026-04-15 15:06:32,075 | INFO | input_vars=['tos', 'ohc300', 'mlotst', 'sos', 'uos', 'vos', 'uas', 'vas', 'psl']
2026-04-15 15:06:32,075 | INFO | target_var=nino34
2026-04-15 15:06:32,076 | INFO | input_normalization enabled=True | eps=1e-06
2026-04-15 15:06:32,076 | INFO | train pair preview_count=5/14
2026-04-15 15:06:32,076 | INFO | train pair[1/14] file=input_ACCESS-CM2_historical_ssp370_r1i1p1f1.nc -> target_ACCESS-CM2_historical_ssp370_r1i1p1f1.nc
2026-04-15 15:06:32,076 | INFO | train pair[2/14] file=input_ACCESS-ESM1-5_historical_ssp370_r1i1p1f1.nc -> target_ACCESS-ESM1-5_historical_ssp370_r1i1p1f1.nc
2026-04-15 15:06:32,076 | INFO | train pair[3/14] file=input_ACCESS-ESM1-5_historical_ssp370_r2i1p1f1.nc -> target_ACCESS-ESM1-5_historical_ssp370_r2i1p1f1.nc
2026-04-15 15:06:32,076 | INFO | train pair[4/14] file=input_ACCESS-ESM1-5_historical_ssp370_r3i1p1f1.nc -> target_ACCESS-ESM1-5_historical_ssp370_r3i1p1f1.nc
2026-04-15 15:06:32,076 | INFO | train pair[5/14] file=input_CMCC-ESM2_historical_ssp370_r1i1p1f1.nc -> target_CMCC-ESM2_historical_ssp370_r1i1p1f1.nc
2026-04-15 15:06:32,076 | INFO | train excluded inputs=none
2026-04-15 15:06:32,076 | INFO | validation pair files=['validation_dataset_soda_20crv2_187101_197812.nc -> validation_target_soda_20crv2_187101_197812.nc', 'validation_dataset_oras5_era5_195801_197812.nc -> validation_target_oras5_era5_195801_197812.nc']
2026-04-15 15:06:32,148 | INFO | validation pair[1/2] name=soda_20crv2_1871_1978 | input=/home/sanggyu1008/project/01_ENSO/01_data/03_input/validation_dataset_soda_20crv2_187101_197812.nc | target=/home/sanggyu1008/project/01_ENSO/01_data/04_target/validation_target_soda_20crv2_187101_197812.nc
2026-04-15 15:06:32,148 | INFO | validation pair[1/2] file=validation_dataset_soda_20crv2_187101_197812.nc -> validation_target_soda_20crv2_187101_197812.nc | time_range=1871-01-01T00:00:00.000000000..1978-12-01T00:00:00.000000000 | n_time=1296 | input_vars=['tos', 'ohc300', 'mlotst', 'sos', 'uos', 'vos', 'uas', 'vas', 'psl'] | target_var=nino34 | valid_anchors=1261
2026-04-15 15:06:32,162 | INFO | validation pair[2/2] name=oras5_era5_1958_1978 | input=/home/sanggyu1008/project/01_ENSO/01_data/03_input/validation_dataset_oras5_era5_195801_197812.nc | target=/home/sanggyu1008/project/01_ENSO/01_data/04_target/validation_target_oras5_era5_195801_197812.nc
2026-04-15 15:06:32,162 | INFO | validation pair[2/2] file=validation_dataset_oras5_era5_195801_197812.nc -> validation_target_oras5_era5_195801_197812.nc | time_range=1958-01-01T00:00:00.000000000..1978-12-01T00:00:00.000000000 | n_time=252 | input_vars=['tos', 'ohc300', 'mlotst', 'sos', 'uos', 'vos', 'uas', 'vas', 'psl'] | target_var=nino34 | valid_anchors=217
2026-04-15 15:06:32,162 | INFO | test pair files=['test_dataset_godas_era5_198001_202512.nc -> test_target_nino34_ersstv5_198001_202512.nc']
2026-04-15 15:06:32,191 | INFO | test pair[1/1] name=godas_era5_input__ersstv5_nino34_target | input=/home/sanggyu1008/project/01_ENSO/01_data/03_input/test_dataset_godas_era5_198001_202512.nc | target=/home/sanggyu1008/project/01_ENSO/01_data/04_target/test_target_nino34_ersstv5_198001_202512.nc
2026-04-15 15:06:32,191 | INFO | test pair[1/1] file=test_dataset_godas_era5_198001_202512.nc -> test_target_nino34_ersstv5_198001_202512.nc | time_range=1980-01-01T00:00:00.000000000..2025-12-01T00:00:00.000000000 | n_time=552 | input_vars=['tos', 'ohc300', 'mlotst', 'sos', 'uos', 'vos', 'uas', 'vas', 'psl'] | target_var=nino34 | valid_anchors=517
2026-04-15 15:06:32,191 | INFO | run_test_each_epoch=False | run_final_test_after_training=False
2026-04-15 15:06:32,191 | INFO | best_metric=val_loss | best_metric_mode=min
2026-04-15 15:06:32,191 | INFO | input_norm_stats mean_shape=(9,) | std_shape=(9,)
2026-04-15 15:06:34,791 | INFO | model=cnn_transformer_v1 | trainable_params=688184
2026-04-15 15:06:41,602 | INFO | optimizer=AdamW | base_lr=2.000e-04 | warmup_epochs=0 | warmup_start_factor=0.100
2026-04-15 15:06:41,602 | INFO | train_loss=MSELoss | use_lead_loss_weights=False
2026-04-15 16:18:47,723 | INFO | epoch=001 | lr=2.000e-04 | train_loss=0.703671 | val_loss=0.632610 | val_corr=0.3262
2026-04-15 17:19:53,876 | INFO | epoch=002 | lr=2.000e-04 | train_loss=0.595841 | val_loss=0.660411 | val_corr=0.3465
2026-04-15 18:22:15,154 | INFO | epoch=003 | lr=2.000e-04 | train_loss=0.563655 | val_loss=0.718826 | val_corr=0.3757
2026-04-15 19:24:02,203 | INFO | epoch=004 | lr=2.000e-04 | train_loss=0.537382 | val_loss=0.894312 | val_corr=0.3533
2026-04-15 20:22:09,582 | INFO | epoch=005 | lr=2.000e-04 | train_loss=0.514553 | val_loss=0.730087 | val_corr=0.3781
2026-04-15 21:21:16,522 | INFO | epoch=006 | lr=1.000e-04 | train_loss=0.478208 | val_loss=0.774179 | val_corr=0.3718
2026-04-15 22:19:24,511 | INFO | epoch=007 | lr=1.000e-04 | train_loss=0.458576 | val_loss=0.795685 | val_corr=0.3562
2026-04-15 23:24:46,222 | INFO | epoch=008 | lr=1.000e-04 | train_loss=0.442637 | val_loss=0.860016 | val_corr=0.3684
2026-04-16 00:26:10,923 | INFO | epoch=009 | lr=1.000e-04 | train_loss=0.428378 | val_loss=0.935889 | val_corr=0.3470
2026-04-16 00:26:10,924 | INFO | early_stopping epoch=9 | best_epoch=1 | best_metric=val_loss | best_metric_mode=min | best_metric_value=0.632610
2026-04-16 00:26:11,074 | INFO | training_finished | best_epoch=1 | best_metric=val_loss | best_metric_mode=min | best_metric_value=0.632610
