2026-04-23 19:02:07,716 | INFO | experiment=cnn_transformer_v2j | device=cuda | amp=True
2026-04-23 19:02:07,716 | INFO | use_cache=True | cache_root=/home/sanggyu1008/project/01_ENSO/01_data/05_cache/shared_dataset
2026-04-23 19:02:07,716 | INFO | cache_namespace=10vars | cache_namespace_source=explicit | cache_mode=on_demand | cache_version=1 | cache_dtype=float32 | cache_dir=/home/sanggyu1008/project/01_ENSO/01_data/05_cache/shared_dataset/10vars | data_signature=3bac236ffc2a6095c98e207b5a28c3a6faf07c9c
2026-04-23 19:02:07,716 | INFO | train pairs=14 | val pairs=2 | test pairs=1
2026-04-23 19:02:07,716 | INFO | train samples=36878 | val samples=1478 | test samples=517
2026-04-23 19:02:07,716 | INFO | input_vars=['tos', 'ohc300', 'mlotst', 'sos', 'uos', 'vos', 'uas', 'uasmax', 'vas', 'psl']
2026-04-23 19:02:07,717 | INFO | target_var=nino34
2026-04-23 19:02:07,717 | INFO | input_normalization enabled=True | eps=1e-06
2026-04-23 19:02:07,717 | INFO | train pair preview_count=5/14
2026-04-23 19:02:07,717 | INFO | train pair[1/14] file=input_ACCESS-CM2_historical_ssp370_r1i1p1f1.nc -> target_ACCESS-CM2_historical_ssp370_r1i1p1f1.nc
2026-04-23 19:02:07,717 | INFO | train pair[2/14] file=input_ACCESS-ESM1-5_historical_ssp370_r1i1p1f1.nc -> target_ACCESS-ESM1-5_historical_ssp370_r1i1p1f1.nc
2026-04-23 19:02:07,717 | INFO | train pair[3/14] file=input_ACCESS-ESM1-5_historical_ssp370_r2i1p1f1.nc -> target_ACCESS-ESM1-5_historical_ssp370_r2i1p1f1.nc
2026-04-23 19:02:07,717 | INFO | train pair[4/14] file=input_ACCESS-ESM1-5_historical_ssp370_r3i1p1f1.nc -> target_ACCESS-ESM1-5_historical_ssp370_r3i1p1f1.nc
2026-04-23 19:02:07,717 | INFO | train pair[5/14] file=input_CMCC-ESM2_historical_ssp370_r1i1p1f1.nc -> target_CMCC-ESM2_historical_ssp370_r1i1p1f1.nc
2026-04-23 19:02:07,717 | INFO | train excluded inputs=none
2026-04-23 19:02:07,717 | INFO | validation pair files=['validation_dataset_soda_20crv2_187101_197812.nc -> validation_target_soda_20crv2_187101_197812.nc', 'validation_dataset_oras5_era5_195801_197812.nc -> validation_target_oras5_era5_195801_197812.nc']
2026-04-23 19:02:07,788 | INFO | validation pair[1/2] name=soda_20crv2_1871_1978 | input=/home/sanggyu1008/project/01_ENSO/01_data/03_input/validation_dataset_soda_20crv2_187101_197812.nc | target=/home/sanggyu1008/project/01_ENSO/01_data/04_target/validation_target_soda_20crv2_187101_197812.nc
2026-04-23 19:02:07,788 | INFO | validation pair[1/2] file=validation_dataset_soda_20crv2_187101_197812.nc -> validation_target_soda_20crv2_187101_197812.nc | time_range=1871-01-01T00:00:00.000000000..1978-12-01T00:00:00.000000000 | init_range=1871-12-01T00:00:00.000000000..1976-12-01T00:00:00.000000000 | n_time=1296 | input_vars=['tos', 'ohc300', 'mlotst', 'sos', 'uos', 'vos', 'uas', 'uasmax', 'vas', 'psl'] | target_var=nino34 | valid_anchors=1261
2026-04-23 19:02:07,802 | INFO | validation pair[2/2] name=oras5_era5_1958_1978 | input=/home/sanggyu1008/project/01_ENSO/01_data/03_input/validation_dataset_oras5_era5_195801_197812.nc | target=/home/sanggyu1008/project/01_ENSO/01_data/04_target/validation_target_oras5_era5_195801_197812.nc
2026-04-23 19:02:07,802 | INFO | validation pair[2/2] file=validation_dataset_oras5_era5_195801_197812.nc -> validation_target_oras5_era5_195801_197812.nc | time_range=1958-01-01T00:00:00.000000000..1978-12-01T00:00:00.000000000 | init_range=1958-12-01T00:00:00.000000000..1976-12-01T00:00:00.000000000 | n_time=252 | input_vars=['tos', 'ohc300', 'mlotst', 'sos', 'uos', 'vos', 'uas', 'uasmax', 'vas', 'psl'] | target_var=nino34 | valid_anchors=217
2026-04-23 19:02:07,802 | INFO | test pair files=['test_dataset_godas_era5_198001_202512.nc -> test_target_nino34_ersstv5_198001_202512.nc']
2026-04-23 19:02:07,831 | INFO | test pair[1/1] name=godas_era5_input__ersstv5_nino34_target | input=/home/sanggyu1008/project/01_ENSO/01_data/03_input/test_dataset_godas_era5_198001_202512.nc | target=/home/sanggyu1008/project/01_ENSO/01_data/04_target/test_target_nino34_ersstv5_198001_202512.nc
2026-04-23 19:02:07,831 | INFO | test pair[1/1] file=test_dataset_godas_era5_198001_202512.nc -> test_target_nino34_ersstv5_198001_202512.nc | time_range=1980-01-01T00:00:00.000000000..2025-12-01T00:00:00.000000000 | init_range=1980-12-01T00:00:00.000000000..2023-12-01T00:00:00.000000000 | n_time=552 | input_vars=['tos', 'ohc300', 'mlotst', 'sos', 'uos', 'vos', 'uas', 'uasmax', 'vas', 'psl'] | target_var=nino34 | valid_anchors=517
2026-04-23 19:02:07,831 | INFO | run_test_each_epoch=False | run_final_test_after_training=False
2026-04-23 19:02:07,831 | INFO | best_metric=val_loss | best_metric_mode=min
2026-04-23 19:02:07,831 | INFO | input_norm_stats mean_shape=(10,) | std_shape=(10,)
2026-04-23 19:02:10,478 | INFO | model=cnn_transformer_v2j | trainable_params=692312
2026-04-23 19:02:15,760 | INFO | optimizer=AdamW | base_lr=2.000e-04 | warmup_epochs=0 | warmup_start_factor=0.100
2026-04-23 19:02:15,761 | INFO | train_loss=MSELoss | use_lead_loss_weights=False
2026-04-23 19:53:42,998 | INFO | epoch=001 | lr=2.000e-04 | train_loss=0.708959 | val_loss=0.638348 | val_corr=0.3563
2026-04-23 20:45:00,265 | INFO | epoch=002 | lr=2.000e-04 | train_loss=0.593489 | val_loss=0.627620 | val_corr=0.3871
2026-04-23 21:36:14,573 | INFO | epoch=003 | lr=2.000e-04 | train_loss=0.558040 | val_loss=0.634738 | val_corr=0.3802
2026-04-23 22:27:26,629 | INFO | epoch=004 | lr=2.000e-04 | train_loss=0.529122 | val_loss=0.640910 | val_corr=0.3908
2026-04-23 23:18:39,643 | INFO | epoch=005 | lr=2.000e-04 | train_loss=0.504451 | val_loss=0.645738 | val_corr=0.3920
2026-04-24 00:09:52,723 | INFO | epoch=006 | lr=2.000e-04 | train_loss=0.477677 | val_loss=0.712924 | val_corr=0.3757
2026-04-24 01:01:05,544 | INFO | epoch=007 | lr=1.000e-04 | train_loss=0.432491 | val_loss=0.735938 | val_corr=0.3662
2026-04-24 01:52:18,552 | INFO | epoch=008 | lr=1.000e-04 | train_loss=0.410840 | val_loss=0.741203 | val_corr=0.3832
2026-04-24 02:43:32,217 | INFO | epoch=009 | lr=1.000e-04 | train_loss=0.394769 | val_loss=0.753624 | val_corr=0.3773
2026-04-24 03:34:45,453 | INFO | epoch=010 | lr=1.000e-04 | train_loss=0.376915 | val_loss=0.752644 | val_corr=0.3831
2026-04-24 03:34:45,454 | INFO | early_stopping epoch=10 | best_epoch=2 | best_metric=val_loss | best_metric_mode=min | best_metric_value=0.627620
2026-04-24 03:34:45,550 | INFO | training_finished | best_epoch=2 | best_metric=val_loss | best_metric_mode=min | best_metric_value=0.627620
