2026-04-02 16:07:30,034 | INFO | experiment=cnn_transformer_baseline_v2 | device=cuda | amp=True
2026-04-02 16:07:30,035 | INFO | use_cache=False | cache_root=/home/sanggyu1008/project/01_ENSO/01_data/05_cache/baseline
2026-04-02 16:07:30,035 | INFO | train pairs=17 | val pairs=1 | test pairs=1
2026-04-02 16:07:30,035 | INFO | train samples=16949 | val samples=913 | test samples=517
2026-04-02 16:07:30,035 | INFO | input_vars=['tos', 'ohc300', 'mlotst', 'sos', 'uos', 'vos', 'uas', 'uasmax', 'vas', 'psl']
2026-04-02 16:07:30,035 | INFO | target_var=nino34
2026-04-02 16:07:30,035 | INFO | input_normalization enabled=True | eps=1e-06
2026-04-02 16:07:30,035 | INFO | run_test_each_epoch=False | run_final_test_after_training=False
2026-04-02 16:07:30,035 | INFO | input_norm_stats mean_shape=(10,) | std_shape=(10,)
2026-04-02 16:07:31,470 | INFO | model=cnn_transformer_baseline | trainable_params=4376792
2026-04-02 16:07:31,996 | INFO | optimizer=AdamW | base_lr=1.000e-04 | warmup_epochs=0 | warmup_start_factor=0.100
2026-04-02 16:52:14,654 | INFO | experiment=cnn_transformer_baseline_v2 | device=cuda | amp=True
2026-04-02 16:52:14,655 | INFO | use_cache=True | cache_root=/home/sanggyu1008/project/01_ENSO/01_data/05_cache/cnn_transformer_baseline_v2
2026-04-02 16:52:14,655 | INFO | train pairs=17 | val pairs=1 | test pairs=1
2026-04-02 16:52:14,655 | INFO | train samples=16949 | val samples=913 | test samples=517
2026-04-02 16:52:14,655 | INFO | input_vars=['tos', 'ohc300', 'mlotst', 'sos', 'uos', 'vos', 'uas', 'uasmax', 'vas', 'psl']
2026-04-02 16:52:14,655 | INFO | target_var=nino34
2026-04-02 16:52:14,655 | INFO | input_normalization enabled=True | eps=1e-06
2026-04-02 16:52:14,655 | INFO | run_test_each_epoch=False | run_final_test_after_training=False
2026-04-02 16:52:14,655 | INFO | input_norm_stats mean_shape=(10,) | std_shape=(10,)
2026-04-02 16:52:16,173 | INFO | model=cnn_transformer_baseline | trainable_params=4376792
2026-04-02 16:52:16,746 | INFO | optimizer=AdamW | base_lr=1.000e-04 | warmup_epochs=0 | warmup_start_factor=0.100
2026-04-02 18:01:52,148 | INFO | epoch=001 | lr=1.000e-04 | train_loss=0.728823 | val_loss=0.723049 | val_corr=0.3380
2026-04-02 18:10:18,030 | INFO | experiment=cnn_transformer_baseline_v2 | device=cuda | amp=True
2026-04-02 18:10:18,031 | INFO | use_cache=True | cache_root=/home/sanggyu1008/project/01_ENSO/01_data/05_cache/cnn_transformer_baseline_v2
2026-04-02 18:10:18,031 | INFO | train pairs=17 | val pairs=1 | test pairs=1
2026-04-02 18:10:18,031 | INFO | train samples=16949 | val samples=913 | test samples=517
2026-04-02 18:10:18,031 | INFO | input_vars=['tos', 'ohc300', 'mlotst', 'sos', 'uos', 'vos', 'uas', 'uasmax', 'vas', 'psl']
2026-04-02 18:10:18,031 | INFO | target_var=nino34
2026-04-02 18:10:18,031 | INFO | input_normalization enabled=True | eps=1e-06
2026-04-02 18:10:18,031 | INFO | run_test_each_epoch=False | run_final_test_after_training=False
2026-04-02 18:10:18,031 | INFO | input_norm_stats mean_shape=(10,) | std_shape=(10,)
2026-04-02 18:10:20,296 | INFO | model=cnn_transformer_baseline | trainable_params=4376792
2026-04-02 18:10:23,847 | INFO | optimizer=AdamW | base_lr=1.000e-04 | warmup_epochs=0 | warmup_start_factor=0.100
2026-04-02 18:21:13,680 | INFO | epoch=001 | lr=1.000e-04 | train_loss=0.728823 | val_loss=0.723049 | val_corr=0.3380
2026-04-02 18:31:48,275 | INFO | epoch=002 | lr=1.000e-04 | train_loss=0.581210 | val_loss=0.804812 | val_corr=0.3060
2026-04-02 18:42:09,452 | INFO | epoch=003 | lr=1.000e-04 | train_loss=0.453295 | val_loss=0.967200 | val_corr=0.3143
2026-04-02 18:52:30,909 | INFO | epoch=004 | lr=1.000e-04 | train_loss=0.343603 | val_loss=1.141680 | val_corr=0.3064
2026-04-02 19:02:53,337 | INFO | epoch=005 | lr=1.000e-04 | train_loss=0.266470 | val_loss=1.086811 | val_corr=0.3032
2026-04-02 19:13:12,987 | INFO | epoch=006 | lr=5.000e-05 | train_loss=0.193777 | val_loss=1.105821 | val_corr=0.3027
2026-04-02 19:23:32,653 | INFO | epoch=007 | lr=5.000e-05 | train_loss=0.169810 | val_loss=1.078473 | val_corr=0.3048
2026-04-02 19:33:51,803 | INFO | epoch=008 | lr=5.000e-05 | train_loss=0.153602 | val_loss=0.958077 | val_corr=0.2951
2026-04-02 19:44:10,963 | INFO | epoch=009 | lr=5.000e-05 | train_loss=0.141429 | val_loss=0.983680 | val_corr=0.2984
2026-04-02 19:44:10,963 | INFO | early_stopping epoch=9 | best_epoch=1 | best_val_loss=0.723049
2026-04-02 19:44:10,996 | INFO | training_finished | best_epoch=1 | best_val_loss=0.723049
