2026-04-03 17:39:15,086 | INFO | experiment=cnn_transformer_baseline_v3g | device=cuda | amp=True
2026-04-03 17:39:15,087 | INFO | use_cache=True | cache_root=/home/sanggyu1008/project/01_ENSO/01_data/05_cache/cnn_transformer_baseline_v2
2026-04-03 17:39:15,087 | INFO | train pairs=17 | val pairs=1 | test pairs=1
2026-04-03 17:39:15,087 | INFO | train samples=16949 | val samples=913 | test samples=517
2026-04-03 17:39:15,087 | INFO | input_vars=['tos', 'ohc300', 'mlotst', 'sos', 'uos', 'vos', 'uas', 'uasmax', 'vas', 'psl']
2026-04-03 17:39:15,087 | INFO | target_var=nino34
2026-04-03 17:39:15,087 | INFO | input_normalization enabled=True | eps=1e-06
2026-04-03 17:39:15,087 | INFO | run_test_each_epoch=False | run_final_test_after_training=False
2026-04-03 17:39:15,087 | INFO | input_norm_stats mean_shape=(10,) | std_shape=(10,)
2026-04-03 17:39:16,629 | INFO | model=cnn_transformer_baseline | trainable_params=4376792
2026-04-03 17:39:19,440 | INFO | optimizer=AdamW | base_lr=3.000e-05 | warmup_epochs=0 | warmup_start_factor=0.100
2026-04-03 17:49:53,111 | INFO | epoch=001 | lr=3.000e-05 | train_loss=0.800979 | val_loss=0.696643 | val_corr=0.3318
2026-04-03 18:00:13,542 | INFO | epoch=002 | lr=3.000e-05 | train_loss=0.644413 | val_loss=0.694990 | val_corr=0.3364
2026-04-03 18:10:33,234 | INFO | epoch=003 | lr=3.000e-05 | train_loss=0.568564 | val_loss=0.805862 | val_corr=0.3240
2026-04-03 18:20:51,631 | INFO | epoch=004 | lr=3.000e-05 | train_loss=0.492783 | val_loss=0.957255 | val_corr=0.3325
2026-04-03 18:31:11,349 | INFO | epoch=005 | lr=9.000e-06 | train_loss=0.408823 | val_loss=1.023458 | val_corr=0.3238
2026-04-03 18:41:30,289 | INFO | epoch=006 | lr=9.000e-06 | train_loss=0.380775 | val_loss=1.121523 | val_corr=0.3099
2026-04-03 18:51:49,170 | INFO | epoch=007 | lr=2.700e-06 | train_loss=0.353777 | val_loss=1.112554 | val_corr=0.3044
2026-04-03 19:02:07,670 | INFO | epoch=008 | lr=2.700e-06 | train_loss=0.344460 | val_loss=1.041923 | val_corr=0.3004
2026-04-03 19:12:25,918 | INFO | epoch=009 | lr=1.000e-06 | train_loss=0.335346 | val_loss=1.066128 | val_corr=0.2994
2026-04-03 19:22:44,303 | INFO | epoch=010 | lr=1.000e-06 | train_loss=0.332007 | val_loss=1.094815 | val_corr=0.2962
2026-04-03 19:22:44,303 | INFO | early_stopping epoch=10 | best_epoch=2 | best_val_loss=0.694990
2026-04-03 19:22:44,304 | INFO | training_finished | best_epoch=2 | best_val_loss=0.694990
