2026-04-23 23:29:28,904 | INFO | experiment=cnn_transformer_v2h | device=cuda | amp=True
2026-04-23 23:29:28,905 | INFO | use_cache=True | cache_root=/home/sanggyu1008/project/01_ENSO/01_data/05_cache/shared_dataset
2026-04-23 23:29:28,905 | INFO | cache_namespace=10vars | cache_namespace_source=explicit | cache_mode=on_demand | cache_version=1 | cache_dtype=float32 | cache_dir=/home/sanggyu1008/project/01_ENSO/01_data/05_cache/shared_dataset/10vars | data_signature=3bac236ffc2a6095c98e207b5a28c3a6faf07c9c
2026-04-23 23:29:28,905 | INFO | train pairs=14 | val pairs=2 | test pairs=1
2026-04-23 23:29:28,905 | INFO | train samples=36878 | val samples=1478 | test samples=517
2026-04-23 23:29:28,905 | INFO | input_vars=['tos', 'ohc300', 'mlotst', 'sos', 'uos', 'vos', 'uas', 'uasmax', 'vas', 'psl']
2026-04-23 23:29:28,905 | INFO | target_var=nino34
2026-04-23 23:29:28,905 | INFO | input_normalization enabled=True | eps=1e-06
2026-04-23 23:29:28,905 | INFO | train pair preview_count=5/14
2026-04-23 23:29:28,905 | INFO | train pair[1/14] file=input_ACCESS-CM2_historical_ssp370_r1i1p1f1.nc -> target_ACCESS-CM2_historical_ssp370_r1i1p1f1.nc
2026-04-23 23:29:28,906 | INFO | train pair[2/14] file=input_ACCESS-ESM1-5_historical_ssp370_r1i1p1f1.nc -> target_ACCESS-ESM1-5_historical_ssp370_r1i1p1f1.nc
2026-04-23 23:29:28,906 | INFO | train pair[3/14] file=input_ACCESS-ESM1-5_historical_ssp370_r2i1p1f1.nc -> target_ACCESS-ESM1-5_historical_ssp370_r2i1p1f1.nc
2026-04-23 23:29:28,906 | INFO | train pair[4/14] file=input_ACCESS-ESM1-5_historical_ssp370_r3i1p1f1.nc -> target_ACCESS-ESM1-5_historical_ssp370_r3i1p1f1.nc
2026-04-23 23:29:28,906 | INFO | train pair[5/14] file=input_CMCC-ESM2_historical_ssp370_r1i1p1f1.nc -> target_CMCC-ESM2_historical_ssp370_r1i1p1f1.nc
2026-04-23 23:29:28,906 | INFO | train excluded inputs=none
2026-04-23 23:29:28,906 | INFO | validation pair files=['validation_dataset_soda_20crv2_187101_197812.nc -> validation_target_soda_20crv2_187101_197812.nc', 'validation_dataset_oras5_era5_195801_197812.nc -> validation_target_oras5_era5_195801_197812.nc']
2026-04-23 23:29:28,976 | INFO | validation pair[1/2] name=soda_20crv2_1871_1978 | input=/home/sanggyu1008/project/01_ENSO/01_data/03_input/validation_dataset_soda_20crv2_187101_197812.nc | target=/home/sanggyu1008/project/01_ENSO/01_data/04_target/validation_target_soda_20crv2_187101_197812.nc
2026-04-23 23:29:28,976 | INFO | validation pair[1/2] file=validation_dataset_soda_20crv2_187101_197812.nc -> validation_target_soda_20crv2_187101_197812.nc | time_range=1871-01-01T00:00:00.000000000..1978-12-01T00:00:00.000000000 | init_range=1871-12-01T00:00:00.000000000..1976-12-01T00:00:00.000000000 | n_time=1296 | input_vars=['tos', 'ohc300', 'mlotst', 'sos', 'uos', 'vos', 'uas', 'uasmax', 'vas', 'psl'] | target_var=nino34 | valid_anchors=1261
2026-04-23 23:29:28,989 | INFO | validation pair[2/2] name=oras5_era5_1958_1978 | input=/home/sanggyu1008/project/01_ENSO/01_data/03_input/validation_dataset_oras5_era5_195801_197812.nc | target=/home/sanggyu1008/project/01_ENSO/01_data/04_target/validation_target_oras5_era5_195801_197812.nc
2026-04-23 23:29:28,990 | INFO | validation pair[2/2] file=validation_dataset_oras5_era5_195801_197812.nc -> validation_target_oras5_era5_195801_197812.nc | time_range=1958-01-01T00:00:00.000000000..1978-12-01T00:00:00.000000000 | init_range=1958-12-01T00:00:00.000000000..1976-12-01T00:00:00.000000000 | n_time=252 | input_vars=['tos', 'ohc300', 'mlotst', 'sos', 'uos', 'vos', 'uas', 'uasmax', 'vas', 'psl'] | target_var=nino34 | valid_anchors=217
2026-04-23 23:29:28,990 | INFO | test pair files=['test_dataset_godas_era5_198001_202512.nc -> test_target_nino34_ersstv5_198001_202512.nc']
2026-04-23 23:29:29,019 | INFO | test pair[1/1] name=godas_era5_input__ersstv5_nino34_target | input=/home/sanggyu1008/project/01_ENSO/01_data/03_input/test_dataset_godas_era5_198001_202512.nc | target=/home/sanggyu1008/project/01_ENSO/01_data/04_target/test_target_nino34_ersstv5_198001_202512.nc
2026-04-23 23:29:29,019 | INFO | test pair[1/1] file=test_dataset_godas_era5_198001_202512.nc -> test_target_nino34_ersstv5_198001_202512.nc | time_range=1980-01-01T00:00:00.000000000..2025-12-01T00:00:00.000000000 | init_range=1980-12-01T00:00:00.000000000..2023-12-01T00:00:00.000000000 | n_time=552 | input_vars=['tos', 'ohc300', 'mlotst', 'sos', 'uos', 'vos', 'uas', 'uasmax', 'vas', 'psl'] | target_var=nino34 | valid_anchors=517
2026-04-23 23:29:29,019 | INFO | run_test_each_epoch=False | run_final_test_after_training=False
2026-04-23 23:29:29,019 | INFO | best_metric=val_loss | best_metric_mode=min
2026-04-23 23:29:29,019 | INFO | input_norm_stats mean_shape=(10,) | std_shape=(10,)
2026-04-23 23:29:31,303 | INFO | model=cnn_transformer_v2h | trainable_params=685400
2026-04-23 23:29:35,311 | INFO | optimizer=AdamW | base_lr=2.000e-04 | warmup_epochs=0 | warmup_start_factor=0.100
2026-04-23 23:29:35,311 | INFO | train_loss=MSELoss | use_lead_loss_weights=False
2026-04-24 00:21:20,811 | INFO | epoch=001 | lr=2.000e-04 | train_loss=0.718703 | val_loss=0.677392 | val_corr=0.3314
2026-04-24 01:12:57,399 | INFO | epoch=002 | lr=2.000e-04 | train_loss=0.611851 | val_loss=0.706293 | val_corr=0.3411
2026-04-24 02:04:29,722 | INFO | epoch=003 | lr=2.000e-04 | train_loss=0.573915 | val_loss=0.667119 | val_corr=0.3452
2026-04-24 02:56:02,138 | INFO | epoch=004 | lr=2.000e-04 | train_loss=0.547472 | val_loss=0.668670 | val_corr=0.3217
2026-04-24 03:47:33,373 | INFO | epoch=005 | lr=2.000e-04 | train_loss=0.522499 | val_loss=0.684967 | val_corr=0.3397
2026-04-24 04:39:03,944 | INFO | epoch=006 | lr=2.000e-04 | train_loss=0.495830 | val_loss=0.667696 | val_corr=0.3588
2026-04-24 05:30:35,702 | INFO | epoch=007 | lr=2.000e-04 | train_loss=0.470847 | val_loss=0.736749 | val_corr=0.3503
2026-04-24 06:22:06,151 | INFO | epoch=008 | lr=1.000e-04 | train_loss=0.418366 | val_loss=0.803016 | val_corr=0.3399
2026-04-24 07:13:36,459 | INFO | epoch=009 | lr=1.000e-04 | train_loss=0.395080 | val_loss=0.767932 | val_corr=0.3357
2026-04-24 08:05:06,758 | INFO | epoch=010 | lr=1.000e-04 | train_loss=0.376219 | val_loss=0.792564 | val_corr=0.3471
2026-04-24 08:56:39,371 | INFO | epoch=011 | lr=1.000e-04 | train_loss=0.357023 | val_loss=0.820537 | val_corr=0.3337
2026-04-24 08:56:39,371 | INFO | early_stopping epoch=11 | best_epoch=3 | best_metric=val_loss | best_metric_mode=min | best_metric_value=0.667119
2026-04-24 08:56:39,401 | INFO | training_finished | best_epoch=3 | best_metric=val_loss | best_metric_mode=min | best_metric_value=0.667119
