2026-04-23 21:16:27,082 | INFO | experiment=cnn_transformer_v2i | device=cuda | amp=True
2026-04-23 21:16:27,082 | INFO | use_cache=True | cache_root=/home/sanggyu1008/project/01_ENSO/01_data/05_cache/shared_dataset
2026-04-23 21:16:27,082 | INFO | cache_namespace=10vars | cache_namespace_source=explicit | cache_mode=on_demand | cache_version=1 | cache_dtype=float32 | cache_dir=/home/sanggyu1008/project/01_ENSO/01_data/05_cache/shared_dataset/10vars | data_signature=3bac236ffc2a6095c98e207b5a28c3a6faf07c9c
2026-04-23 21:16:27,082 | INFO | train pairs=14 | val pairs=2 | test pairs=1
2026-04-23 21:16:27,082 | INFO | train samples=36878 | val samples=1478 | test samples=517
2026-04-23 21:16:27,082 | INFO | input_vars=['tos', 'ohc300', 'mlotst', 'sos', 'uos', 'vos', 'uas', 'uasmax', 'vas', 'psl']
2026-04-23 21:16:27,083 | INFO | target_var=nino34
2026-04-23 21:16:27,083 | INFO | input_normalization enabled=True | eps=1e-06
2026-04-23 21:16:27,083 | INFO | train pair preview_count=5/14
2026-04-23 21:16:27,083 | INFO | train pair[1/14] file=input_ACCESS-CM2_historical_ssp370_r1i1p1f1.nc -> target_ACCESS-CM2_historical_ssp370_r1i1p1f1.nc
2026-04-23 21:16:27,083 | INFO | train pair[2/14] file=input_ACCESS-ESM1-5_historical_ssp370_r1i1p1f1.nc -> target_ACCESS-ESM1-5_historical_ssp370_r1i1p1f1.nc
2026-04-23 21:16:27,083 | INFO | train pair[3/14] file=input_ACCESS-ESM1-5_historical_ssp370_r2i1p1f1.nc -> target_ACCESS-ESM1-5_historical_ssp370_r2i1p1f1.nc
2026-04-23 21:16:27,083 | INFO | train pair[4/14] file=input_ACCESS-ESM1-5_historical_ssp370_r3i1p1f1.nc -> target_ACCESS-ESM1-5_historical_ssp370_r3i1p1f1.nc
2026-04-23 21:16:27,083 | INFO | train pair[5/14] file=input_CMCC-ESM2_historical_ssp370_r1i1p1f1.nc -> target_CMCC-ESM2_historical_ssp370_r1i1p1f1.nc
2026-04-23 21:16:27,083 | INFO | train excluded inputs=none
2026-04-23 21:16:27,083 | INFO | validation pair files=['validation_dataset_soda_20crv2_187101_197812.nc -> validation_target_soda_20crv2_187101_197812.nc', 'validation_dataset_oras5_era5_195801_197812.nc -> validation_target_oras5_era5_195801_197812.nc']
2026-04-23 21:16:27,156 | INFO | validation pair[1/2] name=soda_20crv2_1871_1978 | input=/home/sanggyu1008/project/01_ENSO/01_data/03_input/validation_dataset_soda_20crv2_187101_197812.nc | target=/home/sanggyu1008/project/01_ENSO/01_data/04_target/validation_target_soda_20crv2_187101_197812.nc
2026-04-23 21:16:27,156 | INFO | validation pair[1/2] file=validation_dataset_soda_20crv2_187101_197812.nc -> validation_target_soda_20crv2_187101_197812.nc | time_range=1871-01-01T00:00:00.000000000..1978-12-01T00:00:00.000000000 | init_range=1871-12-01T00:00:00.000000000..1976-12-01T00:00:00.000000000 | n_time=1296 | input_vars=['tos', 'ohc300', 'mlotst', 'sos', 'uos', 'vos', 'uas', 'uasmax', 'vas', 'psl'] | target_var=nino34 | valid_anchors=1261
2026-04-23 21:16:27,172 | INFO | validation pair[2/2] name=oras5_era5_1958_1978 | input=/home/sanggyu1008/project/01_ENSO/01_data/03_input/validation_dataset_oras5_era5_195801_197812.nc | target=/home/sanggyu1008/project/01_ENSO/01_data/04_target/validation_target_oras5_era5_195801_197812.nc
2026-04-23 21:16:27,172 | INFO | validation pair[2/2] file=validation_dataset_oras5_era5_195801_197812.nc -> validation_target_oras5_era5_195801_197812.nc | time_range=1958-01-01T00:00:00.000000000..1978-12-01T00:00:00.000000000 | init_range=1958-12-01T00:00:00.000000000..1976-12-01T00:00:00.000000000 | n_time=252 | input_vars=['tos', 'ohc300', 'mlotst', 'sos', 'uos', 'vos', 'uas', 'uasmax', 'vas', 'psl'] | target_var=nino34 | valid_anchors=217
2026-04-23 21:16:27,172 | INFO | test pair files=['test_dataset_godas_era5_198001_202512.nc -> test_target_nino34_ersstv5_198001_202512.nc']
2026-04-23 21:16:27,201 | INFO | test pair[1/1] name=godas_era5_input__ersstv5_nino34_target | input=/home/sanggyu1008/project/01_ENSO/01_data/03_input/test_dataset_godas_era5_198001_202512.nc | target=/home/sanggyu1008/project/01_ENSO/01_data/04_target/test_target_nino34_ersstv5_198001_202512.nc
2026-04-23 21:16:27,201 | INFO | test pair[1/1] file=test_dataset_godas_era5_198001_202512.nc -> test_target_nino34_ersstv5_198001_202512.nc | time_range=1980-01-01T00:00:00.000000000..2025-12-01T00:00:00.000000000 | init_range=1980-12-01T00:00:00.000000000..2023-12-01T00:00:00.000000000 | n_time=552 | input_vars=['tos', 'ohc300', 'mlotst', 'sos', 'uos', 'vos', 'uas', 'uasmax', 'vas', 'psl'] | target_var=nino34 | valid_anchors=517
2026-04-23 21:16:27,201 | INFO | run_test_each_epoch=False | run_final_test_after_training=False
2026-04-23 21:16:27,201 | INFO | best_metric=val_loss | best_metric_mode=min
2026-04-23 21:16:27,201 | INFO | input_norm_stats mean_shape=(10,) | std_shape=(10,)
2026-04-23 21:16:29,488 | INFO | model=cnn_transformer_v2i | trainable_params=691160
2026-04-23 21:16:33,097 | INFO | optimizer=AdamW | base_lr=2.000e-04 | warmup_epochs=0 | warmup_start_factor=0.100
2026-04-23 21:16:33,098 | INFO | train_loss=MSELoss | use_lead_loss_weights=False
2026-04-23 22:08:32,697 | INFO | epoch=001 | lr=2.000e-04 | train_loss=0.712678 | val_loss=0.657275 | val_corr=0.3777
2026-04-23 23:00:30,248 | INFO | epoch=002 | lr=2.000e-04 | train_loss=0.599704 | val_loss=0.693822 | val_corr=0.3723
2026-04-23 23:52:20,858 | INFO | epoch=003 | lr=2.000e-04 | train_loss=0.558999 | val_loss=0.694132 | val_corr=0.3883
2026-04-24 00:44:15,011 | INFO | epoch=004 | lr=2.000e-04 | train_loss=0.531692 | val_loss=0.654634 | val_corr=0.3709
2026-04-24 01:36:07,125 | INFO | epoch=005 | lr=2.000e-04 | train_loss=0.506366 | val_loss=0.766204 | val_corr=0.3728
2026-04-24 02:28:00,352 | INFO | epoch=006 | lr=2.000e-04 | train_loss=0.482534 | val_loss=0.842116 | val_corr=0.3824
2026-04-24 03:19:53,100 | INFO | epoch=007 | lr=2.000e-04 | train_loss=0.460391 | val_loss=0.742090 | val_corr=0.3591
2026-04-24 04:11:46,048 | INFO | epoch=008 | lr=2.000e-04 | train_loss=0.433435 | val_loss=0.816471 | val_corr=0.3693
2026-04-24 05:03:38,228 | INFO | epoch=009 | lr=1.000e-04 | train_loss=0.388252 | val_loss=0.823649 | val_corr=0.3572
2026-04-24 05:55:29,208 | INFO | epoch=010 | lr=1.000e-04 | train_loss=0.366689 | val_loss=0.784965 | val_corr=0.3440
2026-04-24 06:47:18,919 | INFO | epoch=011 | lr=1.000e-04 | train_loss=0.348413 | val_loss=0.849920 | val_corr=0.3632
2026-04-24 07:39:09,029 | INFO | epoch=012 | lr=1.000e-04 | train_loss=0.332963 | val_loss=0.873146 | val_corr=0.3231
2026-04-24 07:39:09,085 | INFO | early_stopping epoch=12 | best_epoch=4 | best_metric=val_loss | best_metric_mode=min | best_metric_value=0.654634
2026-04-24 07:39:09,178 | INFO | training_finished | best_epoch=4 | best_metric=val_loss | best_metric_mode=min | best_metric_value=0.654634
