2026-04-09 15:48:49,938 | WARNING | CUDA requested but unavailable. Falling back to CPU.
2026-04-09 20:58:06,735 | INFO | experiment=cnn_transformer_v1 | device=cuda | amp=True
2026-04-09 20:58:06,736 | INFO | use_cache=True | cache_root=/home/sanggyu1008/project/01_ENSO/01_data/05_cache/cnn_transformer_v1
2026-04-09 20:58:06,736 | INFO | cache_namespace=None | cache_mode=on_demand | cache_version=1 | cache_dtype=float32 | cache_dir=/home/sanggyu1008/project/01_ENSO/01_data/05_cache/cnn_transformer_v1
2026-04-09 20:58:06,736 | INFO | train pairs=14 | val pairs=2 | test pairs=1
2026-04-09 20:58:06,736 | INFO | train samples=36878 | val samples=1478 | test samples=517
2026-04-09 20:58:06,736 | INFO | input_vars=['tos', 'ohc300', 'mlotst', 'sos', 'uos', 'vos', 'uas', 'uasmax', 'vas', 'psl']
2026-04-09 20:58:06,736 | INFO | target_var=nino34
2026-04-09 20:58:06,736 | INFO | input_normalization enabled=True | eps=1e-06
2026-04-09 20:58:06,737 | INFO | train pair preview_count=5/14
2026-04-09 20:58:06,737 | INFO | train pair[1/14] file=input_ACCESS-CM2_historical_ssp370_r1i1p1f1.nc -> target_ACCESS-CM2_historical_ssp370_r1i1p1f1.nc
2026-04-09 20:58:06,737 | INFO | train pair[2/14] file=input_ACCESS-ESM1-5_historical_ssp370_r1i1p1f1.nc -> target_ACCESS-ESM1-5_historical_ssp370_r1i1p1f1.nc
2026-04-09 20:58:06,737 | INFO | train pair[3/14] file=input_ACCESS-ESM1-5_historical_ssp370_r2i1p1f1.nc -> target_ACCESS-ESM1-5_historical_ssp370_r2i1p1f1.nc
2026-04-09 20:58:06,737 | INFO | train pair[4/14] file=input_ACCESS-ESM1-5_historical_ssp370_r3i1p1f1.nc -> target_ACCESS-ESM1-5_historical_ssp370_r3i1p1f1.nc
2026-04-09 20:58:06,737 | INFO | train pair[5/14] file=input_CMCC-ESM2_historical_ssp370_r1i1p1f1.nc -> target_CMCC-ESM2_historical_ssp370_r1i1p1f1.nc
2026-04-09 20:58:06,737 | INFO | train excluded inputs=none
2026-04-09 20:58:06,737 | INFO | validation pair files=['validation_dataset_soda_20crv2_187101_197812.nc -> validation_target_soda_20crv2_187101_197812.nc', 'validation_dataset_oras5_era5_195801_197812.nc -> validation_target_oras5_era5_195801_197812.nc']
2026-04-09 20:58:06,809 | INFO | validation pair[1/2] name=soda_20crv2_1871_1978 | input=/home/sanggyu1008/project/01_ENSO/01_data/03_input/validation_dataset_soda_20crv2_187101_197812.nc | target=/home/sanggyu1008/project/01_ENSO/01_data/04_target/validation_target_soda_20crv2_187101_197812.nc
2026-04-09 20:58:06,809 | INFO | validation pair[1/2] file=validation_dataset_soda_20crv2_187101_197812.nc -> validation_target_soda_20crv2_187101_197812.nc | time_range=1871-01-01T00:00:00.000000000..1978-12-01T00:00:00.000000000 | n_time=1296 | input_vars=['tos', 'ohc300', 'mlotst', 'sos', 'uos', 'vos', 'uas', 'uasmax', 'vas', 'psl'] | target_var=nino34 | valid_anchors=1261
2026-04-09 20:58:06,822 | INFO | validation pair[2/2] name=oras5_era5_1958_1978 | input=/home/sanggyu1008/project/01_ENSO/01_data/03_input/validation_dataset_oras5_era5_195801_197812.nc | target=/home/sanggyu1008/project/01_ENSO/01_data/04_target/validation_target_oras5_era5_195801_197812.nc
2026-04-09 20:58:06,822 | INFO | validation pair[2/2] file=validation_dataset_oras5_era5_195801_197812.nc -> validation_target_oras5_era5_195801_197812.nc | time_range=1958-01-01T00:00:00.000000000..1978-12-01T00:00:00.000000000 | n_time=252 | input_vars=['tos', 'ohc300', 'mlotst', 'sos', 'uos', 'vos', 'uas', 'uasmax', 'vas', 'psl'] | target_var=nino34 | valid_anchors=217
2026-04-09 20:58:06,822 | INFO | test pair files=['test_dataset_godas_era5_198001_202512.nc -> test_target_nino34_ersstv5_198001_202512.nc']
2026-04-09 20:58:06,852 | INFO | test pair[1/1] name=godas_era5_input__ersstv5_nino34_target | input=/home/sanggyu1008/project/01_ENSO/01_data/03_input/test_dataset_godas_era5_198001_202512.nc | target=/home/sanggyu1008/project/01_ENSO/01_data/04_target/test_target_nino34_ersstv5_198001_202512.nc
2026-04-09 20:58:06,852 | INFO | test pair[1/1] file=test_dataset_godas_era5_198001_202512.nc -> test_target_nino34_ersstv5_198001_202512.nc | time_range=1980-01-01T00:00:00.000000000..2025-12-01T00:00:00.000000000 | n_time=552 | input_vars=['tos', 'ohc300', 'mlotst', 'sos', 'uos', 'vos', 'uas', 'uasmax', 'vas', 'psl'] | target_var=nino34 | valid_anchors=517
2026-04-09 20:58:06,852 | INFO | run_test_each_epoch=False | run_final_test_after_training=False
2026-04-09 20:58:06,852 | INFO | best_metric=val_loss | best_metric_mode=min
2026-04-09 20:58:06,852 | INFO | input_norm_stats mean_shape=(10,) | std_shape=(10,)
2026-04-09 20:58:08,639 | INFO | model=cnn_transformer_v1 | trainable_params=688472
2026-04-09 20:58:12,177 | INFO | optimizer=AdamW | base_lr=2.000e-04 | warmup_epochs=0 | warmup_start_factor=0.100
2026-04-09 20:58:12,177 | INFO | train_loss=LeadWeightedMSELoss | use_lead_loss_weights=True
2026-04-10 03:53:52,270 | INFO | epoch=001 | lr=2.000e-04 | train_loss=0.729003 | val_loss=0.657564 | val_corr=0.3743
2026-04-10 04:44:31,283 | INFO | epoch=002 | lr=2.000e-04 | train_loss=0.611319 | val_loss=0.631975 | val_corr=0.3770
2026-04-10 05:35:03,092 | INFO | epoch=003 | lr=2.000e-04 | train_loss=0.572634 | val_loss=0.611889 | val_corr=0.4038
2026-04-10 06:25:35,547 | INFO | epoch=004 | lr=2.000e-04 | train_loss=0.541204 | val_loss=0.656026 | val_corr=0.3723
2026-04-10 07:16:07,306 | INFO | epoch=005 | lr=2.000e-04 | train_loss=0.515891 | val_loss=0.621253 | val_corr=0.4135
2026-04-10 08:06:38,612 | INFO | epoch=006 | lr=2.000e-04 | train_loss=0.488127 | val_loss=0.676575 | val_corr=0.3895
2026-04-10 08:57:12,851 | INFO | epoch=007 | lr=2.000e-04 | train_loss=0.463780 | val_loss=0.681768 | val_corr=0.3772
2026-04-10 09:47:46,721 | INFO | epoch=008 | lr=1.000e-04 | train_loss=0.412946 | val_loss=0.698596 | val_corr=0.3926
2026-04-10 10:38:23,499 | INFO | epoch=009 | lr=1.000e-04 | train_loss=0.392624 | val_loss=0.703806 | val_corr=0.3773
2026-04-10 11:29:19,905 | INFO | epoch=010 | lr=1.000e-04 | train_loss=0.373797 | val_loss=0.738934 | val_corr=0.3878
2026-04-10 12:20:49,001 | INFO | epoch=011 | lr=1.000e-04 | train_loss=0.357186 | val_loss=0.786232 | val_corr=0.3606
2026-04-10 12:20:49,002 | INFO | early_stopping epoch=11 | best_epoch=3 | best_metric=val_loss | best_metric_mode=min | best_metric_value=0.611889
2026-04-10 12:20:49,025 | INFO | training_finished | best_epoch=3 | best_metric=val_loss | best_metric_mode=min | best_metric_value=0.611889
2026-04-10 12:24:09,794 | INFO | experiment=cnn_transformer_v1 | device=cuda | amp=True
2026-04-10 12:24:09,795 | INFO | use_cache=True | cache_root=/home/sanggyu1008/project/01_ENSO/01_data/05_cache/cnn_transformer_v1
2026-04-10 12:24:09,795 | INFO | cache_namespace=None | cache_mode=on_demand | cache_version=1 | cache_dtype=float32 | cache_dir=/home/sanggyu1008/project/01_ENSO/01_data/05_cache/cnn_transformer_v1
2026-04-10 12:24:09,795 | INFO | train pairs=14 | val pairs=2 | test pairs=1
2026-04-10 12:24:09,795 | INFO | train samples=36878 | val samples=1478 | test samples=517
2026-04-10 12:24:09,795 | INFO | input_vars=['tos', 'ohc300', 'mlotst', 'sos', 'uos', 'vos', 'uas', 'uasmax', 'vas', 'psl']
2026-04-10 12:24:09,795 | INFO | target_var=nino34
2026-04-10 12:24:09,795 | INFO | input_normalization enabled=True | eps=1e-06
2026-04-10 12:24:09,795 | INFO | train pair preview_count=5/14
2026-04-10 12:24:09,795 | INFO | train pair[1/14] file=input_ACCESS-CM2_historical_ssp370_r1i1p1f1.nc -> target_ACCESS-CM2_historical_ssp370_r1i1p1f1.nc
2026-04-10 12:24:09,795 | INFO | train pair[2/14] file=input_ACCESS-ESM1-5_historical_ssp370_r1i1p1f1.nc -> target_ACCESS-ESM1-5_historical_ssp370_r1i1p1f1.nc
2026-04-10 12:24:09,795 | INFO | train pair[3/14] file=input_ACCESS-ESM1-5_historical_ssp370_r2i1p1f1.nc -> target_ACCESS-ESM1-5_historical_ssp370_r2i1p1f1.nc
2026-04-10 12:24:09,795 | INFO | train pair[4/14] file=input_ACCESS-ESM1-5_historical_ssp370_r3i1p1f1.nc -> target_ACCESS-ESM1-5_historical_ssp370_r3i1p1f1.nc
2026-04-10 12:24:09,795 | INFO | train pair[5/14] file=input_CMCC-ESM2_historical_ssp370_r1i1p1f1.nc -> target_CMCC-ESM2_historical_ssp370_r1i1p1f1.nc
2026-04-10 12:24:09,795 | INFO | train excluded inputs=none
2026-04-10 12:24:09,796 | INFO | validation pair files=['validation_dataset_soda_20crv2_187101_197812.nc -> validation_target_soda_20crv2_187101_197812.nc', 'validation_dataset_oras5_era5_195801_197812.nc -> validation_target_oras5_era5_195801_197812.nc']
2026-04-10 12:24:09,866 | INFO | validation pair[1/2] name=soda_20crv2_1871_1978 | input=/home/sanggyu1008/project/01_ENSO/01_data/03_input/validation_dataset_soda_20crv2_187101_197812.nc | target=/home/sanggyu1008/project/01_ENSO/01_data/04_target/validation_target_soda_20crv2_187101_197812.nc
2026-04-10 12:24:09,866 | INFO | validation pair[1/2] file=validation_dataset_soda_20crv2_187101_197812.nc -> validation_target_soda_20crv2_187101_197812.nc | time_range=1871-01-01T00:00:00.000000000..1978-12-01T00:00:00.000000000 | n_time=1296 | input_vars=['tos', 'ohc300', 'mlotst', 'sos', 'uos', 'vos', 'uas', 'uasmax', 'vas', 'psl'] | target_var=nino34 | valid_anchors=1261
2026-04-10 12:24:09,879 | INFO | validation pair[2/2] name=oras5_era5_1958_1978 | input=/home/sanggyu1008/project/01_ENSO/01_data/03_input/validation_dataset_oras5_era5_195801_197812.nc | target=/home/sanggyu1008/project/01_ENSO/01_data/04_target/validation_target_oras5_era5_195801_197812.nc
2026-04-10 12:24:09,879 | INFO | validation pair[2/2] file=validation_dataset_oras5_era5_195801_197812.nc -> validation_target_oras5_era5_195801_197812.nc | time_range=1958-01-01T00:00:00.000000000..1978-12-01T00:00:00.000000000 | n_time=252 | input_vars=['tos', 'ohc300', 'mlotst', 'sos', 'uos', 'vos', 'uas', 'uasmax', 'vas', 'psl'] | target_var=nino34 | valid_anchors=217
2026-04-10 12:24:09,880 | INFO | test pair files=['test_dataset_godas_era5_198001_202512.nc -> test_target_nino34_ersstv5_198001_202512.nc']
2026-04-10 12:24:09,909 | INFO | test pair[1/1] name=godas_era5_input__ersstv5_nino34_target | input=/home/sanggyu1008/project/01_ENSO/01_data/03_input/test_dataset_godas_era5_198001_202512.nc | target=/home/sanggyu1008/project/01_ENSO/01_data/04_target/test_target_nino34_ersstv5_198001_202512.nc
2026-04-10 12:24:09,909 | INFO | test pair[1/1] file=test_dataset_godas_era5_198001_202512.nc -> test_target_nino34_ersstv5_198001_202512.nc | time_range=1980-01-01T00:00:00.000000000..2025-12-01T00:00:00.000000000 | n_time=552 | input_vars=['tos', 'ohc300', 'mlotst', 'sos', 'uos', 'vos', 'uas', 'uasmax', 'vas', 'psl'] | target_var=nino34 | valid_anchors=517
2026-04-10 12:24:09,909 | INFO | run_test_each_epoch=False | run_final_test_after_training=False
2026-04-10 12:24:09,909 | INFO | best_metric=val_loss | best_metric_mode=min
2026-04-10 12:24:09,909 | INFO | input_norm_stats mean_shape=(10,) | std_shape=(10,)
2026-04-10 12:24:09,909 | INFO | cache_prebuild split=train | samples=36878
2026-04-10 12:24:38,152 | INFO | cache_prebuild split=train | progress=1000/36878 | stats={'enabled': True, 'mode': 'on_demand', 'hits': 1000, 'misses': 0, 'writes': 0, 'write_skips': 0, 'sample_cache_dir': '/home/sanggyu1008/project/01_ENSO/01_data/05_cache/cnn_transformer_v1/1/train'}
2026-04-10 12:25:29,857 | INFO | cache_prebuild split=train | progress=2000/36878 | stats={'enabled': True, 'mode': 'on_demand', 'hits': 2000, 'misses': 0, 'writes': 0, 'write_skips': 0, 'sample_cache_dir': '/home/sanggyu1008/project/01_ENSO/01_data/05_cache/cnn_transformer_v1/1/train'}
2026-04-10 12:26:11,116 | INFO | cache_prebuild split=train | progress=3000/36878 | stats={'enabled': True, 'mode': 'on_demand', 'hits': 3000, 'misses': 0, 'writes': 0, 'write_skips': 0, 'sample_cache_dir': '/home/sanggyu1008/project/01_ENSO/01_data/05_cache/cnn_transformer_v1/1/train'}
2026-04-10 12:26:47,517 | INFO | cache_prebuild split=train | progress=4000/36878 | stats={'enabled': True, 'mode': 'on_demand', 'hits': 4000, 'misses': 0, 'writes': 0, 'write_skips': 0, 'sample_cache_dir': '/home/sanggyu1008/project/01_ENSO/01_data/05_cache/cnn_transformer_v1/1/train'}
2026-04-10 12:27:33,918 | INFO | cache_prebuild split=train | progress=5000/36878 | stats={'enabled': True, 'mode': 'on_demand', 'hits': 5000, 'misses': 0, 'writes': 0, 'write_skips': 0, 'sample_cache_dir': '/home/sanggyu1008/project/01_ENSO/01_data/05_cache/cnn_transformer_v1/1/train'}
2026-04-10 12:28:20,275 | INFO | cache_prebuild split=train | progress=6000/36878 | stats={'enabled': True, 'mode': 'on_demand', 'hits': 6000, 'misses': 0, 'writes': 0, 'write_skips': 0, 'sample_cache_dir': '/home/sanggyu1008/project/01_ENSO/01_data/05_cache/cnn_transformer_v1/1/train'}
2026-04-10 12:28:56,823 | INFO | cache_prebuild split=train | progress=7000/36878 | stats={'enabled': True, 'mode': 'on_demand', 'hits': 7000, 'misses': 0, 'writes': 0, 'write_skips': 0, 'sample_cache_dir': '/home/sanggyu1008/project/01_ENSO/01_data/05_cache/cnn_transformer_v1/1/train'}
2026-04-10 12:29:37,682 | INFO | cache_prebuild split=train | progress=8000/36878 | stats={'enabled': True, 'mode': 'on_demand', 'hits': 8000, 'misses': 0, 'writes': 0, 'write_skips': 0, 'sample_cache_dir': '/home/sanggyu1008/project/01_ENSO/01_data/05_cache/cnn_transformer_v1/1/train'}
2026-04-10 12:30:29,021 | INFO | cache_prebuild split=train | progress=9000/36878 | stats={'enabled': True, 'mode': 'on_demand', 'hits': 9000, 'misses': 0, 'writes': 0, 'write_skips': 0, 'sample_cache_dir': '/home/sanggyu1008/project/01_ENSO/01_data/05_cache/cnn_transformer_v1/1/train'}
2026-04-10 12:31:20,540 | INFO | cache_prebuild split=train | progress=10000/36878 | stats={'enabled': True, 'mode': 'on_demand', 'hits': 10000, 'misses': 0, 'writes': 0, 'write_skips': 0, 'sample_cache_dir': '/home/sanggyu1008/project/01_ENSO/01_data/05_cache/cnn_transformer_v1/1/train'}
2026-04-10 12:32:01,062 | INFO | cache_prebuild split=train | progress=11000/36878 | stats={'enabled': True, 'mode': 'on_demand', 'hits': 11000, 'misses': 0, 'writes': 0, 'write_skips': 0, 'sample_cache_dir': '/home/sanggyu1008/project/01_ENSO/01_data/05_cache/cnn_transformer_v1/1/train'}
2026-04-10 12:33:05,720 | INFO | cache_prebuild split=train | progress=12000/36878 | stats={'enabled': True, 'mode': 'on_demand', 'hits': 12000, 'misses': 0, 'writes': 0, 'write_skips': 0, 'sample_cache_dir': '/home/sanggyu1008/project/01_ENSO/01_data/05_cache/cnn_transformer_v1/1/train'}
2026-04-10 12:34:30,541 | INFO | cache_prebuild split=train | progress=13000/36878 | stats={'enabled': True, 'mode': 'on_demand', 'hits': 13000, 'misses': 0, 'writes': 0, 'write_skips': 0, 'sample_cache_dir': '/home/sanggyu1008/project/01_ENSO/01_data/05_cache/cnn_transformer_v1/1/train'}
2026-04-10 12:35:14,127 | INFO | cache_prebuild split=train | progress=14000/36878 | stats={'enabled': True, 'mode': 'on_demand', 'hits': 14000, 'misses': 0, 'writes': 0, 'write_skips': 0, 'sample_cache_dir': '/home/sanggyu1008/project/01_ENSO/01_data/05_cache/cnn_transformer_v1/1/train'}
2026-04-10 12:36:07,411 | INFO | cache_prebuild split=train | progress=15000/36878 | stats={'enabled': True, 'mode': 'on_demand', 'hits': 15000, 'misses': 0, 'writes': 0, 'write_skips': 0, 'sample_cache_dir': '/home/sanggyu1008/project/01_ENSO/01_data/05_cache/cnn_transformer_v1/1/train'}
2026-04-10 12:37:03,410 | INFO | cache_prebuild split=train | progress=16000/36878 | stats={'enabled': True, 'mode': 'on_demand', 'hits': 16000, 'misses': 0, 'writes': 0, 'write_skips': 0, 'sample_cache_dir': '/home/sanggyu1008/project/01_ENSO/01_data/05_cache/cnn_transformer_v1/1/train'}
2026-04-10 12:37:45,043 | INFO | cache_prebuild split=train | progress=17000/36878 | stats={'enabled': True, 'mode': 'on_demand', 'hits': 17000, 'misses': 0, 'writes': 0, 'write_skips': 0, 'sample_cache_dir': '/home/sanggyu1008/project/01_ENSO/01_data/05_cache/cnn_transformer_v1/1/train'}
2026-04-10 12:38:22,227 | INFO | cache_prebuild split=train | progress=18000/36878 | stats={'enabled': True, 'mode': 'on_demand', 'hits': 18000, 'misses': 0, 'writes': 0, 'write_skips': 0, 'sample_cache_dir': '/home/sanggyu1008/project/01_ENSO/01_data/05_cache/cnn_transformer_v1/1/train'}
2026-04-10 12:38:59,789 | INFO | cache_prebuild split=train | progress=19000/36878 | stats={'enabled': True, 'mode': 'on_demand', 'hits': 19000, 'misses': 0, 'writes': 0, 'write_skips': 0, 'sample_cache_dir': '/home/sanggyu1008/project/01_ENSO/01_data/05_cache/cnn_transformer_v1/1/train'}
2026-04-10 12:39:41,267 | INFO | cache_prebuild split=train | progress=20000/36878 | stats={'enabled': True, 'mode': 'on_demand', 'hits': 20000, 'misses': 0, 'writes': 0, 'write_skips': 0, 'sample_cache_dir': '/home/sanggyu1008/project/01_ENSO/01_data/05_cache/cnn_transformer_v1/1/train'}
2026-04-10 12:40:21,806 | INFO | cache_prebuild split=train | progress=21000/36878 | stats={'enabled': True, 'mode': 'on_demand', 'hits': 21000, 'misses': 0, 'writes': 0, 'write_skips': 0, 'sample_cache_dir': '/home/sanggyu1008/project/01_ENSO/01_data/05_cache/cnn_transformer_v1/1/train'}
2026-04-10 12:41:05,916 | INFO | cache_prebuild split=train | progress=22000/36878 | stats={'enabled': True, 'mode': 'on_demand', 'hits': 22000, 'misses': 0, 'writes': 0, 'write_skips': 0, 'sample_cache_dir': '/home/sanggyu1008/project/01_ENSO/01_data/05_cache/cnn_transformer_v1/1/train'}
2026-04-10 12:41:48,936 | INFO | cache_prebuild split=train | progress=23000/36878 | stats={'enabled': True, 'mode': 'on_demand', 'hits': 23000, 'misses': 0, 'writes': 0, 'write_skips': 0, 'sample_cache_dir': '/home/sanggyu1008/project/01_ENSO/01_data/05_cache/cnn_transformer_v1/1/train'}
2026-04-10 12:42:34,681 | INFO | cache_prebuild split=train | progress=24000/36878 | stats={'enabled': True, 'mode': 'on_demand', 'hits': 24000, 'misses': 0, 'writes': 0, 'write_skips': 0, 'sample_cache_dir': '/home/sanggyu1008/project/01_ENSO/01_data/05_cache/cnn_transformer_v1/1/train'}
2026-04-10 12:43:21,479 | INFO | cache_prebuild split=train | progress=25000/36878 | stats={'enabled': True, 'mode': 'on_demand', 'hits': 25000, 'misses': 0, 'writes': 0, 'write_skips': 0, 'sample_cache_dir': '/home/sanggyu1008/project/01_ENSO/01_data/05_cache/cnn_transformer_v1/1/train'}
2026-04-10 12:44:11,849 | INFO | cache_prebuild split=train | progress=26000/36878 | stats={'enabled': True, 'mode': 'on_demand', 'hits': 26000, 'misses': 0, 'writes': 0, 'write_skips': 0, 'sample_cache_dir': '/home/sanggyu1008/project/01_ENSO/01_data/05_cache/cnn_transformer_v1/1/train'}
2026-04-10 12:44:59,808 | INFO | cache_prebuild split=train | progress=27000/36878 | stats={'enabled': True, 'mode': 'on_demand', 'hits': 27000, 'misses': 0, 'writes': 0, 'write_skips': 0, 'sample_cache_dir': '/home/sanggyu1008/project/01_ENSO/01_data/05_cache/cnn_transformer_v1/1/train'}
2026-04-10 12:45:46,033 | INFO | cache_prebuild split=train | progress=28000/36878 | stats={'enabled': True, 'mode': 'on_demand', 'hits': 28000, 'misses': 0, 'writes': 0, 'write_skips': 0, 'sample_cache_dir': '/home/sanggyu1008/project/01_ENSO/01_data/05_cache/cnn_transformer_v1/1/train'}
2026-04-10 12:46:34,744 | INFO | cache_prebuild split=train | progress=29000/36878 | stats={'enabled': True, 'mode': 'on_demand', 'hits': 29000, 'misses': 0, 'writes': 0, 'write_skips': 0, 'sample_cache_dir': '/home/sanggyu1008/project/01_ENSO/01_data/05_cache/cnn_transformer_v1/1/train'}
2026-04-10 12:47:22,958 | INFO | cache_prebuild split=train | progress=30000/36878 | stats={'enabled': True, 'mode': 'on_demand', 'hits': 30000, 'misses': 0, 'writes': 0, 'write_skips': 0, 'sample_cache_dir': '/home/sanggyu1008/project/01_ENSO/01_data/05_cache/cnn_transformer_v1/1/train'}
2026-04-10 12:48:12,071 | INFO | cache_prebuild split=train | progress=31000/36878 | stats={'enabled': True, 'mode': 'on_demand', 'hits': 31000, 'misses': 0, 'writes': 0, 'write_skips': 0, 'sample_cache_dir': '/home/sanggyu1008/project/01_ENSO/01_data/05_cache/cnn_transformer_v1/1/train'}
2026-04-10 12:49:01,348 | INFO | cache_prebuild split=train | progress=32000/36878 | stats={'enabled': True, 'mode': 'on_demand', 'hits': 32000, 'misses': 0, 'writes': 0, 'write_skips': 0, 'sample_cache_dir': '/home/sanggyu1008/project/01_ENSO/01_data/05_cache/cnn_transformer_v1/1/train'}
2026-04-10 12:49:52,027 | INFO | cache_prebuild split=train | progress=33000/36878 | stats={'enabled': True, 'mode': 'on_demand', 'hits': 33000, 'misses': 0, 'writes': 0, 'write_skips': 0, 'sample_cache_dir': '/home/sanggyu1008/project/01_ENSO/01_data/05_cache/cnn_transformer_v1/1/train'}
2026-04-10 12:50:40,280 | INFO | cache_prebuild split=train | progress=34000/36878 | stats={'enabled': True, 'mode': 'on_demand', 'hits': 34000, 'misses': 0, 'writes': 0, 'write_skips': 0, 'sample_cache_dir': '/home/sanggyu1008/project/01_ENSO/01_data/05_cache/cnn_transformer_v1/1/train'}
2026-04-10 12:51:30,921 | INFO | cache_prebuild split=train | progress=35000/36878 | stats={'enabled': True, 'mode': 'on_demand', 'hits': 35000, 'misses': 0, 'writes': 0, 'write_skips': 0, 'sample_cache_dir': '/home/sanggyu1008/project/01_ENSO/01_data/05_cache/cnn_transformer_v1/1/train'}
2026-04-10 12:52:20,512 | INFO | cache_prebuild split=train | progress=36000/36878 | stats={'enabled': True, 'mode': 'on_demand', 'hits': 36000, 'misses': 0, 'writes': 0, 'write_skips': 0, 'sample_cache_dir': '/home/sanggyu1008/project/01_ENSO/01_data/05_cache/cnn_transformer_v1/1/train'}
2026-04-10 12:53:04,371 | INFO | cache_prebuild split=train | progress=36878/36878 | stats={'enabled': True, 'mode': 'on_demand', 'hits': 36878, 'misses': 0, 'writes': 0, 'write_skips': 0, 'sample_cache_dir': '/home/sanggyu1008/project/01_ENSO/01_data/05_cache/cnn_transformer_v1/1/train'}
2026-04-10 12:53:04,371 | INFO | cache_prebuild split=validation | samples=1478
2026-04-10 12:53:41,217 | INFO | cache_prebuild split=validation | progress=1000/1478 | stats={'enabled': True, 'mode': 'on_demand', 'hits': 1000, 'misses': 0, 'writes': 0, 'write_skips': 0, 'sample_cache_dir': '/home/sanggyu1008/project/01_ENSO/01_data/05_cache/cnn_transformer_v1/1/validation'}
2026-04-10 12:54:00,772 | INFO | cache_prebuild split=validation | progress=1478/1478 | stats={'enabled': True, 'mode': 'on_demand', 'hits': 1478, 'misses': 0, 'writes': 0, 'write_skips': 0, 'sample_cache_dir': '/home/sanggyu1008/project/01_ENSO/01_data/05_cache/cnn_transformer_v1/1/validation'}
2026-04-10 12:54:00,772 | INFO | cache_prebuild split=test | samples=517
2026-04-10 12:54:21,541 | INFO | cache_prebuild split=test | progress=517/517 | stats={'enabled': True, 'mode': 'on_demand', 'hits': 517, 'misses': 0, 'writes': 0, 'write_skips': 0, 'sample_cache_dir': '/home/sanggyu1008/project/01_ENSO/01_data/05_cache/cnn_transformer_v1/1/test'}
2026-04-10 12:54:21,541 | INFO | cache_prebuild_finished
