2026-04-23 10:35:11,099 | INFO | experiment=cnn_transformer_v4d | device=cuda | amp=True
2026-04-23 10:35:11,099 | INFO | use_cache=True | cache_root=/home/sanggyu1008/project/01_ENSO/01_data/05_cache/shared_dataset
2026-04-23 10:35:11,099 | INFO | cache_namespace=10vars | cache_namespace_source=explicit | cache_mode=on_demand | cache_version=1 | cache_dtype=float32 | cache_dir=/home/sanggyu1008/project/01_ENSO/01_data/05_cache/shared_dataset/10vars | data_signature=3bac236ffc2a6095c98e207b5a28c3a6faf07c9c
2026-04-23 10:35:11,099 | INFO | train pairs=14 | val pairs=2 | test pairs=1
2026-04-23 10:35:11,099 | INFO | train samples=36878 | val samples=1478 | test samples=517
2026-04-23 10:35:11,099 | INFO | input_vars=['tos', 'ohc300', 'mlotst', 'sos', 'uos', 'vos', 'uas', 'uasmax', 'vas', 'psl']
2026-04-23 10:35:11,099 | INFO | target_var=nino34
2026-04-23 10:35:11,099 | INFO | input_normalization enabled=True | eps=1e-06
2026-04-23 10:35:11,099 | INFO | train pair preview_count=5/14
2026-04-23 10:35:11,100 | INFO | train pair[1/14] file=input_ACCESS-CM2_historical_ssp370_r1i1p1f1.nc -> target_ACCESS-CM2_historical_ssp370_r1i1p1f1.nc
2026-04-23 10:35:11,100 | INFO | train pair[2/14] file=input_ACCESS-ESM1-5_historical_ssp370_r1i1p1f1.nc -> target_ACCESS-ESM1-5_historical_ssp370_r1i1p1f1.nc
2026-04-23 10:35:11,100 | INFO | train pair[3/14] file=input_ACCESS-ESM1-5_historical_ssp370_r2i1p1f1.nc -> target_ACCESS-ESM1-5_historical_ssp370_r2i1p1f1.nc
2026-04-23 10:35:11,100 | INFO | train pair[4/14] file=input_ACCESS-ESM1-5_historical_ssp370_r3i1p1f1.nc -> target_ACCESS-ESM1-5_historical_ssp370_r3i1p1f1.nc
2026-04-23 10:35:11,100 | INFO | train pair[5/14] file=input_CMCC-ESM2_historical_ssp370_r1i1p1f1.nc -> target_CMCC-ESM2_historical_ssp370_r1i1p1f1.nc
2026-04-23 10:35:11,100 | INFO | train excluded inputs=none
2026-04-23 10:35:11,100 | INFO | validation pair files=['validation_dataset_soda_20crv2_187101_197812.nc -> validation_target_soda_20crv2_187101_197812.nc', 'validation_dataset_oras5_era5_195801_197812.nc -> validation_target_oras5_era5_195801_197812.nc']
2026-04-23 10:35:11,171 | INFO | validation pair[1/2] name=soda_20crv2_1871_1978 | input=/home/sanggyu1008/project/01_ENSO/01_data/03_input/validation_dataset_soda_20crv2_187101_197812.nc | target=/home/sanggyu1008/project/01_ENSO/01_data/04_target/validation_target_soda_20crv2_187101_197812.nc
2026-04-23 10:35:11,172 | INFO | validation pair[1/2] file=validation_dataset_soda_20crv2_187101_197812.nc -> validation_target_soda_20crv2_187101_197812.nc | time_range=1871-01-01T00:00:00.000000000..1978-12-01T00:00:00.000000000 | init_range=1871-12-01T00:00:00.000000000..1976-12-01T00:00:00.000000000 | n_time=1296 | input_vars=['tos', 'ohc300', 'mlotst', 'sos', 'uos', 'vos', 'uas', 'uasmax', 'vas', 'psl'] | target_var=nino34 | valid_anchors=1261
2026-04-23 10:35:11,186 | INFO | validation pair[2/2] name=oras5_era5_1958_1978 | input=/home/sanggyu1008/project/01_ENSO/01_data/03_input/validation_dataset_oras5_era5_195801_197812.nc | target=/home/sanggyu1008/project/01_ENSO/01_data/04_target/validation_target_oras5_era5_195801_197812.nc
2026-04-23 10:35:11,186 | INFO | validation pair[2/2] file=validation_dataset_oras5_era5_195801_197812.nc -> validation_target_oras5_era5_195801_197812.nc | time_range=1958-01-01T00:00:00.000000000..1978-12-01T00:00:00.000000000 | init_range=1958-12-01T00:00:00.000000000..1976-12-01T00:00:00.000000000 | n_time=252 | input_vars=['tos', 'ohc300', 'mlotst', 'sos', 'uos', 'vos', 'uas', 'uasmax', 'vas', 'psl'] | target_var=nino34 | valid_anchors=217
2026-04-23 10:35:11,186 | INFO | test pair files=['test_dataset_godas_era5_198001_202512.nc -> test_target_nino34_ersstv5_198001_202512.nc']
2026-04-23 10:35:11,215 | INFO | test pair[1/1] name=godas_era5_input__ersstv5_nino34_target | input=/home/sanggyu1008/project/01_ENSO/01_data/03_input/test_dataset_godas_era5_198001_202512.nc | target=/home/sanggyu1008/project/01_ENSO/01_data/04_target/test_target_nino34_ersstv5_198001_202512.nc
2026-04-23 10:35:11,215 | INFO | test pair[1/1] file=test_dataset_godas_era5_198001_202512.nc -> test_target_nino34_ersstv5_198001_202512.nc | time_range=1980-01-01T00:00:00.000000000..2025-12-01T00:00:00.000000000 | init_range=1980-12-01T00:00:00.000000000..2023-12-01T00:00:00.000000000 | n_time=552 | input_vars=['tos', 'ohc300', 'mlotst', 'sos', 'uos', 'vos', 'uas', 'uasmax', 'vas', 'psl'] | target_var=nino34 | valid_anchors=517
2026-04-23 10:35:11,215 | INFO | run_test_each_epoch=False | run_final_test_after_training=False
2026-04-23 10:35:11,215 | INFO | best_metric=val_loss | best_metric_mode=min
2026-04-23 10:35:11,215 | INFO | input_norm_stats mean_shape=(10,) | std_shape=(10,)
2026-04-23 10:35:13,222 | INFO | model=cnn_transformer_v4d | trainable_params=674936
2026-04-23 10:35:18,025 | INFO | optimizer=AdamW | base_lr=2.000e-04 | warmup_epochs=0 | warmup_start_factor=0.100
2026-04-23 10:35:18,025 | INFO | train_loss=MSELoss | use_lead_loss_weights=False
2026-04-23 11:12:22,975 | INFO | experiment=cnn_transformer_v4d | device=cuda | amp=True
2026-04-23 11:12:22,976 | INFO | use_cache=True | cache_root=/home/sanggyu1008/project/01_ENSO/01_data/05_cache/shared_dataset
2026-04-23 11:12:22,976 | INFO | cache_namespace=10vars | cache_namespace_source=explicit | cache_mode=on_demand | cache_version=1 | cache_dtype=float32 | cache_dir=/home/sanggyu1008/project/01_ENSO/01_data/05_cache/shared_dataset/10vars | data_signature=3bac236ffc2a6095c98e207b5a28c3a6faf07c9c
2026-04-23 11:12:22,976 | INFO | train pairs=14 | val pairs=2 | test pairs=1
2026-04-23 11:12:22,976 | INFO | train samples=36878 | val samples=1478 | test samples=517
2026-04-23 11:12:22,976 | INFO | input_vars=['tos', 'ohc300', 'mlotst', 'sos', 'uos', 'vos', 'uas', 'uasmax', 'vas', 'psl']
2026-04-23 11:12:22,976 | INFO | target_var=nino34
2026-04-23 11:12:22,976 | INFO | input_normalization enabled=True | eps=1e-06
2026-04-23 11:12:22,976 | INFO | train pair preview_count=5/14
2026-04-23 11:12:22,976 | INFO | train pair[1/14] file=input_ACCESS-CM2_historical_ssp370_r1i1p1f1.nc -> target_ACCESS-CM2_historical_ssp370_r1i1p1f1.nc
2026-04-23 11:12:22,976 | INFO | train pair[2/14] file=input_ACCESS-ESM1-5_historical_ssp370_r1i1p1f1.nc -> target_ACCESS-ESM1-5_historical_ssp370_r1i1p1f1.nc
2026-04-23 11:12:22,976 | INFO | train pair[3/14] file=input_ACCESS-ESM1-5_historical_ssp370_r2i1p1f1.nc -> target_ACCESS-ESM1-5_historical_ssp370_r2i1p1f1.nc
2026-04-23 11:12:22,976 | INFO | train pair[4/14] file=input_ACCESS-ESM1-5_historical_ssp370_r3i1p1f1.nc -> target_ACCESS-ESM1-5_historical_ssp370_r3i1p1f1.nc
2026-04-23 11:12:22,976 | INFO | train pair[5/14] file=input_CMCC-ESM2_historical_ssp370_r1i1p1f1.nc -> target_CMCC-ESM2_historical_ssp370_r1i1p1f1.nc
2026-04-23 11:12:22,976 | INFO | train excluded inputs=none
2026-04-23 11:12:22,976 | INFO | validation pair files=['validation_dataset_soda_20crv2_187101_197812.nc -> validation_target_soda_20crv2_187101_197812.nc', 'validation_dataset_oras5_era5_195801_197812.nc -> validation_target_oras5_era5_195801_197812.nc']
2026-04-23 11:12:23,045 | INFO | validation pair[1/2] name=soda_20crv2_1871_1978 | input=/home/sanggyu1008/project/01_ENSO/01_data/03_input/validation_dataset_soda_20crv2_187101_197812.nc | target=/home/sanggyu1008/project/01_ENSO/01_data/04_target/validation_target_soda_20crv2_187101_197812.nc
2026-04-23 11:12:23,045 | INFO | validation pair[1/2] file=validation_dataset_soda_20crv2_187101_197812.nc -> validation_target_soda_20crv2_187101_197812.nc | time_range=1871-01-01T00:00:00.000000000..1978-12-01T00:00:00.000000000 | init_range=1871-12-01T00:00:00.000000000..1976-12-01T00:00:00.000000000 | n_time=1296 | input_vars=['tos', 'ohc300', 'mlotst', 'sos', 'uos', 'vos', 'uas', 'uasmax', 'vas', 'psl'] | target_var=nino34 | valid_anchors=1261
2026-04-23 11:12:23,058 | INFO | validation pair[2/2] name=oras5_era5_1958_1978 | input=/home/sanggyu1008/project/01_ENSO/01_data/03_input/validation_dataset_oras5_era5_195801_197812.nc | target=/home/sanggyu1008/project/01_ENSO/01_data/04_target/validation_target_oras5_era5_195801_197812.nc
2026-04-23 11:12:23,058 | INFO | validation pair[2/2] file=validation_dataset_oras5_era5_195801_197812.nc -> validation_target_oras5_era5_195801_197812.nc | time_range=1958-01-01T00:00:00.000000000..1978-12-01T00:00:00.000000000 | init_range=1958-12-01T00:00:00.000000000..1976-12-01T00:00:00.000000000 | n_time=252 | input_vars=['tos', 'ohc300', 'mlotst', 'sos', 'uos', 'vos', 'uas', 'uasmax', 'vas', 'psl'] | target_var=nino34 | valid_anchors=217
2026-04-23 11:12:23,058 | INFO | test pair files=['test_dataset_godas_era5_198001_202512.nc -> test_target_nino34_ersstv5_198001_202512.nc']
2026-04-23 11:12:23,087 | INFO | test pair[1/1] name=godas_era5_input__ersstv5_nino34_target | input=/home/sanggyu1008/project/01_ENSO/01_data/03_input/test_dataset_godas_era5_198001_202512.nc | target=/home/sanggyu1008/project/01_ENSO/01_data/04_target/test_target_nino34_ersstv5_198001_202512.nc
2026-04-23 11:12:23,087 | INFO | test pair[1/1] file=test_dataset_godas_era5_198001_202512.nc -> test_target_nino34_ersstv5_198001_202512.nc | time_range=1980-01-01T00:00:00.000000000..2025-12-01T00:00:00.000000000 | init_range=1980-12-01T00:00:00.000000000..2023-12-01T00:00:00.000000000 | n_time=552 | input_vars=['tos', 'ohc300', 'mlotst', 'sos', 'uos', 'vos', 'uas', 'uasmax', 'vas', 'psl'] | target_var=nino34 | valid_anchors=517
2026-04-23 11:12:23,087 | INFO | run_test_each_epoch=False | run_final_test_after_training=False
2026-04-23 11:12:23,087 | INFO | best_metric=val_loss | best_metric_mode=min
2026-04-23 11:12:23,087 | INFO | input_norm_stats mean_shape=(10,) | std_shape=(10,)
2026-04-23 11:12:25,049 | INFO | model=cnn_transformer_v4d | trainable_params=674936
2026-04-23 11:12:25,652 | INFO | optimizer=AdamW | base_lr=2.000e-04 | warmup_epochs=0 | warmup_start_factor=0.100
2026-04-23 11:12:25,652 | INFO | train_loss=MSELoss | use_lead_loss_weights=False
2026-04-23 12:04:38,467 | INFO | epoch=001 | lr=2.000e-04 | train_loss=0.773467 | val_loss=0.763495 | val_corr=0.3178
2026-04-23 12:55:48,067 | INFO | epoch=002 | lr=2.000e-04 | train_loss=0.610887 | val_loss=0.703116 | val_corr=0.3567
2026-04-23 13:47:07,975 | INFO | epoch=003 | lr=2.000e-04 | train_loss=0.580437 | val_loss=0.712666 | val_corr=0.3683
2026-04-23 14:38:06,114 | INFO | epoch=004 | lr=2.000e-04 | train_loss=0.555493 | val_loss=0.837876 | val_corr=0.3911
2026-04-23 15:29:36,977 | INFO | epoch=005 | lr=2.000e-04 | train_loss=0.534403 | val_loss=0.642573 | val_corr=0.3867
2026-04-23 16:22:25,108 | INFO | epoch=006 | lr=2.000e-04 | train_loss=0.517001 | val_loss=0.769835 | val_corr=0.3843
2026-04-23 17:14:03,334 | INFO | epoch=007 | lr=2.000e-04 | train_loss=0.502132 | val_loss=0.664105 | val_corr=0.3839
2026-04-23 18:05:03,602 | INFO | epoch=008 | lr=2.000e-04 | train_loss=0.484329 | val_loss=0.681849 | val_corr=0.3838
2026-04-23 18:55:58,226 | INFO | epoch=009 | lr=2.000e-04 | train_loss=0.465108 | val_loss=0.919055 | val_corr=0.3399
2026-04-23 19:46:53,383 | INFO | epoch=010 | lr=1.000e-04 | train_loss=0.422760 | val_loss=0.840663 | val_corr=0.3578
2026-04-23 20:37:47,652 | INFO | epoch=011 | lr=1.000e-04 | train_loss=0.402829 | val_loss=0.824286 | val_corr=0.3587
2026-04-23 21:28:42,960 | INFO | epoch=012 | lr=1.000e-04 | train_loss=0.385816 | val_loss=0.851007 | val_corr=0.3562
2026-04-23 22:19:36,256 | INFO | epoch=013 | lr=1.000e-04 | train_loss=0.367672 | val_loss=0.856792 | val_corr=0.3531
2026-04-23 22:19:36,292 | INFO | early_stopping epoch=13 | best_epoch=5 | best_metric=val_loss | best_metric_mode=min | best_metric_value=0.642573
2026-04-23 22:19:36,329 | INFO | training_finished | best_epoch=5 | best_metric=val_loss | best_metric_mode=min | best_metric_value=0.642573
