2026-04-07 15:59:43,332 | INFO | experiment=cnn_transformer_baseline_v3b_multival_rerun | device=cuda | amp=True
2026-04-07 15:59:43,332 | INFO | use_cache=True | cache_root=/home/sanggyu1008/project/01_ENSO/01_data/05_cache/cnn_transformer_baseline
2026-04-07 15:59:43,332 | INFO | cache_namespace=multival_rerun_v1 | cache_mode=on_demand | cache_version=1 | cache_dtype=float32 | cache_dir=/home/sanggyu1008/project/01_ENSO/01_data/05_cache/cnn_transformer_baseline/multival_rerun_v1
2026-04-07 15:59:43,332 | INFO | train pairs=14 | val pairs=2 | test pairs=1
2026-04-07 15:59:43,332 | INFO | train samples=36878 | val samples=1478 | test samples=517
2026-04-07 15:59:43,333 | INFO | input_vars=['tos', 'ohc300', 'mlotst', 'sos', 'uos', 'vos', 'uas', 'uasmax', 'vas', 'psl']
2026-04-07 15:59:43,333 | INFO | target_var=nino34
2026-04-07 15:59:43,333 | INFO | input_normalization enabled=True | eps=1e-06
2026-04-07 15:59:43,333 | INFO | train pair preview_count=5/14
2026-04-07 15:59:43,333 | INFO | train pair[1/14] file=input_ACCESS-CM2_historical_ssp370_r1i1p1f1.nc -> target_ACCESS-CM2_historical_ssp370_r1i1p1f1.nc
2026-04-07 15:59:43,333 | INFO | train pair[2/14] file=input_ACCESS-ESM1-5_historical_ssp370_r1i1p1f1.nc -> target_ACCESS-ESM1-5_historical_ssp370_r1i1p1f1.nc
2026-04-07 15:59:43,333 | INFO | train pair[3/14] file=input_ACCESS-ESM1-5_historical_ssp370_r2i1p1f1.nc -> target_ACCESS-ESM1-5_historical_ssp370_r2i1p1f1.nc
2026-04-07 15:59:43,333 | INFO | train pair[4/14] file=input_ACCESS-ESM1-5_historical_ssp370_r3i1p1f1.nc -> target_ACCESS-ESM1-5_historical_ssp370_r3i1p1f1.nc
2026-04-07 15:59:43,333 | INFO | train pair[5/14] file=input_CMCC-ESM2_historical_ssp370_r1i1p1f1.nc -> target_CMCC-ESM2_historical_ssp370_r1i1p1f1.nc
2026-04-07 15:59:43,333 | INFO | train excluded inputs=none
2026-04-07 15:59:43,333 | INFO | validation pair files=['validation_dataset_soda_20crv2_187101_197812.nc -> validation_target_soda_20crv2_187101_197812.nc', 'validation_dataset_oras5_era5_195801_197812.nc -> validation_target_oras5_era5_195801_197812.nc']
2026-04-07 15:59:43,402 | INFO | validation pair[1/2] name=soda_20crv2_1871_1978 | input=/home/sanggyu1008/project/01_ENSO/01_data/03_input/validation_dataset_soda_20crv2_187101_197812.nc | target=/home/sanggyu1008/project/01_ENSO/01_data/04_target/validation_target_soda_20crv2_187101_197812.nc
2026-04-07 15:59:43,403 | INFO | validation pair[1/2] file=validation_dataset_soda_20crv2_187101_197812.nc -> validation_target_soda_20crv2_187101_197812.nc | time_range=1871-01-01T00:00:00.000000000..1978-12-01T00:00:00.000000000 | n_time=1296 | input_vars=['tos', 'ohc300', 'mlotst', 'sos', 'uos', 'vos', 'uas', 'uasmax', 'vas', 'psl'] | target_var=nino34 | valid_anchors=1261
2026-04-07 15:59:43,416 | INFO | validation pair[2/2] name=oras5_era5_1958_1978 | input=/home/sanggyu1008/project/01_ENSO/01_data/03_input/validation_dataset_oras5_era5_195801_197812.nc | target=/home/sanggyu1008/project/01_ENSO/01_data/04_target/validation_target_oras5_era5_195801_197812.nc
2026-04-07 15:59:43,416 | INFO | validation pair[2/2] file=validation_dataset_oras5_era5_195801_197812.nc -> validation_target_oras5_era5_195801_197812.nc | time_range=1958-01-01T00:00:00.000000000..1978-12-01T00:00:00.000000000 | n_time=252 | input_vars=['tos', 'ohc300', 'mlotst', 'sos', 'uos', 'vos', 'uas', 'uasmax', 'vas', 'psl'] | target_var=nino34 | valid_anchors=217
2026-04-07 15:59:43,416 | INFO | test pair files=['test_dataset_godas_era5_198001_202512.nc -> test_target_nino34_ersstv5_198001_202512.nc']
2026-04-07 15:59:43,445 | INFO | test pair[1/1] name=godas_era5_input__ersstv5_nino34_target | input=/home/sanggyu1008/project/01_ENSO/01_data/03_input/test_dataset_godas_era5_198001_202512.nc | target=/home/sanggyu1008/project/01_ENSO/01_data/04_target/test_target_nino34_ersstv5_198001_202512.nc
2026-04-07 15:59:43,445 | INFO | test pair[1/1] file=test_dataset_godas_era5_198001_202512.nc -> test_target_nino34_ersstv5_198001_202512.nc | time_range=1980-01-01T00:00:00.000000000..2025-12-01T00:00:00.000000000 | n_time=552 | input_vars=['tos', 'ohc300', 'mlotst', 'sos', 'uos', 'vos', 'uas', 'uasmax', 'vas', 'psl'] | target_var=nino34 | valid_anchors=517
2026-04-07 15:59:43,445 | INFO | run_test_each_epoch=False | run_final_test_after_training=False
2026-04-07 15:59:43,445 | INFO | best_metric=val_loss | best_metric_mode=min
2026-04-07 15:59:43,445 | INFO | input_norm_stats mean_shape=(10,) | std_shape=(10,)
2026-04-07 15:59:50,903 | INFO | model=cnn_transformer_baseline | trainable_params=4376792
2026-04-07 15:59:51,475 | INFO | optimizer=AdamW | base_lr=1.000e-04 | warmup_epochs=0 | warmup_start_factor=0.100
2026-04-07 22:36:30,121 | INFO | experiment=cnn_transformer_baseline_v3b_multival_rerun | device=cuda | amp=True
2026-04-07 22:36:30,121 | INFO | use_cache=True | cache_root=/home/sanggyu1008/project/01_ENSO/01_data/05_cache/cnn_transformer_baseline
2026-04-07 22:36:30,121 | INFO | cache_namespace=multival_rerun_v1 | cache_mode=on_demand | cache_version=1 | cache_dtype=float32 | cache_dir=/home/sanggyu1008/project/01_ENSO/01_data/05_cache/cnn_transformer_baseline/multival_rerun_v1
2026-04-07 22:36:30,121 | INFO | train pairs=14 | val pairs=2 | test pairs=1
2026-04-07 22:36:30,121 | INFO | train samples=36878 | val samples=1478 | test samples=517
2026-04-07 22:36:30,121 | INFO | input_vars=['tos', 'ohc300', 'mlotst', 'sos', 'uos', 'vos', 'uas', 'uasmax', 'vas', 'psl']
2026-04-07 22:36:30,121 | INFO | target_var=nino34
2026-04-07 22:36:30,121 | INFO | input_normalization enabled=True | eps=1e-06
2026-04-07 22:36:30,121 | INFO | train pair preview_count=5/14
2026-04-07 22:36:30,122 | INFO | train pair[1/14] file=input_ACCESS-CM2_historical_ssp370_r1i1p1f1.nc -> target_ACCESS-CM2_historical_ssp370_r1i1p1f1.nc
2026-04-07 22:36:30,122 | INFO | train pair[2/14] file=input_ACCESS-ESM1-5_historical_ssp370_r1i1p1f1.nc -> target_ACCESS-ESM1-5_historical_ssp370_r1i1p1f1.nc
2026-04-07 22:36:30,122 | INFO | train pair[3/14] file=input_ACCESS-ESM1-5_historical_ssp370_r2i1p1f1.nc -> target_ACCESS-ESM1-5_historical_ssp370_r2i1p1f1.nc
2026-04-07 22:36:30,122 | INFO | train pair[4/14] file=input_ACCESS-ESM1-5_historical_ssp370_r3i1p1f1.nc -> target_ACCESS-ESM1-5_historical_ssp370_r3i1p1f1.nc
2026-04-07 22:36:30,122 | INFO | train pair[5/14] file=input_CMCC-ESM2_historical_ssp370_r1i1p1f1.nc -> target_CMCC-ESM2_historical_ssp370_r1i1p1f1.nc
2026-04-07 22:36:30,122 | INFO | train excluded inputs=none
2026-04-07 22:36:30,122 | INFO | validation pair files=['validation_dataset_soda_20crv2_187101_197812.nc -> validation_target_soda_20crv2_187101_197812.nc', 'validation_dataset_oras5_era5_195801_197812.nc -> validation_target_oras5_era5_195801_197812.nc']
2026-04-07 22:36:30,193 | INFO | validation pair[1/2] name=soda_20crv2_1871_1978 | input=/home/sanggyu1008/project/01_ENSO/01_data/03_input/validation_dataset_soda_20crv2_187101_197812.nc | target=/home/sanggyu1008/project/01_ENSO/01_data/04_target/validation_target_soda_20crv2_187101_197812.nc
2026-04-07 22:36:30,194 | INFO | validation pair[1/2] file=validation_dataset_soda_20crv2_187101_197812.nc -> validation_target_soda_20crv2_187101_197812.nc | time_range=1871-01-01T00:00:00.000000000..1978-12-01T00:00:00.000000000 | n_time=1296 | input_vars=['tos', 'ohc300', 'mlotst', 'sos', 'uos', 'vos', 'uas', 'uasmax', 'vas', 'psl'] | target_var=nino34 | valid_anchors=1261
2026-04-07 22:36:30,207 | INFO | validation pair[2/2] name=oras5_era5_1958_1978 | input=/home/sanggyu1008/project/01_ENSO/01_data/03_input/validation_dataset_oras5_era5_195801_197812.nc | target=/home/sanggyu1008/project/01_ENSO/01_data/04_target/validation_target_oras5_era5_195801_197812.nc
2026-04-07 22:36:30,207 | INFO | validation pair[2/2] file=validation_dataset_oras5_era5_195801_197812.nc -> validation_target_oras5_era5_195801_197812.nc | time_range=1958-01-01T00:00:00.000000000..1978-12-01T00:00:00.000000000 | n_time=252 | input_vars=['tos', 'ohc300', 'mlotst', 'sos', 'uos', 'vos', 'uas', 'uasmax', 'vas', 'psl'] | target_var=nino34 | valid_anchors=217
2026-04-07 22:36:30,207 | INFO | test pair files=['test_dataset_godas_era5_198001_202512.nc -> test_target_nino34_ersstv5_198001_202512.nc']
2026-04-07 22:36:30,237 | INFO | test pair[1/1] name=godas_era5_input__ersstv5_nino34_target | input=/home/sanggyu1008/project/01_ENSO/01_data/03_input/test_dataset_godas_era5_198001_202512.nc | target=/home/sanggyu1008/project/01_ENSO/01_data/04_target/test_target_nino34_ersstv5_198001_202512.nc
2026-04-07 22:36:30,237 | INFO | test pair[1/1] file=test_dataset_godas_era5_198001_202512.nc -> test_target_nino34_ersstv5_198001_202512.nc | time_range=1980-01-01T00:00:00.000000000..2025-12-01T00:00:00.000000000 | n_time=552 | input_vars=['tos', 'ohc300', 'mlotst', 'sos', 'uos', 'vos', 'uas', 'uasmax', 'vas', 'psl'] | target_var=nino34 | valid_anchors=517
2026-04-07 22:36:30,237 | INFO | run_test_each_epoch=False | run_final_test_after_training=False
2026-04-07 22:36:30,237 | INFO | best_metric=val_loss | best_metric_mode=min
2026-04-07 22:36:30,237 | INFO | input_norm_stats mean_shape=(10,) | std_shape=(10,)
2026-04-07 22:36:32,368 | INFO | model=cnn_transformer_baseline | trainable_params=4376792
2026-04-07 22:36:33,392 | INFO | optimizer=AdamW | base_lr=1.000e-04 | warmup_epochs=0 | warmup_start_factor=0.100
2026-04-08 00:55:44,447 | INFO | epoch=001 | lr=1.000e-04 | train_loss=0.619355 | val_loss=0.889379 | val_corr=0.3809
2026-04-08 01:18:21,042 | INFO | epoch=002 | lr=1.000e-04 | train_loss=0.522277 | val_loss=0.856568 | val_corr=0.4017
2026-04-08 01:40:50,401 | INFO | epoch=003 | lr=1.000e-04 | train_loss=0.436383 | val_loss=0.909016 | val_corr=0.3640
2026-04-08 02:03:17,236 | INFO | epoch=004 | lr=1.000e-04 | train_loss=0.348579 | val_loss=1.098958 | val_corr=0.3805
2026-04-08 02:25:43,874 | INFO | epoch=005 | lr=1.000e-04 | train_loss=0.279680 | val_loss=1.033015 | val_corr=0.3640
2026-04-08 02:48:14,010 | INFO | epoch=006 | lr=1.000e-04 | train_loss=0.226190 | val_loss=0.945648 | val_corr=0.3695
2026-04-08 03:10:46,596 | INFO | epoch=007 | lr=5.000e-05 | train_loss=0.169361 | val_loss=0.966057 | val_corr=0.3700
2026-04-08 03:33:04,296 | INFO | epoch=008 | lr=5.000e-05 | train_loss=0.148343 | val_loss=0.947345 | val_corr=0.3774
2026-04-08 03:55:21,804 | INFO | epoch=009 | lr=5.000e-05 | train_loss=0.135663 | val_loss=0.997046 | val_corr=0.3639
2026-04-08 04:17:41,297 | INFO | epoch=010 | lr=5.000e-05 | train_loss=0.124811 | val_loss=0.881786 | val_corr=0.3675
2026-04-08 04:17:41,303 | INFO | early_stopping epoch=10 | best_epoch=2 | best_metric=val_loss | best_metric_mode=min | best_metric_value=0.856568
2026-04-08 04:17:41,380 | INFO | training_finished | best_epoch=2 | best_metric=val_loss | best_metric_mode=min | best_metric_value=0.856568
