2026-04-21 14:59:18,800 | INFO | experiment=cnn_transformer_v2a_uasstats | device=cuda | amp=True
2026-04-21 14:59:18,800 | INFO | use_cache=True | cache_root=/home/sanggyu1008/project/01_ENSO/01_data/05_cache/shared_dataset
2026-04-21 14:59:18,800 | INFO | cache_namespace=10vars_uasstats | cache_namespace_source=explicit | cache_mode=on_demand | cache_version=1 | cache_dtype=float32 | cache_dir=/home/sanggyu1008/project/01_ENSO/01_data/05_cache/shared_dataset/10vars_uasstats | data_signature=1bfcbb9741f9e363bdac48c57111612f95ccbe7e
2026-04-21 14:59:18,800 | INFO | train pairs=14 | val pairs=2 | test pairs=1
2026-04-21 14:59:18,800 | INFO | train samples=36878 | val samples=1478 | test samples=517
2026-04-21 14:59:18,800 | INFO | input_vars=['tos', 'ohc300', 'mlotst', 'sos', 'uos', 'vos', 'uas', 'uasmax', 'vas', 'psl']
2026-04-21 14:59:18,801 | INFO | target_var=nino34
2026-04-21 14:59:18,801 | INFO | input_normalization enabled=True | eps=1e-06
2026-04-21 14:59:18,801 | INFO | train pair preview_count=5/14
2026-04-21 14:59:18,801 | INFO | train pair[1/14] file=input_ACCESS-CM2_historical_ssp370_r1i1p1f1.nc -> target_ACCESS-CM2_historical_ssp370_r1i1p1f1.nc
2026-04-21 14:59:18,801 | INFO | train pair[2/14] file=input_ACCESS-ESM1-5_historical_ssp370_r1i1p1f1.nc -> target_ACCESS-ESM1-5_historical_ssp370_r1i1p1f1.nc
2026-04-21 14:59:18,801 | INFO | train pair[3/14] file=input_ACCESS-ESM1-5_historical_ssp370_r2i1p1f1.nc -> target_ACCESS-ESM1-5_historical_ssp370_r2i1p1f1.nc
2026-04-21 14:59:18,801 | INFO | train pair[4/14] file=input_ACCESS-ESM1-5_historical_ssp370_r3i1p1f1.nc -> target_ACCESS-ESM1-5_historical_ssp370_r3i1p1f1.nc
2026-04-21 14:59:18,801 | INFO | train pair[5/14] file=input_CMCC-ESM2_historical_ssp370_r1i1p1f1.nc -> target_CMCC-ESM2_historical_ssp370_r1i1p1f1.nc
2026-04-21 14:59:18,801 | INFO | train excluded inputs=none
2026-04-21 14:59:18,801 | INFO | validation pair files=['validation_dataset_soda_20crv2_187101_197812.nc -> validation_target_soda_20crv2_187101_197812.nc', 'validation_dataset_oras5_era5_195801_197812.nc -> validation_target_oras5_era5_195801_197812.nc']
2026-04-21 14:59:18,870 | INFO | validation pair[1/2] name=soda_20crv2_1871_1978 | input=/home/sanggyu1008/project/01_ENSO/01_data/03_input/validation_dataset_soda_20crv2_187101_197812.nc | target=/home/sanggyu1008/project/01_ENSO/01_data/04_target/validation_target_soda_20crv2_187101_197812.nc
2026-04-21 14:59:18,870 | INFO | validation pair[1/2] file=validation_dataset_soda_20crv2_187101_197812.nc -> validation_target_soda_20crv2_187101_197812.nc | time_range=1871-01-01T00:00:00.000000000..1978-12-01T00:00:00.000000000 | init_range=1871-12-01T00:00:00.000000000..1976-12-01T00:00:00.000000000 | n_time=1296 | input_vars=['tos', 'ohc300', 'mlotst', 'sos', 'uos', 'vos', 'uas', 'uasmax', 'vas', 'psl'] | target_var=nino34 | valid_anchors=1261
2026-04-21 14:59:18,883 | INFO | validation pair[2/2] name=oras5_era5_1958_1978 | input=/home/sanggyu1008/project/01_ENSO/01_data/03_input/validation_dataset_oras5_era5_195801_197812.nc | target=/home/sanggyu1008/project/01_ENSO/01_data/04_target/validation_target_oras5_era5_195801_197812.nc
2026-04-21 14:59:18,884 | INFO | validation pair[2/2] file=validation_dataset_oras5_era5_195801_197812.nc -> validation_target_oras5_era5_195801_197812.nc | time_range=1958-01-01T00:00:00.000000000..1978-12-01T00:00:00.000000000 | init_range=1958-12-01T00:00:00.000000000..1976-12-01T00:00:00.000000000 | n_time=252 | input_vars=['tos', 'ohc300', 'mlotst', 'sos', 'uos', 'vos', 'uas', 'uasmax', 'vas', 'psl'] | target_var=nino34 | valid_anchors=217
2026-04-21 14:59:18,884 | INFO | test pair files=['test_dataset_godas_era5_198001_202512.nc -> test_target_nino34_ersstv5_198001_202512.nc']
2026-04-21 14:59:18,912 | INFO | test pair[1/1] name=godas_era5_input__ersstv5_nino34_target | input=/home/sanggyu1008/project/01_ENSO/01_data/03_input/test_dataset_godas_era5_198001_202512.nc | target=/home/sanggyu1008/project/01_ENSO/01_data/04_target/test_target_nino34_ersstv5_198001_202512.nc
2026-04-21 14:59:18,913 | INFO | test pair[1/1] file=test_dataset_godas_era5_198001_202512.nc -> test_target_nino34_ersstv5_198001_202512.nc | time_range=1980-01-01T00:00:00.000000000..2025-12-01T00:00:00.000000000 | init_range=1980-12-01T00:00:00.000000000..2023-12-01T00:00:00.000000000 | n_time=552 | input_vars=['tos', 'ohc300', 'mlotst', 'sos', 'uos', 'vos', 'uas', 'uasmax', 'vas', 'psl'] | target_var=nino34 | valid_anchors=517
2026-04-21 14:59:18,913 | INFO | run_test_each_epoch=False | run_final_test_after_training=False
2026-04-21 14:59:18,913 | INFO | best_metric=val_loss | best_metric_mode=min
2026-04-21 14:59:18,913 | INFO | input_norm_stats mean_shape=(10,) | std_shape=(10,)
2026-04-21 14:59:21,191 | INFO | model=cnn_transformer_v2a_uasstats | trainable_params=693464
2026-04-21 14:59:21,716 | INFO | optimizer=AdamW | base_lr=2.000e-04 | warmup_epochs=0 | warmup_start_factor=0.100
2026-04-21 14:59:21,717 | INFO | train_loss=MSELoss | use_lead_loss_weights=False
2026-04-21 16:05:44,104 | INFO | epoch=001 | lr=2.000e-04 | train_loss=0.734412 | val_loss=0.663105 | val_corr=0.3760
2026-04-21 17:00:50,136 | INFO | epoch=002 | lr=2.000e-04 | train_loss=0.606402 | val_loss=0.637514 | val_corr=0.4069
2026-04-21 17:53:40,133 | INFO | epoch=003 | lr=2.000e-04 | train_loss=0.560939 | val_loss=0.652818 | val_corr=0.4243
2026-04-21 18:47:09,897 | INFO | epoch=004 | lr=2.000e-04 | train_loss=0.530695 | val_loss=0.658860 | val_corr=0.4075
2026-04-21 19:43:43,200 | INFO | epoch=005 | lr=2.000e-04 | train_loss=0.503473 | val_loss=0.667949 | val_corr=0.4054
2026-04-21 20:36:41,355 | INFO | epoch=006 | lr=2.000e-04 | train_loss=0.474941 | val_loss=0.699240 | val_corr=0.3772
2026-04-21 21:29:53,484 | INFO | epoch=007 | lr=1.000e-04 | train_loss=0.426783 | val_loss=0.675161 | val_corr=0.3968
2026-04-21 22:26:31,218 | INFO | epoch=008 | lr=1.000e-04 | train_loss=0.402458 | val_loss=0.712119 | val_corr=0.3684
2026-04-21 23:19:32,762 | INFO | epoch=009 | lr=1.000e-04 | train_loss=0.382449 | val_loss=0.746429 | val_corr=0.3817
2026-04-22 00:13:43,328 | INFO | epoch=010 | lr=1.000e-04 | train_loss=0.363620 | val_loss=0.745547 | val_corr=0.3458
2026-04-22 00:13:43,328 | INFO | early_stopping epoch=10 | best_epoch=2 | best_metric=val_loss | best_metric_mode=min | best_metric_value=0.637514
2026-04-22 00:13:43,373 | INFO | training_finished | best_epoch=2 | best_metric=val_loss | best_metric_mode=min | best_metric_value=0.637514
