2026-04-07 15:10:19,465 | INFO | experiment=cnn_transformer_baseline_v2_multival_rerun | device=cuda | amp=True
2026-04-07 15:10:19,466 | INFO | use_cache=True | cache_root=/home/sanggyu1008/project/01_ENSO/01_data/05_cache/cnn_transformer_baseline_v2_multival_rerun
2026-04-07 15:10:19,466 | INFO | train pairs=14 | val pairs=2 | test pairs=1
2026-04-07 15:10:19,466 | INFO | train samples=36878 | val samples=1478 | test samples=517
2026-04-07 15:10:19,466 | INFO | input_vars=['tos', 'ohc300', 'mlotst', 'sos', 'uos', 'vos', 'uas', 'uasmax', 'vas', 'psl']
2026-04-07 15:10:19,466 | INFO | target_var=nino34
2026-04-07 15:10:19,466 | INFO | input_normalization enabled=True | eps=1e-06
2026-04-07 15:10:19,466 | INFO | train pair preview_count=5/14
2026-04-07 15:10:19,466 | INFO | train pair[1/14] file=input_ACCESS-CM2_historical_ssp370_r1i1p1f1.nc -> target_ACCESS-CM2_historical_ssp370_r1i1p1f1.nc
2026-04-07 15:10:19,466 | INFO | train pair[2/14] file=input_ACCESS-ESM1-5_historical_ssp370_r1i1p1f1.nc -> target_ACCESS-ESM1-5_historical_ssp370_r1i1p1f1.nc
2026-04-07 15:10:19,466 | INFO | train pair[3/14] file=input_ACCESS-ESM1-5_historical_ssp370_r2i1p1f1.nc -> target_ACCESS-ESM1-5_historical_ssp370_r2i1p1f1.nc
2026-04-07 15:10:19,466 | INFO | train pair[4/14] file=input_ACCESS-ESM1-5_historical_ssp370_r3i1p1f1.nc -> target_ACCESS-ESM1-5_historical_ssp370_r3i1p1f1.nc
2026-04-07 15:10:19,466 | INFO | train pair[5/14] file=input_CMCC-ESM2_historical_ssp370_r1i1p1f1.nc -> target_CMCC-ESM2_historical_ssp370_r1i1p1f1.nc
2026-04-07 15:10:19,466 | INFO | train excluded inputs=none
2026-04-07 15:10:19,466 | INFO | validation pair files=['validation_dataset_soda_20crv2_187101_197812.nc -> validation_target_soda_20crv2_187101_197812.nc', 'validation_dataset_oras5_era5_195801_197812.nc -> validation_target_oras5_era5_195801_197812.nc']
2026-04-07 15:10:19,543 | INFO | validation pair[1/2] name=soda_20crv2_1871_1978 | input=/home/sanggyu1008/project/01_ENSO/01_data/03_input/validation_dataset_soda_20crv2_187101_197812.nc | target=/home/sanggyu1008/project/01_ENSO/01_data/04_target/validation_target_soda_20crv2_187101_197812.nc
2026-04-07 15:10:19,543 | INFO | validation pair[1/2] file=validation_dataset_soda_20crv2_187101_197812.nc -> validation_target_soda_20crv2_187101_197812.nc | time_range=1871-01-01T00:00:00.000000000..1978-12-01T00:00:00.000000000 | n_time=1296 | input_vars=['tos', 'ohc300', 'mlotst', 'sos', 'uos', 'vos', 'uas', 'uasmax', 'vas', 'psl'] | target_var=nino34 | valid_anchors=1261
2026-04-07 15:10:19,558 | INFO | validation pair[2/2] name=oras5_era5_1958_1978 | input=/home/sanggyu1008/project/01_ENSO/01_data/03_input/validation_dataset_oras5_era5_195801_197812.nc | target=/home/sanggyu1008/project/01_ENSO/01_data/04_target/validation_target_oras5_era5_195801_197812.nc
2026-04-07 15:10:19,558 | INFO | validation pair[2/2] file=validation_dataset_oras5_era5_195801_197812.nc -> validation_target_oras5_era5_195801_197812.nc | time_range=1958-01-01T00:00:00.000000000..1978-12-01T00:00:00.000000000 | n_time=252 | input_vars=['tos', 'ohc300', 'mlotst', 'sos', 'uos', 'vos', 'uas', 'uasmax', 'vas', 'psl'] | target_var=nino34 | valid_anchors=217
2026-04-07 15:10:19,558 | INFO | test pair files=['test_dataset_godas_era5_198001_202512.nc -> test_target_nino34_ersstv5_198001_202512.nc']
2026-04-07 15:10:19,589 | INFO | test pair[1/1] name=godas_era5_input__ersstv5_nino34_target | input=/home/sanggyu1008/project/01_ENSO/01_data/03_input/test_dataset_godas_era5_198001_202512.nc | target=/home/sanggyu1008/project/01_ENSO/01_data/04_target/test_target_nino34_ersstv5_198001_202512.nc
2026-04-07 15:10:19,589 | INFO | test pair[1/1] file=test_dataset_godas_era5_198001_202512.nc -> test_target_nino34_ersstv5_198001_202512.nc | time_range=1980-01-01T00:00:00.000000000..2025-12-01T00:00:00.000000000 | n_time=552 | input_vars=['tos', 'ohc300', 'mlotst', 'sos', 'uos', 'vos', 'uas', 'uasmax', 'vas', 'psl'] | target_var=nino34 | valid_anchors=517
2026-04-07 15:10:19,589 | INFO | run_test_each_epoch=False | run_final_test_after_training=False
2026-04-07 15:10:19,589 | INFO | best_metric=val_loss | best_metric_mode=min
2026-04-07 15:10:19,590 | INFO | input_norm_stats mean_shape=(10,) | std_shape=(10,)
2026-04-07 15:10:21,289 | INFO | model=cnn_transformer_baseline | trainable_params=4376792
2026-04-07 15:10:21,953 | INFO | optimizer=AdamW | base_lr=1.000e-04 | warmup_epochs=0 | warmup_start_factor=0.100
2026-04-07 15:10:37,313 | INFO | experiment=cnn_transformer_baseline_v2_multival_rerun | device=cuda | amp=True
2026-04-07 15:10:37,313 | INFO | use_cache=True | cache_root=/home/sanggyu1008/project/01_ENSO/01_data/05_cache/cnn_transformer_baseline_v2_multival_rerun
2026-04-07 15:10:37,314 | INFO | train pairs=14 | val pairs=2 | test pairs=1
2026-04-07 15:10:37,314 | INFO | train samples=36878 | val samples=1478 | test samples=517
2026-04-07 15:10:37,314 | INFO | input_vars=['tos', 'ohc300', 'mlotst', 'sos', 'uos', 'vos', 'uas', 'uasmax', 'vas', 'psl']
2026-04-07 15:10:37,314 | INFO | target_var=nino34
2026-04-07 15:10:37,314 | INFO | input_normalization enabled=True | eps=1e-06
2026-04-07 15:10:37,314 | INFO | train pair preview_count=5/14
2026-04-07 15:10:37,314 | INFO | train pair[1/14] file=input_ACCESS-CM2_historical_ssp370_r1i1p1f1.nc -> target_ACCESS-CM2_historical_ssp370_r1i1p1f1.nc
2026-04-07 15:10:37,314 | INFO | train pair[2/14] file=input_ACCESS-ESM1-5_historical_ssp370_r1i1p1f1.nc -> target_ACCESS-ESM1-5_historical_ssp370_r1i1p1f1.nc
2026-04-07 15:10:37,314 | INFO | train pair[3/14] file=input_ACCESS-ESM1-5_historical_ssp370_r2i1p1f1.nc -> target_ACCESS-ESM1-5_historical_ssp370_r2i1p1f1.nc
2026-04-07 15:10:37,314 | INFO | train pair[4/14] file=input_ACCESS-ESM1-5_historical_ssp370_r3i1p1f1.nc -> target_ACCESS-ESM1-5_historical_ssp370_r3i1p1f1.nc
2026-04-07 15:10:37,314 | INFO | train pair[5/14] file=input_CMCC-ESM2_historical_ssp370_r1i1p1f1.nc -> target_CMCC-ESM2_historical_ssp370_r1i1p1f1.nc
2026-04-07 15:10:37,314 | INFO | train excluded inputs=none
2026-04-07 15:10:37,314 | INFO | validation pair files=['validation_dataset_soda_20crv2_187101_197812.nc -> validation_target_soda_20crv2_187101_197812.nc', 'validation_dataset_oras5_era5_195801_197812.nc -> validation_target_oras5_era5_195801_197812.nc']
2026-04-07 15:10:37,384 | INFO | validation pair[1/2] name=soda_20crv2_1871_1978 | input=/home/sanggyu1008/project/01_ENSO/01_data/03_input/validation_dataset_soda_20crv2_187101_197812.nc | target=/home/sanggyu1008/project/01_ENSO/01_data/04_target/validation_target_soda_20crv2_187101_197812.nc
2026-04-07 15:10:37,384 | INFO | validation pair[1/2] file=validation_dataset_soda_20crv2_187101_197812.nc -> validation_target_soda_20crv2_187101_197812.nc | time_range=1871-01-01T00:00:00.000000000..1978-12-01T00:00:00.000000000 | n_time=1296 | input_vars=['tos', 'ohc300', 'mlotst', 'sos', 'uos', 'vos', 'uas', 'uasmax', 'vas', 'psl'] | target_var=nino34 | valid_anchors=1261
2026-04-07 15:10:37,397 | INFO | validation pair[2/2] name=oras5_era5_1958_1978 | input=/home/sanggyu1008/project/01_ENSO/01_data/03_input/validation_dataset_oras5_era5_195801_197812.nc | target=/home/sanggyu1008/project/01_ENSO/01_data/04_target/validation_target_oras5_era5_195801_197812.nc
2026-04-07 15:10:37,398 | INFO | validation pair[2/2] file=validation_dataset_oras5_era5_195801_197812.nc -> validation_target_oras5_era5_195801_197812.nc | time_range=1958-01-01T00:00:00.000000000..1978-12-01T00:00:00.000000000 | n_time=252 | input_vars=['tos', 'ohc300', 'mlotst', 'sos', 'uos', 'vos', 'uas', 'uasmax', 'vas', 'psl'] | target_var=nino34 | valid_anchors=217
2026-04-07 15:10:37,398 | INFO | test pair files=['test_dataset_godas_era5_198001_202512.nc -> test_target_nino34_ersstv5_198001_202512.nc']
2026-04-07 15:10:37,426 | INFO | test pair[1/1] name=godas_era5_input__ersstv5_nino34_target | input=/home/sanggyu1008/project/01_ENSO/01_data/03_input/test_dataset_godas_era5_198001_202512.nc | target=/home/sanggyu1008/project/01_ENSO/01_data/04_target/test_target_nino34_ersstv5_198001_202512.nc
2026-04-07 15:10:37,427 | INFO | test pair[1/1] file=test_dataset_godas_era5_198001_202512.nc -> test_target_nino34_ersstv5_198001_202512.nc | time_range=1980-01-01T00:00:00.000000000..2025-12-01T00:00:00.000000000 | n_time=552 | input_vars=['tos', 'ohc300', 'mlotst', 'sos', 'uos', 'vos', 'uas', 'uasmax', 'vas', 'psl'] | target_var=nino34 | valid_anchors=517
2026-04-07 15:10:37,427 | INFO | run_test_each_epoch=False | run_final_test_after_training=False
2026-04-07 15:10:37,427 | INFO | best_metric=val_loss | best_metric_mode=min
2026-04-07 15:10:37,427 | INFO | input_norm_stats mean_shape=(10,) | std_shape=(10,)
2026-04-07 15:10:39,144 | INFO | model=cnn_transformer_baseline | trainable_params=4376792
2026-04-07 15:10:39,767 | INFO | optimizer=AdamW | base_lr=1.000e-04 | warmup_epochs=0 | warmup_start_factor=0.100
2026-04-07 15:59:37,582 | INFO | experiment=cnn_transformer_baseline_v2_multival_rerun | device=cuda | amp=True
2026-04-07 15:59:37,582 | INFO | use_cache=True | cache_root=/home/sanggyu1008/project/01_ENSO/01_data/05_cache/cnn_transformer_baseline
2026-04-07 15:59:37,582 | INFO | cache_namespace=multival_rerun_v1 | cache_mode=on_demand | cache_version=1 | cache_dtype=float32 | cache_dir=/home/sanggyu1008/project/01_ENSO/01_data/05_cache/cnn_transformer_baseline/multival_rerun_v1
2026-04-07 15:59:37,582 | INFO | train pairs=14 | val pairs=2 | test pairs=1
2026-04-07 15:59:37,582 | INFO | train samples=36878 | val samples=1478 | test samples=517
2026-04-07 15:59:37,582 | INFO | input_vars=['tos', 'ohc300', 'mlotst', 'sos', 'uos', 'vos', 'uas', 'uasmax', 'vas', 'psl']
2026-04-07 15:59:37,583 | INFO | target_var=nino34
2026-04-07 15:59:37,583 | INFO | input_normalization enabled=True | eps=1e-06
2026-04-07 15:59:37,583 | INFO | train pair preview_count=5/14
2026-04-07 15:59:37,583 | INFO | train pair[1/14] file=input_ACCESS-CM2_historical_ssp370_r1i1p1f1.nc -> target_ACCESS-CM2_historical_ssp370_r1i1p1f1.nc
2026-04-07 15:59:37,583 | INFO | train pair[2/14] file=input_ACCESS-ESM1-5_historical_ssp370_r1i1p1f1.nc -> target_ACCESS-ESM1-5_historical_ssp370_r1i1p1f1.nc
2026-04-07 15:59:37,583 | INFO | train pair[3/14] file=input_ACCESS-ESM1-5_historical_ssp370_r2i1p1f1.nc -> target_ACCESS-ESM1-5_historical_ssp370_r2i1p1f1.nc
2026-04-07 15:59:37,584 | INFO | train pair[4/14] file=input_ACCESS-ESM1-5_historical_ssp370_r3i1p1f1.nc -> target_ACCESS-ESM1-5_historical_ssp370_r3i1p1f1.nc
2026-04-07 15:59:37,584 | INFO | train pair[5/14] file=input_CMCC-ESM2_historical_ssp370_r1i1p1f1.nc -> target_CMCC-ESM2_historical_ssp370_r1i1p1f1.nc
2026-04-07 15:59:37,584 | INFO | train excluded inputs=none
2026-04-07 15:59:37,584 | INFO | validation pair files=['validation_dataset_soda_20crv2_187101_197812.nc -> validation_target_soda_20crv2_187101_197812.nc', 'validation_dataset_oras5_era5_195801_197812.nc -> validation_target_oras5_era5_195801_197812.nc']
2026-04-07 15:59:37,653 | INFO | validation pair[1/2] name=soda_20crv2_1871_1978 | input=/home/sanggyu1008/project/01_ENSO/01_data/03_input/validation_dataset_soda_20crv2_187101_197812.nc | target=/home/sanggyu1008/project/01_ENSO/01_data/04_target/validation_target_soda_20crv2_187101_197812.nc
2026-04-07 15:59:37,653 | INFO | validation pair[1/2] file=validation_dataset_soda_20crv2_187101_197812.nc -> validation_target_soda_20crv2_187101_197812.nc | time_range=1871-01-01T00:00:00.000000000..1978-12-01T00:00:00.000000000 | n_time=1296 | input_vars=['tos', 'ohc300', 'mlotst', 'sos', 'uos', 'vos', 'uas', 'uasmax', 'vas', 'psl'] | target_var=nino34 | valid_anchors=1261
2026-04-07 15:59:37,666 | INFO | validation pair[2/2] name=oras5_era5_1958_1978 | input=/home/sanggyu1008/project/01_ENSO/01_data/03_input/validation_dataset_oras5_era5_195801_197812.nc | target=/home/sanggyu1008/project/01_ENSO/01_data/04_target/validation_target_oras5_era5_195801_197812.nc
2026-04-07 15:59:37,666 | INFO | validation pair[2/2] file=validation_dataset_oras5_era5_195801_197812.nc -> validation_target_oras5_era5_195801_197812.nc | time_range=1958-01-01T00:00:00.000000000..1978-12-01T00:00:00.000000000 | n_time=252 | input_vars=['tos', 'ohc300', 'mlotst', 'sos', 'uos', 'vos', 'uas', 'uasmax', 'vas', 'psl'] | target_var=nino34 | valid_anchors=217
2026-04-07 15:59:37,666 | INFO | test pair files=['test_dataset_godas_era5_198001_202512.nc -> test_target_nino34_ersstv5_198001_202512.nc']
2026-04-07 15:59:37,695 | INFO | test pair[1/1] name=godas_era5_input__ersstv5_nino34_target | input=/home/sanggyu1008/project/01_ENSO/01_data/03_input/test_dataset_godas_era5_198001_202512.nc | target=/home/sanggyu1008/project/01_ENSO/01_data/04_target/test_target_nino34_ersstv5_198001_202512.nc
2026-04-07 15:59:37,696 | INFO | test pair[1/1] file=test_dataset_godas_era5_198001_202512.nc -> test_target_nino34_ersstv5_198001_202512.nc | time_range=1980-01-01T00:00:00.000000000..2025-12-01T00:00:00.000000000 | n_time=552 | input_vars=['tos', 'ohc300', 'mlotst', 'sos', 'uos', 'vos', 'uas', 'uasmax', 'vas', 'psl'] | target_var=nino34 | valid_anchors=517
2026-04-07 15:59:37,696 | INFO | run_test_each_epoch=False | run_final_test_after_training=False
2026-04-07 15:59:37,696 | INFO | best_metric=val_loss | best_metric_mode=min
2026-04-07 15:59:37,696 | INFO | input_norm_stats mean_shape=(10,) | std_shape=(10,)
2026-04-07 15:59:50,855 | INFO | model=cnn_transformer_baseline | trainable_params=4376792
2026-04-07 15:59:51,475 | INFO | optimizer=AdamW | base_lr=1.000e-04 | warmup_epochs=0 | warmup_start_factor=0.100
2026-04-08 06:59:57,792 | INFO | experiment=cnn_transformer_baseline_v2_multival_rerun | device=cuda | amp=True
2026-04-08 06:59:57,793 | INFO | use_cache=True | cache_root=/home/sanggyu1008/project/01_ENSO/01_data/05_cache/cnn_transformer_baseline
2026-04-08 06:59:57,793 | INFO | cache_namespace=multival_rerun_v1 | cache_mode=on_demand | cache_version=1 | cache_dtype=float32 | cache_dir=/home/sanggyu1008/project/01_ENSO/01_data/05_cache/cnn_transformer_baseline/multival_rerun_v1
2026-04-08 06:59:57,793 | INFO | train pairs=14 | val pairs=2 | test pairs=1
2026-04-08 06:59:57,793 | INFO | train samples=36878 | val samples=1478 | test samples=517
2026-04-08 06:59:57,793 | INFO | input_vars=['tos', 'ohc300', 'mlotst', 'sos', 'uos', 'vos', 'uas', 'uasmax', 'vas', 'psl']
2026-04-08 06:59:57,793 | INFO | target_var=nino34
2026-04-08 06:59:57,793 | INFO | input_normalization enabled=True | eps=1e-06
2026-04-08 06:59:57,793 | INFO | train pair preview_count=5/14
2026-04-08 06:59:57,793 | INFO | train pair[1/14] file=input_ACCESS-CM2_historical_ssp370_r1i1p1f1.nc -> target_ACCESS-CM2_historical_ssp370_r1i1p1f1.nc
2026-04-08 06:59:57,793 | INFO | train pair[2/14] file=input_ACCESS-ESM1-5_historical_ssp370_r1i1p1f1.nc -> target_ACCESS-ESM1-5_historical_ssp370_r1i1p1f1.nc
2026-04-08 06:59:57,793 | INFO | train pair[3/14] file=input_ACCESS-ESM1-5_historical_ssp370_r2i1p1f1.nc -> target_ACCESS-ESM1-5_historical_ssp370_r2i1p1f1.nc
2026-04-08 06:59:57,793 | INFO | train pair[4/14] file=input_ACCESS-ESM1-5_historical_ssp370_r3i1p1f1.nc -> target_ACCESS-ESM1-5_historical_ssp370_r3i1p1f1.nc
2026-04-08 06:59:57,793 | INFO | train pair[5/14] file=input_CMCC-ESM2_historical_ssp370_r1i1p1f1.nc -> target_CMCC-ESM2_historical_ssp370_r1i1p1f1.nc
2026-04-08 06:59:57,793 | INFO | train excluded inputs=none
2026-04-08 06:59:57,793 | INFO | validation pair files=['validation_dataset_soda_20crv2_187101_197812.nc -> validation_target_soda_20crv2_187101_197812.nc', 'validation_dataset_oras5_era5_195801_197812.nc -> validation_target_oras5_era5_195801_197812.nc']
2026-04-08 06:59:57,879 | INFO | validation pair[1/2] name=soda_20crv2_1871_1978 | input=/home/sanggyu1008/project/01_ENSO/01_data/03_input/validation_dataset_soda_20crv2_187101_197812.nc | target=/home/sanggyu1008/project/01_ENSO/01_data/04_target/validation_target_soda_20crv2_187101_197812.nc
2026-04-08 06:59:57,879 | INFO | validation pair[1/2] file=validation_dataset_soda_20crv2_187101_197812.nc -> validation_target_soda_20crv2_187101_197812.nc | time_range=1871-01-01T00:00:00.000000000..1978-12-01T00:00:00.000000000 | n_time=1296 | input_vars=['tos', 'ohc300', 'mlotst', 'sos', 'uos', 'vos', 'uas', 'uasmax', 'vas', 'psl'] | target_var=nino34 | valid_anchors=1261
2026-04-08 06:59:57,893 | INFO | validation pair[2/2] name=oras5_era5_1958_1978 | input=/home/sanggyu1008/project/01_ENSO/01_data/03_input/validation_dataset_oras5_era5_195801_197812.nc | target=/home/sanggyu1008/project/01_ENSO/01_data/04_target/validation_target_oras5_era5_195801_197812.nc
2026-04-08 06:59:57,893 | INFO | validation pair[2/2] file=validation_dataset_oras5_era5_195801_197812.nc -> validation_target_oras5_era5_195801_197812.nc | time_range=1958-01-01T00:00:00.000000000..1978-12-01T00:00:00.000000000 | n_time=252 | input_vars=['tos', 'ohc300', 'mlotst', 'sos', 'uos', 'vos', 'uas', 'uasmax', 'vas', 'psl'] | target_var=nino34 | valid_anchors=217
2026-04-08 06:59:57,893 | INFO | test pair files=['test_dataset_godas_era5_198001_202512.nc -> test_target_nino34_ersstv5_198001_202512.nc']
2026-04-08 06:59:57,921 | INFO | test pair[1/1] name=godas_era5_input__ersstv5_nino34_target | input=/home/sanggyu1008/project/01_ENSO/01_data/03_input/test_dataset_godas_era5_198001_202512.nc | target=/home/sanggyu1008/project/01_ENSO/01_data/04_target/test_target_nino34_ersstv5_198001_202512.nc
2026-04-08 06:59:57,921 | INFO | test pair[1/1] file=test_dataset_godas_era5_198001_202512.nc -> test_target_nino34_ersstv5_198001_202512.nc | time_range=1980-01-01T00:00:00.000000000..2025-12-01T00:00:00.000000000 | n_time=552 | input_vars=['tos', 'ohc300', 'mlotst', 'sos', 'uos', 'vos', 'uas', 'uasmax', 'vas', 'psl'] | target_var=nino34 | valid_anchors=517
2026-04-08 06:59:57,921 | INFO | run_test_each_epoch=False | run_final_test_after_training=False
2026-04-08 06:59:57,921 | INFO | best_metric=val_loss | best_metric_mode=min
2026-04-08 06:59:57,922 | INFO | input_norm_stats mean_shape=(10,) | std_shape=(10,)
2026-04-08 07:00:08,758 | INFO | model=cnn_transformer_baseline | trainable_params=4376792
2026-04-08 07:00:16,151 | INFO | optimizer=AdamW | base_lr=1.000e-04 | warmup_epochs=0 | warmup_start_factor=0.100
2026-04-08 07:22:46,136 | INFO | epoch=001 | lr=1.000e-04 | train_loss=0.611904 | val_loss=0.861510 | val_corr=0.3810
2026-04-08 07:45:03,668 | INFO | epoch=002 | lr=1.000e-04 | train_loss=0.511220 | val_loss=0.925501 | val_corr=0.4119
2026-04-08 08:07:18,688 | INFO | epoch=003 | lr=1.000e-04 | train_loss=0.417019 | val_loss=0.839408 | val_corr=0.3850
2026-04-08 08:29:33,545 | INFO | epoch=004 | lr=1.000e-04 | train_loss=0.324661 | val_loss=1.054524 | val_corr=0.3906
2026-04-08 08:51:49,580 | INFO | epoch=005 | lr=1.000e-04 | train_loss=0.254439 | val_loss=1.064762 | val_corr=0.3781
2026-04-08 09:14:04,635 | INFO | epoch=006 | lr=1.000e-04 | train_loss=0.202226 | val_loss=0.964254 | val_corr=0.3664
2026-04-08 09:36:19,592 | INFO | epoch=007 | lr=1.000e-04 | train_loss=0.165944 | val_loss=0.895024 | val_corr=0.3752
2026-04-08 09:58:34,561 | INFO | epoch=008 | lr=5.000e-05 | train_loss=0.124033 | val_loss=0.930825 | val_corr=0.3654
2026-04-08 10:20:49,290 | INFO | epoch=009 | lr=5.000e-05 | train_loss=0.110312 | val_loss=0.921284 | val_corr=0.3666
2026-04-08 10:43:14,288 | INFO | epoch=010 | lr=5.000e-05 | train_loss=0.101067 | val_loss=0.856965 | val_corr=0.3565
2026-04-08 11:06:31,193 | INFO | epoch=011 | lr=5.000e-05 | train_loss=0.093434 | val_loss=0.928887 | val_corr=0.3577
2026-04-08 11:06:31,262 | INFO | early_stopping epoch=11 | best_epoch=3 | best_metric=val_loss | best_metric_mode=min | best_metric_value=0.839408
2026-04-08 11:06:31,265 | INFO | training_finished | best_epoch=3 | best_metric=val_loss | best_metric_mode=min | best_metric_value=0.839408
