2026-04-07 15:10:21,698 | INFO | experiment=cnn_transformer_baseline_v4b_multival_rerun | device=cuda | amp=True
2026-04-07 15:10:21,698 | INFO | use_cache=True | cache_root=/home/sanggyu1008/project/01_ENSO/01_data/05_cache/cnn_transformer_baseline_v4b_multival_rerun
2026-04-07 15:10:21,698 | INFO | train pairs=14 | val pairs=2 | test pairs=1
2026-04-07 15:10:21,698 | INFO | train samples=36878 | val samples=1478 | test samples=517
2026-04-07 15:10:21,698 | INFO | input_vars=['tos', 'ohc300', 'mlotst', 'sos', 'uos', 'vos', 'uas', 'uasmax', 'vas', 'psl']
2026-04-07 15:10:21,699 | INFO | target_var=nino34
2026-04-07 15:10:21,699 | INFO | input_normalization enabled=True | eps=1e-06
2026-04-07 15:10:21,699 | INFO | train pair preview_count=5/14
2026-04-07 15:10:21,699 | INFO | train pair[1/14] file=input_ACCESS-CM2_historical_ssp370_r1i1p1f1.nc -> target_ACCESS-CM2_historical_ssp370_r1i1p1f1.nc
2026-04-07 15:10:21,699 | INFO | train pair[2/14] file=input_ACCESS-ESM1-5_historical_ssp370_r1i1p1f1.nc -> target_ACCESS-ESM1-5_historical_ssp370_r1i1p1f1.nc
2026-04-07 15:10:21,699 | INFO | train pair[3/14] file=input_ACCESS-ESM1-5_historical_ssp370_r2i1p1f1.nc -> target_ACCESS-ESM1-5_historical_ssp370_r2i1p1f1.nc
2026-04-07 15:10:21,699 | INFO | train pair[4/14] file=input_ACCESS-ESM1-5_historical_ssp370_r3i1p1f1.nc -> target_ACCESS-ESM1-5_historical_ssp370_r3i1p1f1.nc
2026-04-07 15:10:21,699 | INFO | train pair[5/14] file=input_CMCC-ESM2_historical_ssp370_r1i1p1f1.nc -> target_CMCC-ESM2_historical_ssp370_r1i1p1f1.nc
2026-04-07 15:10:21,699 | INFO | train excluded inputs=none
2026-04-07 15:10:21,699 | INFO | validation pair files=['validation_dataset_soda_20crv2_187101_197812.nc -> validation_target_soda_20crv2_187101_197812.nc', 'validation_dataset_oras5_era5_195801_197812.nc -> validation_target_oras5_era5_195801_197812.nc']
2026-04-07 15:10:21,767 | INFO | validation pair[1/2] name=soda_20crv2_1871_1978 | input=/home/sanggyu1008/project/01_ENSO/01_data/03_input/validation_dataset_soda_20crv2_187101_197812.nc | target=/home/sanggyu1008/project/01_ENSO/01_data/04_target/validation_target_soda_20crv2_187101_197812.nc
2026-04-07 15:10:21,767 | INFO | validation pair[1/2] file=validation_dataset_soda_20crv2_187101_197812.nc -> validation_target_soda_20crv2_187101_197812.nc | time_range=1871-01-01T00:00:00.000000000..1978-12-01T00:00:00.000000000 | n_time=1296 | input_vars=['tos', 'ohc300', 'mlotst', 'sos', 'uos', 'vos', 'uas', 'uasmax', 'vas', 'psl'] | target_var=nino34 | valid_anchors=1261
2026-04-07 15:10:21,780 | INFO | validation pair[2/2] name=oras5_era5_1958_1978 | input=/home/sanggyu1008/project/01_ENSO/01_data/03_input/validation_dataset_oras5_era5_195801_197812.nc | target=/home/sanggyu1008/project/01_ENSO/01_data/04_target/validation_target_oras5_era5_195801_197812.nc
2026-04-07 15:10:21,781 | INFO | validation pair[2/2] file=validation_dataset_oras5_era5_195801_197812.nc -> validation_target_oras5_era5_195801_197812.nc | time_range=1958-01-01T00:00:00.000000000..1978-12-01T00:00:00.000000000 | n_time=252 | input_vars=['tos', 'ohc300', 'mlotst', 'sos', 'uos', 'vos', 'uas', 'uasmax', 'vas', 'psl'] | target_var=nino34 | valid_anchors=217
2026-04-07 15:10:21,781 | INFO | test pair files=['test_dataset_godas_era5_198001_202512.nc -> test_target_nino34_ersstv5_198001_202512.nc']
2026-04-07 15:10:21,809 | INFO | test pair[1/1] name=godas_era5_input__ersstv5_nino34_target | input=/home/sanggyu1008/project/01_ENSO/01_data/03_input/test_dataset_godas_era5_198001_202512.nc | target=/home/sanggyu1008/project/01_ENSO/01_data/04_target/test_target_nino34_ersstv5_198001_202512.nc
2026-04-07 15:10:21,809 | INFO | test pair[1/1] file=test_dataset_godas_era5_198001_202512.nc -> test_target_nino34_ersstv5_198001_202512.nc | time_range=1980-01-01T00:00:00.000000000..2025-12-01T00:00:00.000000000 | n_time=552 | input_vars=['tos', 'ohc300', 'mlotst', 'sos', 'uos', 'vos', 'uas', 'uasmax', 'vas', 'psl'] | target_var=nino34 | valid_anchors=517
2026-04-07 15:10:21,809 | INFO | run_test_each_epoch=False | run_final_test_after_training=False
2026-04-07 15:10:21,809 | INFO | best_metric=val_loss | best_metric_mode=min
2026-04-07 15:10:21,809 | INFO | input_norm_stats mean_shape=(10,) | std_shape=(10,)
2026-04-07 15:10:23,580 | INFO | model=cnn_transformer_baseline | trainable_params=4379864
2026-04-07 15:10:24,112 | INFO | optimizer=AdamW | base_lr=3.000e-05 | warmup_epochs=0 | warmup_start_factor=0.100
2026-04-07 15:58:43,519 | INFO | experiment=cnn_transformer_baseline_v4b_multival_rerun | device=cuda | amp=True
2026-04-07 15:58:43,519 | INFO | use_cache=True | cache_root=/home/sanggyu1008/project/01_ENSO/01_data/05_cache/cnn_transformer_baseline
2026-04-07 15:58:43,519 | INFO | cache_namespace=multival_rerun_v1 | cache_mode=on_demand | cache_version=1 | cache_dtype=float32 | cache_dir=/home/sanggyu1008/project/01_ENSO/01_data/05_cache/cnn_transformer_baseline/multival_rerun_v1
2026-04-07 15:58:43,519 | INFO | train pairs=14 | val pairs=2 | test pairs=1
2026-04-07 15:58:43,520 | INFO | train samples=36878 | val samples=1478 | test samples=517
2026-04-07 15:58:43,520 | INFO | input_vars=['tos', 'ohc300', 'mlotst', 'sos', 'uos', 'vos', 'uas', 'uasmax', 'vas', 'psl']
2026-04-07 15:58:43,520 | INFO | target_var=nino34
2026-04-07 15:58:43,520 | INFO | input_normalization enabled=True | eps=1e-06
2026-04-07 15:58:43,520 | INFO | train pair preview_count=5/14
2026-04-07 15:58:43,520 | INFO | train pair[1/14] file=input_ACCESS-CM2_historical_ssp370_r1i1p1f1.nc -> target_ACCESS-CM2_historical_ssp370_r1i1p1f1.nc
2026-04-07 15:58:43,520 | INFO | train pair[2/14] file=input_ACCESS-ESM1-5_historical_ssp370_r1i1p1f1.nc -> target_ACCESS-ESM1-5_historical_ssp370_r1i1p1f1.nc
2026-04-07 15:58:43,520 | INFO | train pair[3/14] file=input_ACCESS-ESM1-5_historical_ssp370_r2i1p1f1.nc -> target_ACCESS-ESM1-5_historical_ssp370_r2i1p1f1.nc
2026-04-07 15:58:43,520 | INFO | train pair[4/14] file=input_ACCESS-ESM1-5_historical_ssp370_r3i1p1f1.nc -> target_ACCESS-ESM1-5_historical_ssp370_r3i1p1f1.nc
2026-04-07 15:58:43,520 | INFO | train pair[5/14] file=input_CMCC-ESM2_historical_ssp370_r1i1p1f1.nc -> target_CMCC-ESM2_historical_ssp370_r1i1p1f1.nc
2026-04-07 15:58:43,520 | INFO | train excluded inputs=none
2026-04-07 15:58:43,520 | INFO | validation pair files=['validation_dataset_soda_20crv2_187101_197812.nc -> validation_target_soda_20crv2_187101_197812.nc', 'validation_dataset_oras5_era5_195801_197812.nc -> validation_target_oras5_era5_195801_197812.nc']
2026-04-07 15:58:43,591 | INFO | validation pair[1/2] name=soda_20crv2_1871_1978 | input=/home/sanggyu1008/project/01_ENSO/01_data/03_input/validation_dataset_soda_20crv2_187101_197812.nc | target=/home/sanggyu1008/project/01_ENSO/01_data/04_target/validation_target_soda_20crv2_187101_197812.nc
2026-04-07 15:58:43,591 | INFO | validation pair[1/2] file=validation_dataset_soda_20crv2_187101_197812.nc -> validation_target_soda_20crv2_187101_197812.nc | time_range=1871-01-01T00:00:00.000000000..1978-12-01T00:00:00.000000000 | n_time=1296 | input_vars=['tos', 'ohc300', 'mlotst', 'sos', 'uos', 'vos', 'uas', 'uasmax', 'vas', 'psl'] | target_var=nino34 | valid_anchors=1261
2026-04-07 15:58:43,604 | INFO | validation pair[2/2] name=oras5_era5_1958_1978 | input=/home/sanggyu1008/project/01_ENSO/01_data/03_input/validation_dataset_oras5_era5_195801_197812.nc | target=/home/sanggyu1008/project/01_ENSO/01_data/04_target/validation_target_oras5_era5_195801_197812.nc
2026-04-07 15:58:43,604 | INFO | validation pair[2/2] file=validation_dataset_oras5_era5_195801_197812.nc -> validation_target_oras5_era5_195801_197812.nc | time_range=1958-01-01T00:00:00.000000000..1978-12-01T00:00:00.000000000 | n_time=252 | input_vars=['tos', 'ohc300', 'mlotst', 'sos', 'uos', 'vos', 'uas', 'uasmax', 'vas', 'psl'] | target_var=nino34 | valid_anchors=217
2026-04-07 15:58:43,604 | INFO | test pair files=['test_dataset_godas_era5_198001_202512.nc -> test_target_nino34_ersstv5_198001_202512.nc']
2026-04-07 15:58:43,634 | INFO | test pair[1/1] name=godas_era5_input__ersstv5_nino34_target | input=/home/sanggyu1008/project/01_ENSO/01_data/03_input/test_dataset_godas_era5_198001_202512.nc | target=/home/sanggyu1008/project/01_ENSO/01_data/04_target/test_target_nino34_ersstv5_198001_202512.nc
2026-04-07 15:58:43,634 | INFO | test pair[1/1] file=test_dataset_godas_era5_198001_202512.nc -> test_target_nino34_ersstv5_198001_202512.nc | time_range=1980-01-01T00:00:00.000000000..2025-12-01T00:00:00.000000000 | n_time=552 | input_vars=['tos', 'ohc300', 'mlotst', 'sos', 'uos', 'vos', 'uas', 'uasmax', 'vas', 'psl'] | target_var=nino34 | valid_anchors=517
2026-04-07 15:58:43,634 | INFO | run_test_each_epoch=False | run_final_test_after_training=False
2026-04-07 15:58:43,634 | INFO | best_metric=val_loss | best_metric_mode=min
2026-04-07 15:58:43,634 | INFO | input_norm_stats mean_shape=(10,) | std_shape=(10,)
2026-04-07 15:58:43,634 | INFO | cache_prebuild split=train | samples=36878
2026-04-07 16:00:27,818 | INFO | cache_prebuild split=train | progress=1000/36878 | stats={'enabled': True, 'mode': 'on_demand', 'hits': 1, 'misses': 999, 'writes': 999, 'write_skips': 0, 'sample_cache_dir': '/home/sanggyu1008/project/01_ENSO/01_data/05_cache/cnn_transformer_baseline/multival_rerun_v1/train'}
2026-04-07 16:02:06,128 | INFO | cache_prebuild split=train | progress=2000/36878 | stats={'enabled': True, 'mode': 'on_demand', 'hits': 1, 'misses': 1999, 'writes': 1999, 'write_skips': 0, 'sample_cache_dir': '/home/sanggyu1008/project/01_ENSO/01_data/05_cache/cnn_transformer_baseline/multival_rerun_v1/train'}
2026-04-07 16:04:21,629 | INFO | cache_prebuild split=train | progress=3000/36878 | stats={'enabled': True, 'mode': 'on_demand', 'hits': 1, 'misses': 2999, 'writes': 2999, 'write_skips': 0, 'sample_cache_dir': '/home/sanggyu1008/project/01_ENSO/01_data/05_cache/cnn_transformer_baseline/multival_rerun_v1/train'}
2026-04-07 16:05:34,974 | INFO | cache_prebuild split=train | progress=4000/36878 | stats={'enabled': True, 'mode': 'on_demand', 'hits': 1, 'misses': 3999, 'writes': 3999, 'write_skips': 0, 'sample_cache_dir': '/home/sanggyu1008/project/01_ENSO/01_data/05_cache/cnn_transformer_baseline/multival_rerun_v1/train'}
2026-04-07 16:07:34,244 | INFO | cache_prebuild split=train | progress=5000/36878 | stats={'enabled': True, 'mode': 'on_demand', 'hits': 4, 'misses': 4996, 'writes': 4996, 'write_skips': 0, 'sample_cache_dir': '/home/sanggyu1008/project/01_ENSO/01_data/05_cache/cnn_transformer_baseline/multival_rerun_v1/train'}
2026-04-07 16:09:14,485 | INFO | cache_prebuild split=train | progress=6000/36878 | stats={'enabled': True, 'mode': 'on_demand', 'hits': 4, 'misses': 5996, 'writes': 5996, 'write_skips': 0, 'sample_cache_dir': '/home/sanggyu1008/project/01_ENSO/01_data/05_cache/cnn_transformer_baseline/multival_rerun_v1/train'}
2026-04-07 16:11:53,214 | INFO | cache_prebuild split=train | progress=7000/36878 | stats={'enabled': True, 'mode': 'on_demand', 'hits': 4, 'misses': 6996, 'writes': 6996, 'write_skips': 0, 'sample_cache_dir': '/home/sanggyu1008/project/01_ENSO/01_data/05_cache/cnn_transformer_baseline/multival_rerun_v1/train'}
2026-04-07 16:51:33,617 | INFO | cache_prebuild split=train | progress=8000/36878 | stats={'enabled': True, 'mode': 'on_demand', 'hits': 4, 'misses': 7996, 'writes': 7996, 'write_skips': 0, 'sample_cache_dir': '/home/sanggyu1008/project/01_ENSO/01_data/05_cache/cnn_transformer_baseline/multival_rerun_v1/train'}
2026-04-07 17:36:28,229 | INFO | cache_prebuild split=train | progress=9000/36878 | stats={'enabled': True, 'mode': 'on_demand', 'hits': 4, 'misses': 8996, 'writes': 8996, 'write_skips': 0, 'sample_cache_dir': '/home/sanggyu1008/project/01_ENSO/01_data/05_cache/cnn_transformer_baseline/multival_rerun_v1/train'}
2026-04-07 18:21:43,242 | INFO | cache_prebuild split=train | progress=10000/36878 | stats={'enabled': True, 'mode': 'on_demand', 'hits': 5, 'misses': 9995, 'writes': 9995, 'write_skips': 0, 'sample_cache_dir': '/home/sanggyu1008/project/01_ENSO/01_data/05_cache/cnn_transformer_baseline/multival_rerun_v1/train'}
2026-04-07 19:07:02,233 | INFO | cache_prebuild split=train | progress=11000/36878 | stats={'enabled': True, 'mode': 'on_demand', 'hits': 6, 'misses': 10994, 'writes': 10994, 'write_skips': 0, 'sample_cache_dir': '/home/sanggyu1008/project/01_ENSO/01_data/05_cache/cnn_transformer_baseline/multival_rerun_v1/train'}
2026-04-07 19:53:13,030 | INFO | cache_prebuild split=train | progress=12000/36878 | stats={'enabled': True, 'mode': 'on_demand', 'hits': 6, 'misses': 11994, 'writes': 11994, 'write_skips': 0, 'sample_cache_dir': '/home/sanggyu1008/project/01_ENSO/01_data/05_cache/cnn_transformer_baseline/multival_rerun_v1/train'}
2026-04-07 20:38:56,633 | INFO | cache_prebuild split=train | progress=13000/36878 | stats={'enabled': True, 'mode': 'on_demand', 'hits': 7, 'misses': 12993, 'writes': 12993, 'write_skips': 0, 'sample_cache_dir': '/home/sanggyu1008/project/01_ENSO/01_data/05_cache/cnn_transformer_baseline/multival_rerun_v1/train'}
2026-04-07 21:24:06,305 | INFO | cache_prebuild split=train | progress=14000/36878 | stats={'enabled': True, 'mode': 'on_demand', 'hits': 8, 'misses': 13992, 'writes': 13992, 'write_skips': 0, 'sample_cache_dir': '/home/sanggyu1008/project/01_ENSO/01_data/05_cache/cnn_transformer_baseline/multival_rerun_v1/train'}
2026-04-07 22:09:31,630 | INFO | cache_prebuild split=train | progress=15000/36878 | stats={'enabled': True, 'mode': 'on_demand', 'hits': 8, 'misses': 14992, 'writes': 14992, 'write_skips': 0, 'sample_cache_dir': '/home/sanggyu1008/project/01_ENSO/01_data/05_cache/cnn_transformer_baseline/multival_rerun_v1/train'}
2026-04-07 22:36:13,430 | INFO | experiment=cnn_transformer_baseline_v4b_multival_rerun | device=cuda | amp=True
2026-04-07 22:36:13,431 | INFO | use_cache=True | cache_root=/home/sanggyu1008/project/01_ENSO/01_data/05_cache/cnn_transformer_baseline
2026-04-07 22:36:13,431 | INFO | cache_namespace=multival_rerun_v1 | cache_mode=on_demand | cache_version=1 | cache_dtype=float32 | cache_dir=/home/sanggyu1008/project/01_ENSO/01_data/05_cache/cnn_transformer_baseline/multival_rerun_v1
2026-04-07 22:36:13,431 | INFO | train pairs=14 | val pairs=2 | test pairs=1
2026-04-07 22:36:13,431 | INFO | train samples=36878 | val samples=1478 | test samples=517
2026-04-07 22:36:13,431 | INFO | input_vars=['tos', 'ohc300', 'mlotst', 'sos', 'uos', 'vos', 'uas', 'uasmax', 'vas', 'psl']
2026-04-07 22:36:13,431 | INFO | target_var=nino34
2026-04-07 22:36:13,431 | INFO | input_normalization enabled=True | eps=1e-06
2026-04-07 22:36:13,431 | INFO | train pair preview_count=5/14
2026-04-07 22:36:13,431 | INFO | train pair[1/14] file=input_ACCESS-CM2_historical_ssp370_r1i1p1f1.nc -> target_ACCESS-CM2_historical_ssp370_r1i1p1f1.nc
2026-04-07 22:36:13,431 | INFO | train pair[2/14] file=input_ACCESS-ESM1-5_historical_ssp370_r1i1p1f1.nc -> target_ACCESS-ESM1-5_historical_ssp370_r1i1p1f1.nc
2026-04-07 22:36:13,431 | INFO | train pair[3/14] file=input_ACCESS-ESM1-5_historical_ssp370_r2i1p1f1.nc -> target_ACCESS-ESM1-5_historical_ssp370_r2i1p1f1.nc
2026-04-07 22:36:13,432 | INFO | train pair[4/14] file=input_ACCESS-ESM1-5_historical_ssp370_r3i1p1f1.nc -> target_ACCESS-ESM1-5_historical_ssp370_r3i1p1f1.nc
2026-04-07 22:36:13,432 | INFO | train pair[5/14] file=input_CMCC-ESM2_historical_ssp370_r1i1p1f1.nc -> target_CMCC-ESM2_historical_ssp370_r1i1p1f1.nc
2026-04-07 22:36:13,432 | INFO | train excluded inputs=none
2026-04-07 22:36:13,432 | INFO | validation pair files=['validation_dataset_soda_20crv2_187101_197812.nc -> validation_target_soda_20crv2_187101_197812.nc', 'validation_dataset_oras5_era5_195801_197812.nc -> validation_target_oras5_era5_195801_197812.nc']
2026-04-07 22:36:13,502 | INFO | validation pair[1/2] name=soda_20crv2_1871_1978 | input=/home/sanggyu1008/project/01_ENSO/01_data/03_input/validation_dataset_soda_20crv2_187101_197812.nc | target=/home/sanggyu1008/project/01_ENSO/01_data/04_target/validation_target_soda_20crv2_187101_197812.nc
2026-04-07 22:36:13,502 | INFO | validation pair[1/2] file=validation_dataset_soda_20crv2_187101_197812.nc -> validation_target_soda_20crv2_187101_197812.nc | time_range=1871-01-01T00:00:00.000000000..1978-12-01T00:00:00.000000000 | n_time=1296 | input_vars=['tos', 'ohc300', 'mlotst', 'sos', 'uos', 'vos', 'uas', 'uasmax', 'vas', 'psl'] | target_var=nino34 | valid_anchors=1261
2026-04-07 22:36:13,516 | INFO | validation pair[2/2] name=oras5_era5_1958_1978 | input=/home/sanggyu1008/project/01_ENSO/01_data/03_input/validation_dataset_oras5_era5_195801_197812.nc | target=/home/sanggyu1008/project/01_ENSO/01_data/04_target/validation_target_oras5_era5_195801_197812.nc
2026-04-07 22:36:13,516 | INFO | validation pair[2/2] file=validation_dataset_oras5_era5_195801_197812.nc -> validation_target_oras5_era5_195801_197812.nc | time_range=1958-01-01T00:00:00.000000000..1978-12-01T00:00:00.000000000 | n_time=252 | input_vars=['tos', 'ohc300', 'mlotst', 'sos', 'uos', 'vos', 'uas', 'uasmax', 'vas', 'psl'] | target_var=nino34 | valid_anchors=217
2026-04-07 22:36:13,516 | INFO | test pair files=['test_dataset_godas_era5_198001_202512.nc -> test_target_nino34_ersstv5_198001_202512.nc']
2026-04-07 22:36:13,545 | INFO | test pair[1/1] name=godas_era5_input__ersstv5_nino34_target | input=/home/sanggyu1008/project/01_ENSO/01_data/03_input/test_dataset_godas_era5_198001_202512.nc | target=/home/sanggyu1008/project/01_ENSO/01_data/04_target/test_target_nino34_ersstv5_198001_202512.nc
2026-04-07 22:36:13,545 | INFO | test pair[1/1] file=test_dataset_godas_era5_198001_202512.nc -> test_target_nino34_ersstv5_198001_202512.nc | time_range=1980-01-01T00:00:00.000000000..2025-12-01T00:00:00.000000000 | n_time=552 | input_vars=['tos', 'ohc300', 'mlotst', 'sos', 'uos', 'vos', 'uas', 'uasmax', 'vas', 'psl'] | target_var=nino34 | valid_anchors=517
2026-04-07 22:36:13,545 | INFO | run_test_each_epoch=False | run_final_test_after_training=False
2026-04-07 22:36:13,545 | INFO | best_metric=val_loss | best_metric_mode=min
2026-04-07 22:36:13,545 | INFO | input_norm_stats mean_shape=(10,) | std_shape=(10,)
2026-04-07 22:36:15,395 | INFO | model=cnn_transformer_baseline | trainable_params=4379864
2026-04-07 22:36:15,953 | INFO | optimizer=AdamW | base_lr=3.000e-05 | warmup_epochs=0 | warmup_start_factor=0.100
2026-04-07 22:55:26,486 | INFO | cache_prebuild split=train | progress=16000/36878 | stats={'enabled': True, 'mode': 'on_demand', 'hits': 34, 'misses': 15966, 'writes': 15966, 'write_skips': 0, 'sample_cache_dir': '/home/sanggyu1008/project/01_ENSO/01_data/05_cache/cnn_transformer_baseline/multival_rerun_v1/train'}
2026-04-07 23:31:08,566 | INFO | cache_prebuild split=train | progress=17000/36878 | stats={'enabled': True, 'mode': 'on_demand', 'hits': 298, 'misses': 16702, 'writes': 16702, 'write_skips': 0, 'sample_cache_dir': '/home/sanggyu1008/project/01_ENSO/01_data/05_cache/cnn_transformer_baseline/multival_rerun_v1/train'}
2026-04-07 23:55:59,493 | INFO | cache_prebuild split=train | progress=18000/36878 | stats={'enabled': True, 'mode': 'on_demand', 'hits': 792, 'misses': 17208, 'writes': 17208, 'write_skips': 0, 'sample_cache_dir': '/home/sanggyu1008/project/01_ENSO/01_data/05_cache/cnn_transformer_baseline/multival_rerun_v1/train'}
2026-04-08 00:13:40,172 | INFO | cache_prebuild split=train | progress=19000/36878 | stats={'enabled': True, 'mode': 'on_demand', 'hits': 1436, 'misses': 17564, 'writes': 17564, 'write_skips': 0, 'sample_cache_dir': '/home/sanggyu1008/project/01_ENSO/01_data/05_cache/cnn_transformer_baseline/multival_rerun_v1/train'}
2026-04-08 00:25:43,838 | INFO | cache_prebuild split=train | progress=20000/36878 | stats={'enabled': True, 'mode': 'on_demand', 'hits': 2203, 'misses': 17797, 'writes': 17797, 'write_skips': 0, 'sample_cache_dir': '/home/sanggyu1008/project/01_ENSO/01_data/05_cache/cnn_transformer_baseline/multival_rerun_v1/train'}
2026-04-08 00:33:00,310 | INFO | cache_prebuild split=train | progress=21000/36878 | stats={'enabled': True, 'mode': 'on_demand', 'hits': 3080, 'misses': 17920, 'writes': 17920, 'write_skips': 0, 'sample_cache_dir': '/home/sanggyu1008/project/01_ENSO/01_data/05_cache/cnn_transformer_baseline/multival_rerun_v1/train'}
2026-04-08 00:38:42,278 | INFO | cache_prebuild split=train | progress=22000/36878 | stats={'enabled': True, 'mode': 'on_demand', 'hits': 3983, 'misses': 18017, 'writes': 18017, 'write_skips': 0, 'sample_cache_dir': '/home/sanggyu1008/project/01_ENSO/01_data/05_cache/cnn_transformer_baseline/multival_rerun_v1/train'}
2026-04-08 00:42:28,249 | INFO | cache_prebuild split=train | progress=23000/36878 | stats={'enabled': True, 'mode': 'on_demand', 'hits': 4915, 'misses': 18085, 'writes': 18085, 'write_skips': 0, 'sample_cache_dir': '/home/sanggyu1008/project/01_ENSO/01_data/05_cache/cnn_transformer_baseline/multival_rerun_v1/train'}
2026-04-08 00:44:45,182 | INFO | cache_prebuild split=train | progress=24000/36878 | stats={'enabled': True, 'mode': 'on_demand', 'hits': 5875, 'misses': 18125, 'writes': 18125, 'write_skips': 0, 'sample_cache_dir': '/home/sanggyu1008/project/01_ENSO/01_data/05_cache/cnn_transformer_baseline/multival_rerun_v1/train'}
2026-04-08 00:46:52,661 | INFO | cache_prebuild split=train | progress=25000/36878 | stats={'enabled': True, 'mode': 'on_demand', 'hits': 6843, 'misses': 18157, 'writes': 18157, 'write_skips': 0, 'sample_cache_dir': '/home/sanggyu1008/project/01_ENSO/01_data/05_cache/cnn_transformer_baseline/multival_rerun_v1/train'}
2026-04-08 00:48:24,947 | INFO | cache_prebuild split=train | progress=26000/36878 | stats={'enabled': True, 'mode': 'on_demand', 'hits': 7825, 'misses': 18175, 'writes': 18175, 'write_skips': 0, 'sample_cache_dir': '/home/sanggyu1008/project/01_ENSO/01_data/05_cache/cnn_transformer_baseline/multival_rerun_v1/train'}
2026-04-08 00:49:22,427 | INFO | cache_prebuild split=train | progress=27000/36878 | stats={'enabled': True, 'mode': 'on_demand', 'hits': 8818, 'misses': 18182, 'writes': 18182, 'write_skips': 0, 'sample_cache_dir': '/home/sanggyu1008/project/01_ENSO/01_data/05_cache/cnn_transformer_baseline/multival_rerun_v1/train'}
2026-04-08 00:50:07,855 | INFO | cache_prebuild split=train | progress=28000/36878 | stats={'enabled': True, 'mode': 'on_demand', 'hits': 9814, 'misses': 18186, 'writes': 18186, 'write_skips': 0, 'sample_cache_dir': '/home/sanggyu1008/project/01_ENSO/01_data/05_cache/cnn_transformer_baseline/multival_rerun_v1/train'}
2026-04-08 00:50:46,561 | INFO | cache_prebuild split=train | progress=29000/36878 | stats={'enabled': True, 'mode': 'on_demand', 'hits': 10813, 'misses': 18187, 'writes': 18187, 'write_skips': 0, 'sample_cache_dir': '/home/sanggyu1008/project/01_ENSO/01_data/05_cache/cnn_transformer_baseline/multival_rerun_v1/train'}
2026-04-08 00:51:17,941 | INFO | cache_prebuild split=train | progress=30000/36878 | stats={'enabled': True, 'mode': 'on_demand', 'hits': 11813, 'misses': 18187, 'writes': 18187, 'write_skips': 0, 'sample_cache_dir': '/home/sanggyu1008/project/01_ENSO/01_data/05_cache/cnn_transformer_baseline/multival_rerun_v1/train'}
2026-04-08 00:54:41,410 | INFO | cache_prebuild split=train | progress=31000/36878 | stats={'enabled': True, 'mode': 'on_demand', 'hits': 12813, 'misses': 18187, 'writes': 18187, 'write_skips': 0, 'sample_cache_dir': '/home/sanggyu1008/project/01_ENSO/01_data/05_cache/cnn_transformer_baseline/multival_rerun_v1/train'}
2026-04-08 00:55:44,215 | INFO | cache_prebuild split=train | progress=32000/36878 | stats={'enabled': True, 'mode': 'on_demand', 'hits': 13813, 'misses': 18187, 'writes': 18187, 'write_skips': 0, 'sample_cache_dir': '/home/sanggyu1008/project/01_ENSO/01_data/05_cache/cnn_transformer_baseline/multival_rerun_v1/train'}
2026-04-08 00:55:44,447 | INFO | epoch=001 | lr=3.000e-05 | train_loss=0.643601 | val_loss=0.726713 | val_corr=0.3756
2026-04-08 00:56:16,034 | INFO | cache_prebuild split=train | progress=33000/36878 | stats={'enabled': True, 'mode': 'on_demand', 'hits': 14813, 'misses': 18187, 'writes': 18187, 'write_skips': 0, 'sample_cache_dir': '/home/sanggyu1008/project/01_ENSO/01_data/05_cache/cnn_transformer_baseline/multival_rerun_v1/train'}
2026-04-08 00:56:51,125 | INFO | cache_prebuild split=train | progress=34000/36878 | stats={'enabled': True, 'mode': 'on_demand', 'hits': 15813, 'misses': 18187, 'writes': 18187, 'write_skips': 0, 'sample_cache_dir': '/home/sanggyu1008/project/01_ENSO/01_data/05_cache/cnn_transformer_baseline/multival_rerun_v1/train'}
2026-04-08 00:57:22,118 | INFO | cache_prebuild split=train | progress=35000/36878 | stats={'enabled': True, 'mode': 'on_demand', 'hits': 16813, 'misses': 18187, 'writes': 18187, 'write_skips': 0, 'sample_cache_dir': '/home/sanggyu1008/project/01_ENSO/01_data/05_cache/cnn_transformer_baseline/multival_rerun_v1/train'}
2026-04-08 00:57:51,521 | INFO | cache_prebuild split=train | progress=36000/36878 | stats={'enabled': True, 'mode': 'on_demand', 'hits': 17813, 'misses': 18187, 'writes': 18187, 'write_skips': 0, 'sample_cache_dir': '/home/sanggyu1008/project/01_ENSO/01_data/05_cache/cnn_transformer_baseline/multival_rerun_v1/train'}
2026-04-08 00:58:19,683 | INFO | cache_prebuild split=train | progress=36878/36878 | stats={'enabled': True, 'mode': 'on_demand', 'hits': 18691, 'misses': 18187, 'writes': 18187, 'write_skips': 0, 'sample_cache_dir': '/home/sanggyu1008/project/01_ENSO/01_data/05_cache/cnn_transformer_baseline/multival_rerun_v1/train'}
2026-04-08 00:58:19,684 | INFO | cache_prebuild split=validation | samples=1478
2026-04-08 00:58:26,559 | INFO | cache_prebuild split=validation | progress=1000/1478 | stats={'enabled': True, 'mode': 'on_demand', 'hits': 1000, 'misses': 0, 'writes': 0, 'write_skips': 0, 'sample_cache_dir': '/home/sanggyu1008/project/01_ENSO/01_data/05_cache/cnn_transformer_baseline/multival_rerun_v1/validation'}
2026-04-08 00:58:29,275 | INFO | cache_prebuild split=validation | progress=1478/1478 | stats={'enabled': True, 'mode': 'on_demand', 'hits': 1478, 'misses': 0, 'writes': 0, 'write_skips': 0, 'sample_cache_dir': '/home/sanggyu1008/project/01_ENSO/01_data/05_cache/cnn_transformer_baseline/multival_rerun_v1/validation'}
2026-04-08 00:58:29,275 | INFO | cache_prebuild split=test | samples=517
2026-04-08 00:59:01,613 | INFO | cache_prebuild split=test | progress=517/517 | stats={'enabled': True, 'mode': 'on_demand', 'hits': 0, 'misses': 517, 'writes': 517, 'write_skips': 0, 'sample_cache_dir': '/home/sanggyu1008/project/01_ENSO/01_data/05_cache/cnn_transformer_baseline/multival_rerun_v1/test'}
2026-04-08 00:59:01,613 | INFO | cache_prebuild_finished
2026-04-08 01:18:21,042 | INFO | epoch=002 | lr=3.000e-05 | train_loss=0.540893 | val_loss=0.758337 | val_corr=0.3791
2026-04-08 01:40:52,374 | INFO | epoch=003 | lr=3.000e-05 | train_loss=0.481785 | val_loss=0.738825 | val_corr=0.3764
2026-04-08 02:03:24,512 | INFO | epoch=004 | lr=3.000e-05 | train_loss=0.419193 | val_loss=0.865309 | val_corr=0.3739
2026-04-08 02:25:53,332 | INFO | epoch=005 | lr=3.000e-05 | train_loss=0.360216 | val_loss=0.872340 | val_corr=0.3588
2026-04-08 02:48:21,824 | INFO | epoch=006 | lr=1.500e-05 | train_loss=0.299937 | val_loss=0.930101 | val_corr=0.3579
2026-04-08 03:10:55,879 | INFO | epoch=007 | lr=1.500e-05 | train_loss=0.275167 | val_loss=0.957475 | val_corr=0.3751
2026-04-08 03:33:25,354 | INFO | epoch=008 | lr=1.500e-05 | train_loss=0.252699 | val_loss=0.930778 | val_corr=0.3661
2026-04-08 03:55:54,510 | INFO | epoch=009 | lr=1.500e-05 | train_loss=0.234894 | val_loss=1.005082 | val_corr=0.3721
2026-04-08 03:55:54,511 | INFO | early_stopping epoch=9 | best_epoch=1 | best_metric=val_loss | best_metric_mode=min | best_metric_value=0.726713
2026-04-08 03:55:54,601 | INFO | training_finished | best_epoch=1 | best_metric=val_loss | best_metric_mode=min | best_metric_value=0.726713
