2026-04-02 20:49:46,240 | INFO | experiment=cnn_transformer_baseline_v3a | device=cuda | amp=True
2026-04-02 20:49:46,240 | INFO | use_cache=True | cache_root=/home/sanggyu1008/project/01_ENSO/01_data/05_cache/cnn_transformer_baseline_v2
2026-04-02 20:49:46,240 | INFO | train pairs=17 | val pairs=1 | test pairs=1
2026-04-02 20:49:46,240 | INFO | train samples=16949 | val samples=913 | test samples=517
2026-04-02 20:49:46,240 | INFO | input_vars=['tos', 'ohc300', 'mlotst', 'sos', 'uos', 'vos', 'uas', 'uasmax', 'vas', 'psl']
2026-04-02 20:49:46,240 | INFO | target_var=nino34
2026-04-02 20:49:46,240 | INFO | input_normalization enabled=True | eps=1e-06
2026-04-02 20:49:46,240 | INFO | run_test_each_epoch=False | run_final_test_after_training=False
2026-04-02 20:49:46,240 | INFO | input_norm_stats mean_shape=(10,) | std_shape=(10,)
2026-04-02 20:49:47,690 | INFO | model=cnn_transformer_baseline | trainable_params=4376792
2026-04-02 20:49:50,976 | INFO | optimizer=AdamW | base_lr=5.000e-05 | warmup_epochs=0 | warmup_start_factor=0.100
2026-04-02 20:56:11,447 | INFO | experiment=cnn_transformer_baseline_v3a | device=cuda | amp=True
2026-04-02 20:56:11,448 | INFO | use_cache=True | cache_root=/home/sanggyu1008/project/01_ENSO/01_data/05_cache/cnn_transformer_baseline_v2
2026-04-02 20:56:11,448 | INFO | train pairs=17 | val pairs=1 | test pairs=1
2026-04-02 20:56:11,448 | INFO | train samples=16949 | val samples=913 | test samples=517
2026-04-02 20:56:11,448 | INFO | input_vars=['tos', 'ohc300', 'mlotst', 'sos', 'uos', 'vos', 'uas', 'uasmax', 'vas', 'psl']
2026-04-02 20:56:11,448 | INFO | target_var=nino34
2026-04-02 20:56:11,448 | INFO | input_normalization enabled=True | eps=1e-06
2026-04-02 20:56:11,448 | INFO | run_test_each_epoch=False | run_final_test_after_training=False
2026-04-02 20:56:11,448 | INFO | input_norm_stats mean_shape=(10,) | std_shape=(10,)
2026-04-02 20:56:12,929 | INFO | model=cnn_transformer_baseline | trainable_params=4376792
2026-04-02 20:56:13,499 | INFO | optimizer=AdamW | base_lr=5.000e-05 | warmup_epochs=0 | warmup_start_factor=0.100
2026-04-02 21:06:36,713 | INFO | epoch=001 | lr=5.000e-05 | train_loss=0.746136 | val_loss=0.724428 | val_corr=0.3362
2026-04-02 21:16:57,168 | INFO | epoch=002 | lr=5.000e-05 | train_loss=0.596853 | val_loss=0.722459 | val_corr=0.3301
2026-04-02 21:27:15,437 | INFO | epoch=003 | lr=5.000e-05 | train_loss=0.490162 | val_loss=0.916219 | val_corr=0.3194
2026-04-02 21:37:33,138 | INFO | epoch=004 | lr=5.000e-05 | train_loss=0.388191 | val_loss=1.080535 | val_corr=0.3110
2026-04-02 21:47:51,338 | INFO | epoch=005 | lr=5.000e-05 | train_loss=0.310948 | val_loss=1.115531 | val_corr=0.3001
2026-04-02 21:58:09,427 | INFO | epoch=006 | lr=5.000e-05 | train_loss=0.258108 | val_loss=1.089318 | val_corr=0.2758
2026-04-02 22:08:27,206 | INFO | epoch=007 | lr=2.500e-05 | train_loss=0.202475 | val_loss=1.012249 | val_corr=0.3014
2026-04-02 22:18:44,690 | INFO | epoch=008 | lr=2.500e-05 | train_loss=0.183804 | val_loss=0.961698 | val_corr=0.3030
2026-04-02 22:29:02,130 | INFO | epoch=009 | lr=2.500e-05 | train_loss=0.171186 | val_loss=0.992488 | val_corr=0.3078
2026-04-02 22:39:19,231 | INFO | epoch=010 | lr=2.500e-05 | train_loss=0.160088 | val_loss=0.959955 | val_corr=0.2936
2026-04-02 22:39:19,231 | INFO | early_stopping epoch=10 | best_epoch=2 | best_val_loss=0.722459
2026-04-02 22:39:19,232 | INFO | training_finished | best_epoch=2 | best_val_loss=0.722459
