2026-04-05 17:46:49,504 | INFO | experiment=cnn_transformer_baseline_v3i | device=cuda | amp=True
2026-04-05 17:46:49,504 | INFO | use_cache=True | cache_root=/home/sanggyu1008/project/01_ENSO/01_data/05_cache/cnn_transformer_baseline_v2
2026-04-05 17:46:49,504 | INFO | train pairs=17 | val pairs=1 | test pairs=1
2026-04-05 17:46:49,504 | INFO | train samples=16949 | val samples=913 | test samples=517
2026-04-05 17:46:49,504 | INFO | input_vars=['tos', 'ohc300', 'mlotst', 'sos', 'uos', 'vos', 'uas', 'uasmax', 'vas', 'psl']
2026-04-05 17:46:49,505 | INFO | target_var=nino34
2026-04-05 17:46:49,505 | INFO | input_normalization enabled=True | eps=1e-06
2026-04-05 17:46:49,505 | INFO | run_test_each_epoch=False | run_final_test_after_training=False
2026-04-05 17:46:49,505 | INFO | input_norm_stats mean_shape=(10,) | std_shape=(10,)
2026-04-05 17:46:50,998 | INFO | model=cnn_transformer_baseline | trainable_params=4376792
2026-04-05 17:46:51,647 | INFO | optimizer=AdamW | base_lr=2.500e-05 | warmup_epochs=0 | warmup_start_factor=0.100
2026-04-05 17:57:14,777 | INFO | epoch=001 | lr=2.500e-05 | train_loss=0.815635 | val_loss=0.687795 | val_corr=0.3324
2026-04-05 18:07:33,368 | INFO | epoch=002 | lr=2.500e-05 | train_loss=0.655266 | val_loss=0.694104 | val_corr=0.3364
2026-04-05 18:17:52,021 | INFO | epoch=003 | lr=2.500e-05 | train_loss=0.584612 | val_loss=0.784298 | val_corr=0.3284
2026-04-05 18:28:10,892 | INFO | epoch=004 | lr=2.500e-05 | train_loss=0.515908 | val_loss=0.891304 | val_corr=0.3359
2026-04-05 18:38:29,437 | INFO | epoch=005 | lr=2.500e-05 | train_loss=0.451121 | val_loss=1.122805 | val_corr=0.3411
2026-04-05 18:48:47,614 | INFO | epoch=006 | lr=1.250e-05 | train_loss=0.384719 | val_loss=1.020287 | val_corr=0.3085
2026-04-05 18:59:05,917 | INFO | epoch=007 | lr=1.250e-05 | train_loss=0.354944 | val_loss=1.098561 | val_corr=0.3047
2026-04-05 19:09:24,234 | INFO | epoch=008 | lr=1.250e-05 | train_loss=0.329974 | val_loss=0.996980 | val_corr=0.2938
2026-04-05 19:19:42,395 | INFO | epoch=009 | lr=1.250e-05 | train_loss=0.308018 | val_loss=1.032840 | val_corr=0.2868
2026-04-05 19:19:42,396 | INFO | early_stopping epoch=9 | best_epoch=1 | best_val_loss=0.687795
2026-04-05 19:19:42,397 | INFO | training_finished | best_epoch=1 | best_val_loss=0.687795
