2026-04-22 02:34:59,073 | INFO | experiment=cnn_transformer_v2d | device=cuda | amp=True
2026-04-22 02:34:59,074 | INFO | use_cache=True | cache_root=/home/sanggyu1008/project/01_ENSO/01_data/05_cache/shared_dataset
2026-04-22 02:34:59,074 | INFO | cache_namespace=10vars | cache_namespace_source=explicit | cache_mode=on_demand | cache_version=1 | cache_dtype=float32 | cache_dir=/home/sanggyu1008/project/01_ENSO/01_data/05_cache/shared_dataset/10vars | data_signature=3bac236ffc2a6095c98e207b5a28c3a6faf07c9c
2026-04-22 02:34:59,074 | INFO | train pairs=14 | val pairs=2 | test pairs=1
2026-04-22 02:34:59,074 | INFO | train samples=36878 | val samples=1478 | test samples=517
2026-04-22 02:34:59,074 | INFO | input_vars=['tos', 'ohc300', 'mlotst', 'sos', 'uos', 'vos', 'uas', 'uasmax', 'vas', 'psl']
2026-04-22 02:34:59,074 | INFO | target_var=nino34
2026-04-22 02:34:59,074 | INFO | input_normalization enabled=True | eps=1e-06
2026-04-22 02:34:59,074 | INFO | train pair preview_count=5/14
2026-04-22 02:34:59,074 | INFO | train pair[1/14] file=input_ACCESS-CM2_historical_ssp370_r1i1p1f1.nc -> target_ACCESS-CM2_historical_ssp370_r1i1p1f1.nc
2026-04-22 02:34:59,074 | INFO | train pair[2/14] file=input_ACCESS-ESM1-5_historical_ssp370_r1i1p1f1.nc -> target_ACCESS-ESM1-5_historical_ssp370_r1i1p1f1.nc
2026-04-22 02:34:59,074 | INFO | train pair[3/14] file=input_ACCESS-ESM1-5_historical_ssp370_r2i1p1f1.nc -> target_ACCESS-ESM1-5_historical_ssp370_r2i1p1f1.nc
2026-04-22 02:34:59,074 | INFO | train pair[4/14] file=input_ACCESS-ESM1-5_historical_ssp370_r3i1p1f1.nc -> target_ACCESS-ESM1-5_historical_ssp370_r3i1p1f1.nc
2026-04-22 02:34:59,074 | INFO | train pair[5/14] file=input_CMCC-ESM2_historical_ssp370_r1i1p1f1.nc -> target_CMCC-ESM2_historical_ssp370_r1i1p1f1.nc
2026-04-22 02:34:59,074 | INFO | train excluded inputs=none
2026-04-22 02:34:59,075 | INFO | validation pair files=['validation_dataset_soda_20crv2_187101_197812.nc -> validation_target_soda_20crv2_187101_197812.nc', 'validation_dataset_oras5_era5_195801_197812.nc -> validation_target_oras5_era5_195801_197812.nc']
2026-04-22 02:34:59,143 | INFO | validation pair[1/2] name=soda_20crv2_1871_1978 | input=/home/sanggyu1008/project/01_ENSO/01_data/03_input/validation_dataset_soda_20crv2_187101_197812.nc | target=/home/sanggyu1008/project/01_ENSO/01_data/04_target/validation_target_soda_20crv2_187101_197812.nc
2026-04-22 02:34:59,143 | INFO | validation pair[1/2] file=validation_dataset_soda_20crv2_187101_197812.nc -> validation_target_soda_20crv2_187101_197812.nc | time_range=1871-01-01T00:00:00.000000000..1978-12-01T00:00:00.000000000 | init_range=1871-12-01T00:00:00.000000000..1976-12-01T00:00:00.000000000 | n_time=1296 | input_vars=['tos', 'ohc300', 'mlotst', 'sos', 'uos', 'vos', 'uas', 'uasmax', 'vas', 'psl'] | target_var=nino34 | valid_anchors=1261
2026-04-22 02:34:59,157 | INFO | validation pair[2/2] name=oras5_era5_1958_1978 | input=/home/sanggyu1008/project/01_ENSO/01_data/03_input/validation_dataset_oras5_era5_195801_197812.nc | target=/home/sanggyu1008/project/01_ENSO/01_data/04_target/validation_target_oras5_era5_195801_197812.nc
2026-04-22 02:34:59,157 | INFO | validation pair[2/2] file=validation_dataset_oras5_era5_195801_197812.nc -> validation_target_oras5_era5_195801_197812.nc | time_range=1958-01-01T00:00:00.000000000..1978-12-01T00:00:00.000000000 | init_range=1958-12-01T00:00:00.000000000..1976-12-01T00:00:00.000000000 | n_time=252 | input_vars=['tos', 'ohc300', 'mlotst', 'sos', 'uos', 'vos', 'uas', 'uasmax', 'vas', 'psl'] | target_var=nino34 | valid_anchors=217
2026-04-22 02:34:59,157 | INFO | test pair files=['test_dataset_godas_era5_198001_202512.nc -> test_target_nino34_ersstv5_198001_202512.nc']
2026-04-22 02:34:59,185 | INFO | test pair[1/1] name=godas_era5_input__ersstv5_nino34_target | input=/home/sanggyu1008/project/01_ENSO/01_data/03_input/test_dataset_godas_era5_198001_202512.nc | target=/home/sanggyu1008/project/01_ENSO/01_data/04_target/test_target_nino34_ersstv5_198001_202512.nc
2026-04-22 02:34:59,185 | INFO | test pair[1/1] file=test_dataset_godas_era5_198001_202512.nc -> test_target_nino34_ersstv5_198001_202512.nc | time_range=1980-01-01T00:00:00.000000000..2025-12-01T00:00:00.000000000 | init_range=1980-12-01T00:00:00.000000000..2023-12-01T00:00:00.000000000 | n_time=552 | input_vars=['tos', 'ohc300', 'mlotst', 'sos', 'uos', 'vos', 'uas', 'uasmax', 'vas', 'psl'] | target_var=nino34 | valid_anchors=517
2026-04-22 02:34:59,185 | INFO | run_test_each_epoch=False | run_final_test_after_training=False
2026-04-22 02:34:59,185 | INFO | best_metric=val_loss | best_metric_mode=min
2026-04-22 02:34:59,185 | INFO | input_norm_stats mean_shape=(10,) | std_shape=(10,)
2026-04-22 02:35:01,199 | INFO | model=cnn_transformer_v2d | trainable_params=693825
2026-04-22 02:35:06,005 | INFO | optimizer=AdamW | base_lr=2.000e-04 | warmup_epochs=0 | warmup_start_factor=0.100
2026-04-22 02:35:06,005 | INFO | train_loss=MSELoss | use_lead_loss_weights=False
2026-04-22 03:27:03,792 | INFO | epoch=001 | lr=2.000e-04 | train_loss=0.845340 | val_loss=0.675175 | val_corr=0.3410
2026-04-22 04:18:58,750 | INFO | epoch=002 | lr=2.000e-04 | train_loss=0.619155 | val_loss=0.664794 | val_corr=0.3724
2026-04-22 05:10:49,589 | INFO | epoch=003 | lr=2.000e-04 | train_loss=0.566666 | val_loss=0.663529 | val_corr=0.3643
2026-04-22 06:02:41,840 | INFO | epoch=004 | lr=2.000e-04 | train_loss=0.538649 | val_loss=0.692361 | val_corr=0.3496
2026-04-22 06:54:35,777 | INFO | epoch=005 | lr=2.000e-04 | train_loss=0.506403 | val_loss=0.697487 | val_corr=0.3718
2026-04-22 07:46:21,506 | INFO | epoch=006 | lr=2.000e-04 | train_loss=0.474426 | val_loss=0.752852 | val_corr=0.3639
2026-04-22 08:37:56,462 | INFO | epoch=007 | lr=2.000e-04 | train_loss=0.439731 | val_loss=0.802073 | val_corr=0.3643
2026-04-22 09:30:14,455 | INFO | epoch=008 | lr=1.000e-04 | train_loss=0.384503 | val_loss=0.752652 | val_corr=0.3605
2026-04-22 10:22:59,867 | INFO | epoch=009 | lr=1.000e-04 | train_loss=0.360897 | val_loss=0.767258 | val_corr=0.3668
2026-04-22 11:21:10,504 | INFO | epoch=010 | lr=1.000e-04 | train_loss=0.340547 | val_loss=0.746614 | val_corr=0.3532
2026-04-22 12:13:01,083 | INFO | epoch=011 | lr=1.000e-04 | train_loss=0.321721 | val_loss=0.774680 | val_corr=0.3711
2026-04-22 12:13:01,192 | INFO | early_stopping epoch=11 | best_epoch=3 | best_metric=val_loss | best_metric_mode=min | best_metric_value=0.663529
2026-04-22 12:13:01,228 | INFO | training_finished | best_epoch=3 | best_metric=val_loss | best_metric_mode=min | best_metric_value=0.663529
