2026-04-03 14:08:21,626 | INFO | experiment=cnn_transformer_baseline_v3e | device=cuda | amp=True
2026-04-03 14:08:21,627 | INFO | use_cache=True | cache_root=/home/sanggyu1008/project/01_ENSO/01_data/05_cache/cnn_transformer_baseline_v2
2026-04-03 14:08:21,627 | INFO | train pairs=17 | val pairs=1 | test pairs=1
2026-04-03 14:08:21,627 | INFO | train samples=16949 | val samples=913 | test samples=517
2026-04-03 14:08:21,627 | INFO | input_vars=['tos', 'ohc300', 'mlotst', 'sos', 'uos', 'vos', 'uas', 'uasmax', 'vas', 'psl']
2026-04-03 14:08:21,627 | INFO | target_var=nino34
2026-04-03 14:08:21,627 | INFO | input_normalization enabled=True | eps=1e-06
2026-04-03 14:08:21,627 | INFO | run_test_each_epoch=False | run_final_test_after_training=False
2026-04-03 14:08:21,627 | INFO | input_norm_stats mean_shape=(10,) | std_shape=(10,)
2026-04-03 14:08:23,368 | INFO | model=cnn_transformer_baseline | trainable_params=4376792
2026-04-03 14:08:32,978 | INFO | optimizer=AdamW | base_lr=3.000e-05 | warmup_epochs=0 | warmup_start_factor=0.100
2026-04-03 14:20:13,358 | INFO | epoch=001 | lr=3.000e-05 | train_loss=0.800979 | val_loss=0.696643 | val_corr=0.3318
2026-04-03 14:26:49,261 | INFO | experiment=cnn_transformer_baseline_v3e | device=cuda | amp=True
2026-04-03 14:26:49,261 | INFO | use_cache=True | cache_root=/home/sanggyu1008/project/01_ENSO/01_data/05_cache/cnn_transformer_baseline_v2
2026-04-03 14:26:49,261 | INFO | train pairs=17 | val pairs=1 | test pairs=1
2026-04-03 14:26:49,261 | INFO | train samples=16949 | val samples=913 | test samples=517
2026-04-03 14:26:49,261 | INFO | input_vars=['tos', 'ohc300', 'mlotst', 'sos', 'uos', 'vos', 'uas', 'uasmax', 'vas', 'psl']
2026-04-03 14:26:49,261 | INFO | target_var=nino34
2026-04-03 14:26:49,261 | INFO | input_normalization enabled=True | eps=1e-06
2026-04-03 14:26:49,261 | INFO | run_test_each_epoch=False | run_final_test_after_training=False
2026-04-03 14:26:49,261 | INFO | input_norm_stats mean_shape=(10,) | std_shape=(10,)
2026-04-03 14:26:50,707 | INFO | model=cnn_transformer_baseline | trainable_params=4376792
2026-04-03 14:26:53,820 | INFO | optimizer=AdamW | base_lr=3.000e-05 | warmup_epochs=0 | warmup_start_factor=0.100
2026-04-03 14:37:18,689 | INFO | epoch=001 | lr=3.000e-05 | train_loss=0.800979 | val_loss=0.696643 | val_corr=0.3318
2026-04-03 14:47:39,147 | INFO | epoch=002 | lr=3.000e-05 | train_loss=0.644413 | val_loss=0.694990 | val_corr=0.3364
2026-04-03 14:57:58,001 | INFO | epoch=003 | lr=3.000e-05 | train_loss=0.568564 | val_loss=0.805862 | val_corr=0.3240
2026-04-03 15:08:15,713 | INFO | epoch=004 | lr=3.000e-05 | train_loss=0.492783 | val_loss=0.957255 | val_corr=0.3325
2026-04-03 15:18:33,525 | INFO | epoch=005 | lr=3.000e-05 | train_loss=0.423812 | val_loss=1.261967 | val_corr=0.3389
2026-04-03 15:28:51,563 | INFO | epoch=006 | lr=3.000e-05 | train_loss=0.368193 | val_loss=1.084108 | val_corr=0.2981
2026-04-03 15:39:09,836 | INFO | epoch=007 | lr=1.500e-05 | train_loss=0.306164 | val_loss=1.120216 | val_corr=0.2901
2026-04-03 15:49:27,750 | INFO | epoch=008 | lr=1.500e-05 | train_loss=0.283136 | val_loss=1.086769 | val_corr=0.2852
2026-04-03 15:59:45,818 | INFO | epoch=009 | lr=1.500e-05 | train_loss=0.262972 | val_loss=1.062652 | val_corr=0.2829
2026-04-03 16:10:04,095 | INFO | epoch=010 | lr=1.500e-05 | train_loss=0.246909 | val_loss=1.144738 | val_corr=0.2764
2026-04-03 16:10:04,096 | INFO | early_stopping epoch=10 | best_epoch=2 | best_val_loss=0.694990
2026-04-03 16:10:04,097 | INFO | training_finished | best_epoch=2 | best_val_loss=0.694990
