2026-04-02 22:56:07,324 | INFO | experiment=enso_vit_earlyfusion_v1 | device=cuda | amp=True
2026-04-02 22:56:07,325 | INFO | use_cache=True | cache_root=/home/sanggyu1008/project/01_ENSO/01_data/05_cache/enso_vit_earlyfusion_v1
2026-04-02 22:56:07,325 | INFO | train pairs=17 | val pairs=1 | test pairs=1
2026-04-02 22:56:07,325 | INFO | train samples=16949 | val samples=913 | test samples=517
2026-04-02 22:56:07,325 | INFO | input_vars=['tos', 'ohc300', 'mlotst', 'sos', 'uos', 'vos', 'uas', 'uasmax', 'vas']
2026-04-02 22:56:07,325 | INFO | target_var=nino34
2026-04-02 22:56:07,325 | INFO | input_normalization enabled=True | eps=1e-06
2026-04-02 22:56:07,325 | INFO | run_test_each_epoch=False | run_final_test_after_training=False
2026-04-02 22:56:07,325 | INFO | input_norm_stats mean_shape=(9,) | std_shape=(9,)
2026-04-02 22:56:08,791 | INFO | model=enso_vit_earlyfusion_v1 | trainable_params=2080066
2026-04-02 22:56:09,573 | INFO | optimizer=AdamW | base_lr=5.000e-05 | warmup_epochs=0 | warmup_start_factor=0.100
2026-04-02 23:05:18,799 | INFO | experiment=enso_vit_earlyfusion_v1 | device=cuda | amp=True
2026-04-02 23:05:18,800 | INFO | use_cache=True | cache_root=/home/sanggyu1008/project/01_ENSO/01_data/05_cache/enso_vit_earlyfusion_v1
2026-04-02 23:05:18,800 | INFO | train pairs=17 | val pairs=1 | test pairs=1
2026-04-02 23:05:18,800 | INFO | train samples=16949 | val samples=913 | test samples=517
2026-04-02 23:05:18,800 | INFO | input_vars=['tos', 'ohc300', 'mlotst', 'sos', 'uos', 'vos', 'uas', 'uasmax', 'vas', 'psl']
2026-04-02 23:05:18,800 | INFO | target_var=nino34
2026-04-02 23:05:18,800 | INFO | input_normalization enabled=True | eps=1e-06
2026-04-02 23:05:18,800 | INFO | run_test_each_epoch=False | run_final_test_after_training=False
2026-04-02 23:05:18,800 | INFO | input_norm_stats mean_shape=(10,) | std_shape=(10,)
2026-04-02 23:05:20,324 | INFO | model=enso_vit_earlyfusion_v1 | trainable_params=2080258
2026-04-02 23:05:20,927 | INFO | optimizer=AdamW | base_lr=5.000e-05 | warmup_epochs=0 | warmup_start_factor=0.100
2026-04-03 00:12:58,662 | INFO | epoch=001 | lr=5.000e-05 | train_loss=1.153329 | val_loss=1.085562 | val_corr=0.0668
2026-04-03 00:19:55,319 | INFO | epoch=002 | lr=5.000e-05 | train_loss=0.855389 | val_loss=1.175913 | val_corr=0.2688
2026-04-03 00:26:53,346 | INFO | epoch=003 | lr=5.000e-05 | train_loss=0.668653 | val_loss=1.051197 | val_corr=0.2723
2026-04-03 00:33:47,170 | INFO | epoch=004 | lr=5.000e-05 | train_loss=0.597111 | val_loss=1.417573 | val_corr=0.2721
2026-04-03 00:40:38,176 | INFO | epoch=005 | lr=5.000e-05 | train_loss=0.536590 | val_loss=1.080055 | val_corr=0.2567
2026-04-03 00:47:28,429 | INFO | epoch=006 | lr=5.000e-05 | train_loss=0.468483 | val_loss=1.387423 | val_corr=0.2405
2026-04-03 00:54:18,703 | INFO | epoch=007 | lr=5.000e-05 | train_loss=0.405035 | val_loss=1.004456 | val_corr=0.2765
2026-04-03 01:01:10,265 | INFO | epoch=008 | lr=5.000e-05 | train_loss=0.347913 | val_loss=1.118352 | val_corr=0.2442
2026-04-03 01:08:00,698 | INFO | epoch=009 | lr=5.000e-05 | train_loss=0.303296 | val_loss=0.938451 | val_corr=0.2554
2026-04-03 01:14:51,161 | INFO | epoch=010 | lr=5.000e-05 | train_loss=0.268579 | val_loss=0.863987 | val_corr=0.2424
2026-04-03 01:21:41,393 | INFO | epoch=011 | lr=5.000e-05 | train_loss=0.239465 | val_loss=1.133502 | val_corr=0.2190
2026-04-03 01:28:31,447 | INFO | epoch=012 | lr=5.000e-05 | train_loss=0.212620 | val_loss=1.065556 | val_corr=0.2459
2026-04-03 01:35:21,402 | INFO | epoch=013 | lr=5.000e-05 | train_loss=0.194841 | val_loss=0.823779 | val_corr=0.2386
2026-04-03 01:42:11,987 | INFO | epoch=014 | lr=5.000e-05 | train_loss=0.176156 | val_loss=1.007408 | val_corr=0.2002
2026-04-03 01:49:02,307 | INFO | epoch=015 | lr=5.000e-05 | train_loss=0.164492 | val_loss=1.034459 | val_corr=0.2166
2026-04-03 01:55:52,321 | INFO | epoch=016 | lr=5.000e-05 | train_loss=0.153863 | val_loss=0.909553 | val_corr=0.2337
2026-04-03 02:02:42,574 | INFO | epoch=017 | lr=5.000e-05 | train_loss=0.144030 | val_loss=1.027044 | val_corr=0.2142
2026-04-03 02:09:32,618 | INFO | epoch=018 | lr=2.500e-05 | train_loss=0.116617 | val_loss=0.962334 | val_corr=0.2056
2026-04-03 02:16:22,707 | INFO | epoch=019 | lr=2.500e-05 | train_loss=0.109169 | val_loss=0.906300 | val_corr=0.2165
2026-04-03 02:23:12,764 | INFO | epoch=020 | lr=2.500e-05 | train_loss=0.105084 | val_loss=0.915838 | val_corr=0.2105
2026-04-03 02:30:02,654 | INFO | epoch=021 | lr=2.500e-05 | train_loss=0.100674 | val_loss=0.946527 | val_corr=0.2049
2026-04-03 02:30:02,655 | INFO | early_stopping epoch=21 | best_epoch=13 | best_val_loss=0.823779
2026-04-03 02:30:02,688 | INFO | training_finished | best_epoch=13 | best_val_loss=0.823779
